nohup: ignoring input
===================Train Info===========================
  task : 10-1
  step : 1
  Device: cuda
  opts :  Namespace(KD_loss_type='KD_loss', KD_outlogits=False, amp=True, batch_size=12, bn_freeze=True, ckpt=None, contrastive_learning=False, crop_size=513, crop_val=False, curr_itrs=0, curr_step=1, cutmix=False, cutout=False, data_ratio=0.1, data_root='/home/yb/dataset/VOC/PascalVOC12/VOCdevkit/VOC2012', dataset='voc', feature_decoupling=True, freeze=True, gpu_id='0,1', lamb=1.0, loss_type='bce_loss', lr=0.01, lr_policy='poly', mem_size=0, mixup=False, model='deeplabv3_resnet101', num_classes=[1, 1, 10, 1], output_stride=16, overlap=True, print_interval=10, prototype_matching=False, pseudo=True, pseudo_thresh=0.7, random_seed=1, separable_conv=False, step_size=10000, task='10-1', test_only=False, train_epoch=30, unknown=True, use_KD_class_weight=False, use_KD_layer_weight=True, val_batch_size=4, val_interval=200, w_transfer=True, weight_decay=0.0001)
==============================================
... weight transfer
Model restored from checkpoints/limitdata/deeplabv3_resnet101_voc_10-1_step_0_overlap.pth
>>>num_all_file for step-train training: 528
>>>num_LD_file for step-train training: 53
>>>num_file for val: 75
Dataset: voc, Train set: 53, Val set: 75, Test set: 1449
... train epoch : 30 , iterations : 120 , val_interval : 100
Model saved as checkpoints/limitdata/deeplabv3_resnet101_voc_10-1_step_1_overlap.pth
[10-1 / step 1] Epoch 13, Itrs 50/120, Loss=0.629478, CL_loss=0.000000, KD_loss_ret=   nan, Time=854.82 , LR=0.00615638
[10-1 / step 1] Epoch 25, Itrs 100/120, Loss=0.619306, CL_loss=0.000000, KD_loss_ret=   nan, Time=667.49 , LR=0.00199372
validation...

Overall Acc: 0.806739
Mean Acc: 0.112946
FreqW Acc: 0.706716
Mean IoU: 0.100273
Class IoU/Acc:
\background: 0.7918 (miou) , 0.9113 (acc) 
\aeroplane: 0.0000 (miou) , 0.0000 (acc) 
\bicycle: 0.0000 (miou) , 0.0000 (acc) 
\bird: 0.0000 (miou) , 0.0000 (acc) 
\boat: 0.0000 (miou) , 0.0000 (acc) 
\bottle: 0.0000 (miou) , 0.0000 (acc) 
\bus: 0.0000 (miou) , 0.0000 (acc) 
\car: 0.0000 (miou) , 0.0000 (acc) 
\cat: 0.0000 (miou) , 0.0000 (acc) 
\chair: 0.0000 (miou) , 0.0000 (acc) 
\cow: 0.0000 (miou) , 0.0000 (acc) 
\diningtable: 0.4115 (miou) , 0.4441 (acc) 

curr_val_score : 0.4115
... save best ckpt :  0.41145804191380553
Model saved as checkpoints/limitdata/deeplabv3_resnet101_voc_10-1_step_1_overlap.pth
... Training Done
... Testing Best Model

Overall Acc: 0.947132
Mean Acc: 0.873385
FreqW Acc: 0.913046
Mean IoU: 0.704757
Class IoU/Acc:
\background: 0.9410 (miou) , 0.9586 (acc) 
\aeroplane: 0.7961 (miou) , 0.9577 (acc) 
\bicycle: 0.3949 (miou) , 0.8959 (acc) 
\bird: 0.8542 (miou) , 0.9585 (acc) 
\boat: 0.6154 (miou) , 0.9313 (acc) 
\bottle: 0.7215 (miou) , 0.9326 (acc) 
\bus: 0.9091 (miou) , 0.9773 (acc) 
\car: 0.8328 (miou) , 0.9214 (acc) 
\cat: 0.9165 (miou) , 0.9746 (acc) 
\chair: 0.3380 (miou) , 0.5658 (acc) 
\cow: 0.8754 (miou) , 0.9628 (acc) 
\diningtable: 0.2623 (miou) , 0.4441 (acc) 

...from 0 to 10 : best/test_before_mIoU : 0.744977
...from 11 to 11 best/test_after_mIoU : 0.262334
...from 0 to 10 : best/test_before_acc : 0.912412
...from 11 to 11 best/test_after_acc : 0.444084
===================Train Info===========================
  task : 10-1
  step : 2
  Device: cuda
  opts :  Namespace(KD_loss_type='KD_loss', KD_outlogits=False, amp=True, batch_size=12, bn_freeze=True, ckpt='checkpoints/limitdata/deeplabv3_resnet101_voc_10-1_step_0_overlap.pth', contrastive_learning=False, crop_size=513, crop_val=False, curr_itrs=0, curr_step=2, cutmix=False, cutout=False, data_ratio=0.1, data_root='/home/yb/dataset/VOC/PascalVOC12/VOCdevkit/VOC2012', dataset='voc', feature_decoupling=True, freeze=True, gpu_id='0,1', lamb=1.0, loss_type='bce_loss', lr=0.01, lr_policy='poly', mem_size=0, mixup=False, model='deeplabv3_resnet101', num_classes=[1, 1, 10, 1, 1], output_stride=16, overlap=True, print_interval=10, prototype_matching=False, pseudo=True, pseudo_thresh=0.7, random_seed=1, separable_conv=False, step_size=10000, task='10-1', test_only=False, train_epoch=30, unknown=True, use_KD_class_weight=False, use_KD_layer_weight=True, val_batch_size=1, val_interval=200, w_transfer=True, weight_decay=0.0001)
==============================================
... weight transfer
Model restored from checkpoints/limitdata/deeplabv3_resnet101_voc_10-1_step_1_overlap.pth
>>>num_all_file for step-train training: 1177
>>>num_LD_file for step-train training: 118
>>>num_file for val: 128
Dataset: voc, Train set: 118, Val set: 128, Test set: 1449
... train epoch : 30 , iterations : 270 , val_interval : 100
Model saved as checkpoints/limitdata/deeplabv3_resnet101_voc_10-1_step_2_overlap.pth
[10-1 / step 2] Epoch 6, Itrs 50/270, Loss=0.566559, CL_loss=0.000000, KD_loss_ret=   nan, Time=687.90 , LR=0.00831674
[10-1 / step 2] Epoch 12, Itrs 100/270, Loss=0.601973, CL_loss=0.000000, KD_loss_ret=   nan, Time=1548.38 , LR=0.00659442
validation...

Overall Acc: 0.914385
Mean Acc: 0.140643
FreqW Acc: 0.880798
Mean IoU: 0.132053
Class IoU/Acc:
\background: 0.9005 (miou) , 0.9146 (acc) 
\aeroplane: 0.0000 (miou) , 0.0000 (acc) 
\bicycle: 0.0000 (miou) , 0.0000 (acc) 
\bird: 0.0000 (miou) , 0.0000 (acc) 
\boat: 0.0000 (miou) , 0.0000 (acc) 
\bottle: 0.0000 (miou) , 0.0000 (acc) 
\bus: 0.0000 (miou) , 0.0000 (acc) 
\car: 0.0000 (miou) , 0.0000 (acc) 
\cat: 0.0000 (miou) , 0.0000 (acc) 
\chair: 0.0000 (miou) , 0.0000 (acc) 
\cow: 0.0000 (miou) , 0.0000 (acc) 
\diningtable: 0.0000 (miou) , 0.0000 (acc) 
\dog: 0.8162 (miou) , 0.9138 (acc) 

curr_val_score : 0.8162
... save best ckpt :  0.8162099691038862
Model saved as checkpoints/limitdata/deeplabv3_resnet101_voc_10-1_step_2_overlap.pth
[10-1 / step 2] Epoch 17, Itrs 150/270, Loss=0.362650, CL_loss=0.000000, KD_loss_ret=   nan, Time=691.99 , LR=0.00481987
[10-1 / step 2] Epoch 23, Itrs 200/270, Loss=0.445900, CL_loss=0.000000, KD_loss_ret=   nan, Time=960.26 , LR=0.00296730
validation...

Overall Acc: 0.918643
Mean Acc: 0.140914
FreqW Acc: 0.886160
Mean IoU: 0.132855
Class IoU/Acc:
\background: 0.9060 (miou) , 0.9210 (acc) 
\aeroplane: 0.0000 (miou) , 0.0000 (acc) 
\bicycle: 0.0000 (miou) , 0.0000 (acc) 
\bird: 0.0000 (miou) , 0.0000 (acc) 
\boat: 0.0000 (miou) , 0.0000 (acc) 
\bottle: 0.0000 (miou) , 0.0000 (acc) 
\bus: 0.0000 (miou) , 0.0000 (acc) 
\car: 0.0000 (miou) , 0.0000 (acc) 
\cat: 0.0000 (miou) , 0.0000 (acc) 
\chair: 0.0000 (miou) , 0.0000 (acc) 
\cow: 0.0000 (miou) , 0.0000 (acc) 
\diningtable: 0.0000 (miou) , 0.0000 (acc) 
\dog: 0.8212 (miou) , 0.9109 (acc) 

curr_val_score : 0.8212
... save best ckpt :  0.82115584174872
Model saved as checkpoints/limitdata/deeplabv3_resnet101_voc_10-1_step_2_overlap.pth
[10-1 / step 2] Epoch 28, Itrs 250/270, Loss=0.403420, CL_loss=0.000000, KD_loss_ret=   nan, Time=654.58 , LR=0.00096095
... Training Done
... Testing Best Model

Overall Acc: 0.941706
Mean Acc: 0.860662
FreqW Acc: 0.902304
Mean IoU: 0.695820
Class IoU/Acc:
\background: 0.9365 (miou) , 0.9562 (acc) 
\aeroplane: 0.7995 (miou) , 0.9561 (acc) 
\bicycle: 0.3973 (miou) , 0.8798 (acc) 
\bird: 0.8563 (miou) , 0.9574 (acc) 
\boat: 0.6175 (miou) , 0.9294 (acc) 
\bottle: 0.7219 (miou) , 0.9333 (acc) 
\bus: 0.9093 (miou) , 0.9794 (acc) 
\car: 0.8359 (miou) , 0.9250 (acc) 
\cat: 0.8897 (miou) , 0.9583 (acc) 
\chair: 0.3288 (miou) , 0.5399 (acc) 
\cow: 0.8295 (miou) , 0.9082 (acc) 
\diningtable: 0.2388 (miou) , 0.3549 (acc) 
\dog: 0.6847 (miou) , 0.9109 (acc) 

...from 0 to 10 : best/test_before_mIoU : 0.738379
...from 11 to 12 best/test_after_mIoU : 0.461742
...from 0 to 10 : best/test_before_acc : 0.902076
...from 11 to 12 best/test_after_acc : 0.632885
===================Train Info===========================
  task : 10-1
  step : 3
  Device: cuda
  opts :  Namespace(KD_loss_type='KD_loss', KD_outlogits=False, amp=True, batch_size=12, bn_freeze=True, ckpt='checkpoints/limitdata/deeplabv3_resnet101_voc_10-1_step_1_overlap.pth', contrastive_learning=False, crop_size=513, crop_val=False, curr_itrs=0, curr_step=3, cutmix=False, cutout=False, data_ratio=0.1, data_root='/home/yb/dataset/VOC/PascalVOC12/VOCdevkit/VOC2012', dataset='voc', feature_decoupling=True, freeze=True, gpu_id='0,1', lamb=1.0, loss_type='bce_loss', lr=0.01, lr_policy='poly', mem_size=0, mixup=False, model='deeplabv3_resnet101', num_classes=[1, 1, 10, 1, 1, 1], output_stride=16, overlap=True, print_interval=10, prototype_matching=False, pseudo=True, pseudo_thresh=0.7, random_seed=1, separable_conv=False, step_size=10000, task='10-1', test_only=False, train_epoch=30, unknown=True, use_KD_class_weight=False, use_KD_layer_weight=True, val_batch_size=1, val_interval=200, w_transfer=True, weight_decay=0.0001)
==============================================
... weight transfer
Model restored from checkpoints/limitdata/deeplabv3_resnet101_voc_10-1_step_2_overlap.pth
>>>num_all_file for step-train training: 444
>>>num_LD_file for step-train training: 44
>>>num_file for val: 79
Dataset: voc, Train set: 44, Val set: 79, Test set: 1449
... train epoch : 30 , iterations : 90 , val_interval : 100
Model saved as checkpoints/limitdata/deeplabv3_resnet101_voc_10-1_step_3_overlap.pth
[10-1 / step 3] Epoch 17, Itrs 50/90, Loss=0.851086, CL_loss=0.000000, KD_loss_ret=   nan, Time=890.35 , LR=0.00481987
... Training Done
... Testing Best Model

Overall Acc: 0.930239
Mean Acc: 0.799186
FreqW Acc: 0.885134
Mean IoU: 0.628622
Class IoU/Acc:
\background: 0.9348 (miou) , 0.9562 (acc) 
\aeroplane: 0.7995 (miou) , 0.9561 (acc) 
\bicycle: 0.3973 (miou) , 0.8798 (acc) 
\bird: 0.8559 (miou) , 0.9574 (acc) 
\boat: 0.6175 (miou) , 0.9294 (acc) 
\bottle: 0.7219 (miou) , 0.9333 (acc) 
\bus: 0.9093 (miou) , 0.9794 (acc) 
\car: 0.8359 (miou) , 0.9250 (acc) 
\cat: 0.8897 (miou) , 0.9583 (acc) 
\chair: 0.3288 (miou) , 0.5399 (acc) 
\cow: 0.7381 (miou) , 0.9082 (acc) 
\diningtable: 0.2388 (miou) , 0.3549 (acc) 
\dog: 0.5331 (miou) , 0.9109 (acc) 
\horse: 0.0000 (miou) , 0.0000 (acc) 

...from 0 to 10 : best/test_before_mIoU : 0.729887
...from 11 to 13 best/test_after_mIoU : 0.257314
...from 0 to 10 : best/test_before_acc : 0.902076
...from 11 to 13 best/test_after_acc : 0.421924
===================Train Info===========================
  task : 10-1
  step : 4
  Device: cuda
  opts :  Namespace(KD_loss_type='KD_loss', KD_outlogits=False, amp=True, batch_size=12, bn_freeze=True, ckpt='checkpoints/limitdata/deeplabv3_resnet101_voc_10-1_step_2_overlap.pth', contrastive_learning=False, crop_size=513, crop_val=False, curr_itrs=0, curr_step=4, cutmix=False, cutout=False, data_ratio=0.1, data_root='/home/yb/dataset/VOC/PascalVOC12/VOCdevkit/VOC2012', dataset='voc', feature_decoupling=True, freeze=True, gpu_id='0,1', lamb=1.0, loss_type='bce_loss', lr=0.01, lr_policy='poly', mem_size=0, mixup=False, model='deeplabv3_resnet101', num_classes=[1, 1, 10, 1, 1, 1, 1], output_stride=16, overlap=True, print_interval=10, prototype_matching=False, pseudo=True, pseudo_thresh=0.7, random_seed=1, separable_conv=False, step_size=10000, task='10-1', test_only=False, train_epoch=30, unknown=True, use_KD_class_weight=False, use_KD_layer_weight=True, val_batch_size=1, val_interval=200, w_transfer=True, weight_decay=0.0001)
==============================================
... weight transfer
Model restored from checkpoints/limitdata/deeplabv3_resnet101_voc_10-1_step_3_overlap.pth
>>>num_all_file for step-train training: 482
>>>num_LD_file for step-train training: 48
>>>num_file for val: 76
Dataset: voc, Train set: 48, Val set: 76, Test set: 1449
... train epoch : 30 , iterations : 120 , val_interval : 100
Model saved as checkpoints/limitdata/deeplabv3_resnet101_voc_10-1_step_4_overlap.pth
[10-1 / step 4] Epoch 13, Itrs 50/120, Loss=0.785659, CL_loss=0.000000, KD_loss_ret=   nan, Time=969.42 , LR=0.00615638
[10-1 / step 4] Epoch 25, Itrs 100/120, Loss=0.714147, CL_loss=0.000000, KD_loss_ret=   nan, Time=781.63 , LR=0.00199372
validation...

Overall Acc: 0.873152
Mean Acc: 0.109887
FreqW Acc: 0.854896
Mean IoU: 0.105422
Class IoU/Acc:
\background: 0.8989 (miou) , 0.9067 (acc) 
\aeroplane: 0.0000 (miou) , 0.0000 (acc) 
\bicycle: 0.0000 (miou) , 0.0000 (acc) 
\bird: 0.0000 (miou) , 0.0000 (acc) 
\boat: 0.0000 (miou) , 0.0000 (acc) 
\bottle: 0.0000 (miou) , 0.0000 (acc) 
\bus: 0.0000 (miou) , 0.0000 (acc) 
\car: 0.0000 (miou) , 0.0000 (acc) 
\cat: 0.0000 (miou) , 0.0000 (acc) 
\chair: 0.0000 (miou) , 0.0000 (acc) 
\cow: 0.0000 (miou) , 0.0000 (acc) 
\diningtable: 0.0000 (miou) , 0.0000 (acc) 
\dog: 0.0000 (miou) , 0.0000 (acc) 
\horse: 0.0000 (miou) , 0.0000 (acc) 
\motorbike: 0.6825 (miou) , 0.7416 (acc) 

curr_val_score : 0.6825
... save best ckpt :  0.6824803097094845
Model saved as checkpoints/limitdata/deeplabv3_resnet101_voc_10-1_step_4_overlap.pth
... Training Done
... Testing Best Model

Overall Acc: 0.924572
Mean Acc: 0.791279
FreqW Acc: 0.878590
Mean IoU: 0.626607
Class IoU/Acc:
\background: 0.9308 (miou) , 0.9527 (acc) 
\aeroplane: 0.7990 (miou) , 0.9565 (acc) 
\bicycle: 0.3874 (miou) , 0.8408 (acc) 
\bird: 0.8584 (miou) , 0.9535 (acc) 
\boat: 0.6214 (miou) , 0.9265 (acc) 
\bottle: 0.7218 (miou) , 0.9305 (acc) 
\bus: 0.9102 (miou) , 0.9787 (acc) 
\car: 0.8208 (miou) , 0.9228 (acc) 
\cat: 0.8910 (miou) , 0.9564 (acc) 
\chair: 0.3283 (miou) , 0.5390 (acc) 
\cow: 0.7411 (miou) , 0.9074 (acc) 
\diningtable: 0.2516 (miou) , 0.3624 (acc) 
\dog: 0.5355 (miou) , 0.8937 (acc) 
\horse: 0.0048 (miou) , 0.0068 (acc) 
\motorbike: 0.5970 (miou) , 0.7416 (acc) 

...from 0 to 10 : best/test_before_mIoU : 0.728195
...from 11 to 14 best/test_after_mIoU : 0.347240
...from 0 to 10 : best/test_before_acc : 0.896794
...from 11 to 14 best/test_after_acc : 0.501114
===================Train Info===========================
  task : 10-1
  step : 5
  Device: cuda
  opts :  Namespace(KD_loss_type='KD_loss', KD_outlogits=False, amp=True, batch_size=12, bn_freeze=True, ckpt='checkpoints/limitdata/deeplabv3_resnet101_voc_10-1_step_3_overlap.pth', contrastive_learning=False, crop_size=513, crop_val=False, curr_itrs=0, curr_step=5, cutmix=False, cutout=False, data_ratio=0.1, data_root='/home/yb/dataset/VOC/PascalVOC12/VOCdevkit/VOC2012', dataset='voc', feature_decoupling=True, freeze=True, gpu_id='0,1', lamb=1.0, loss_type='bce_loss', lr=0.01, lr_policy='poly', mem_size=0, mixup=False, model='deeplabv3_resnet101', num_classes=[1, 1, 10, 1, 1, 1, 1, 1], output_stride=16, overlap=True, print_interval=10, prototype_matching=False, pseudo=True, pseudo_thresh=0.7, random_seed=1, separable_conv=False, step_size=10000, task='10-1', test_only=False, train_epoch=30, unknown=True, use_KD_class_weight=False, use_KD_layer_weight=True, val_batch_size=1, val_interval=200, w_transfer=True, weight_decay=0.0001)
==============================================
... weight transfer
Model restored from checkpoints/limitdata/deeplabv3_resnet101_voc_10-1_step_4_overlap.pth
>>>num_all_file for step-train training: 3898
>>>num_LD_file for step-train training: 390
>>>num_file for val: 446
Dataset: voc, Train set: 390, Val set: 446, Test set: 1449
... train epoch : 30 , iterations : 960 , val_interval : 100
Model saved as checkpoints/limitdata/deeplabv3_resnet101_voc_10-1_step_5_overlap.pth
[10-1 / step 5] Epoch 2, Itrs 50/960, Loss=1.112498, CL_loss=0.000000, KD_loss_ret=   nan, Time=603.66 , LR=0.00953001
[10-1 / step 5] Epoch 4, Itrs 100/960, Loss=1.160421, CL_loss=0.000000, KD_loss_ret=   nan, Time=768.39 , LR=0.00905742
validation...

Overall Acc: 0.779384
Mean Acc: 0.096421
FreqW Acc: 0.765278
Mean IoU: 0.093438
Class IoU/Acc:
\background: 0.7749 (miou) , 0.7837 (acc) 
\aeroplane: 0.0000 (miou) , 0.0000 (acc) 
\bicycle: 0.0000 (miou) , 0.0000 (acc) 
\bird: 0.0000 (miou) , 0.0000 (acc) 
\boat: 0.0000 (miou) , 0.0000 (acc) 
\bottle: 0.0000 (miou) , 0.0000 (acc) 
\bus: 0.0000 (miou) , 0.0000 (acc) 
\car: 0.0000 (miou) , 0.0000 (acc) 
\cat: 0.0000 (miou) , 0.0000 (acc) 
\chair: 0.0000 (miou) , 0.0000 (acc) 
\cow: 0.0000 (miou) , 0.0000 (acc) 
\diningtable: 0.0000 (miou) , 0.0000 (acc) 
\dog: 0.0000 (miou) , 0.0000 (acc) 
\horse: 0.0000 (miou) , 0.0000 (acc) 
\motorbike: 0.0000 (miou) , 0.0000 (acc) 
\person: 0.7201 (miou) , 0.7590 (acc) 

curr_val_score : 0.7201
... save best ckpt :  0.7201116407573775
Model saved as checkpoints/limitdata/deeplabv3_resnet101_voc_10-1_step_5_overlap.pth
[10-1 / step 5] Epoch 5, Itrs 150/960, Loss=1.024282, CL_loss=0.000000, KD_loss_ret=   nan, Time=589.87 , LR=0.00858208
[10-1 / step 5] Epoch 7, Itrs 200/960, Loss=0.949104, CL_loss=0.000000, KD_loss_ret=   nan, Time=655.22 , LR=0.00810379
validation...

Overall Acc: 0.776364
Mean Acc: 0.093973
FreqW Acc: 0.764017
Mean IoU: 0.091687
Class IoU/Acc:
\background: 0.7805 (miou) , 0.7897 (acc) 
\aeroplane: 0.0000 (miou) , 0.0000 (acc) 
\bicycle: 0.0000 (miou) , 0.0000 (acc) 
\bird: 0.0000 (miou) , 0.0000 (acc) 
\boat: 0.0000 (miou) , 0.0000 (acc) 
\bottle: 0.0000 (miou) , 0.0000 (acc) 
\bus: 0.0000 (miou) , 0.0000 (acc) 
\car: 0.0000 (miou) , 0.0000 (acc) 
\cat: 0.0000 (miou) , 0.0000 (acc) 
\chair: 0.0000 (miou) , 0.0000 (acc) 
\cow: 0.0000 (miou) , 0.0000 (acc) 
\diningtable: 0.0000 (miou) , 0.0000 (acc) 
\dog: 0.0000 (miou) , 0.0000 (acc) 
\horse: 0.0000 (miou) , 0.0000 (acc) 
\motorbike: 0.0000 (miou) , 0.0000 (acc) 
\person: 0.6865 (miou) , 0.7139 (acc) 

curr_val_score : 0.6865
[10-1 / step 5] Epoch 8, Itrs 250/960, Loss=1.036543, CL_loss=0.000000, KD_loss_ret=   nan, Time=582.55 , LR=0.00762234
[10-1 / step 5] Epoch 10, Itrs 300/960, Loss=1.024461, CL_loss=0.000000, KD_loss_ret=   nan, Time=623.10 , LR=0.00713749
validation...

Overall Acc: 0.778464
Mean Acc: 0.095511
FreqW Acc: 0.765530
Mean IoU: 0.092918
Class IoU/Acc:
\background: 0.7775 (miou) , 0.7862 (acc) 
\aeroplane: 0.0000 (miou) , 0.0000 (acc) 
\bicycle: 0.0000 (miou) , 0.0000 (acc) 
\bird: 0.0000 (miou) , 0.0000 (acc) 
\boat: 0.0000 (miou) , 0.0000 (acc) 
\bottle: 0.0000 (miou) , 0.0000 (acc) 
\bus: 0.0000 (miou) , 0.0000 (acc) 
\car: 0.0000 (miou) , 0.0000 (acc) 
\cat: 0.0000 (miou) , 0.0000 (acc) 
\chair: 0.0000 (miou) , 0.0000 (acc) 
\cow: 0.0000 (miou) , 0.0000 (acc) 
\diningtable: 0.0000 (miou) , 0.0000 (acc) 
\dog: 0.0000 (miou) , 0.0000 (acc) 
\horse: 0.0000 (miou) , 0.0000 (acc) 
\motorbike: 0.0000 (miou) , 0.0000 (acc) 
\person: 0.7092 (miou) , 0.7419 (acc) 

curr_val_score : 0.7092
[10-1 / step 5] Epoch 11, Itrs 350/960, Loss=1.052723, CL_loss=0.000000, KD_loss_ret=   nan, Time=586.40 , LR=0.00664895
[10-1 / step 5] Epoch 13, Itrs 400/960, Loss=1.204547, CL_loss=0.000000, KD_loss_ret=   nan, Time=637.94 , LR=0.00615638
validation...

Overall Acc: 0.774720
Mean Acc: 0.092803
FreqW Acc: 0.762731
Mean IoU: 0.090715
Class IoU/Acc:
\background: 0.7828 (miou) , 0.7922 (acc) 
\aeroplane: 0.0000 (miou) , 0.0000 (acc) 
\bicycle: 0.0000 (miou) , 0.0000 (acc) 
\bird: 0.0000 (miou) , 0.0000 (acc) 
\boat: 0.0000 (miou) , 0.0000 (acc) 
\bottle: 0.0000 (miou) , 0.0000 (acc) 
\bus: 0.0000 (miou) , 0.0000 (acc) 
\car: 0.0000 (miou) , 0.0000 (acc) 
\cat: 0.0000 (miou) , 0.0000 (acc) 
\chair: 0.0000 (miou) , 0.0000 (acc) 
\cow: 0.0000 (miou) , 0.0000 (acc) 
\diningtable: 0.0000 (miou) , 0.0000 (acc) 
\dog: 0.0000 (miou) , 0.0000 (acc) 
\horse: 0.0000 (miou) , 0.0000 (acc) 
\motorbike: 0.0000 (miou) , 0.0000 (acc) 
\person: 0.6687 (miou) , 0.6927 (acc) 

curr_val_score : 0.6687
[10-1 / step 5] Epoch 15, Itrs 450/960, Loss=0.945242, CL_loss=0.000000, KD_loss_ret=   nan, Time=974.81 , LR=0.00565938
[10-1 / step 5] Epoch 16, Itrs 500/960, Loss=1.056010, CL_loss=0.000000, KD_loss_ret=   nan, Time=589.21 , LR=0.00515748
validation...

Overall Acc: 0.782953
Mean Acc: 0.095910
FreqW Acc: 0.769346
Mean IoU: 0.093165
Class IoU/Acc:
\background: 0.7823 (miou) , 0.7914 (acc) 
\aeroplane: 0.0000 (miou) , 0.0000 (acc) 
\bicycle: 0.0000 (miou) , 0.0000 (acc) 
\bird: 0.0000 (miou) , 0.0000 (acc) 
\boat: 0.0000 (miou) , 0.0000 (acc) 
\bottle: 0.0000 (miou) , 0.0000 (acc) 
\bus: 0.0000 (miou) , 0.0000 (acc) 
\car: 0.0000 (miou) , 0.0000 (acc) 
\cat: 0.0000 (miou) , 0.0000 (acc) 
\chair: 0.0000 (miou) , 0.0000 (acc) 
\cow: 0.0000 (miou) , 0.0000 (acc) 
\diningtable: 0.0000 (miou) , 0.0000 (acc) 
\dog: 0.0000 (miou) , 0.0000 (acc) 
\horse: 0.0000 (miou) , 0.0000 (acc) 
\motorbike: 0.0000 (miou) , 0.0000 (acc) 
\person: 0.7083 (miou) , 0.7431 (acc) 

curr_val_score : 0.7083
[10-1 / step 5] Epoch 18, Itrs 550/960, Loss=1.036182, CL_loss=0.000000, KD_loss_ret=   nan, Time=695.61 , LR=0.00465009
[10-1 / step 5] Epoch 19, Itrs 600/960, Loss=1.036992, CL_loss=0.000000, KD_loss_ret=   nan, Time=581.36 , LR=0.00413645
validation...

Overall Acc: 0.783624
Mean Acc: 0.095792
FreqW Acc: 0.770206
Mean IoU: 0.093106
Class IoU/Acc:
\background: 0.7839 (miou) , 0.7930 (acc) 
\aeroplane: 0.0000 (miou) , 0.0000 (acc) 
\bicycle: 0.0000 (miou) , 0.0000 (acc) 
\bird: 0.0000 (miou) , 0.0000 (acc) 
\boat: 0.0000 (miou) , 0.0000 (acc) 
\bottle: 0.0000 (miou) , 0.0000 (acc) 
\bus: 0.0000 (miou) , 0.0000 (acc) 
\car: 0.0000 (miou) , 0.0000 (acc) 
\cat: 0.0000 (miou) , 0.0000 (acc) 
\chair: 0.0000 (miou) , 0.0000 (acc) 
\cow: 0.0000 (miou) , 0.0000 (acc) 
\diningtable: 0.0000 (miou) , 0.0000 (acc) 
\dog: 0.0000 (miou) , 0.0000 (acc) 
\horse: 0.0000 (miou) , 0.0000 (acc) 
\motorbike: 0.0000 (miou) , 0.0000 (acc) 
\person: 0.7058 (miou) , 0.7397 (acc) 

curr_val_score : 0.7058
[10-1 / step 5] Epoch 21, Itrs 650/960, Loss=1.037776, CL_loss=0.000000, KD_loss_ret=   nan, Time=633.52 , LR=0.00361561
[10-1 / step 5] Epoch 22, Itrs 700/960, Loss=1.064851, CL_loss=0.000000, KD_loss_ret=   nan, Time=571.77 , LR=0.00308626
validation...

Overall Acc: 0.773981
Mean Acc: 0.092570
FreqW Acc: 0.762003
Mean IoU: 0.090430
Class IoU/Acc:
\background: 0.7829 (miou) , 0.7921 (acc) 
\aeroplane: 0.0000 (miou) , 0.0000 (acc) 
\bicycle: 0.0000 (miou) , 0.0000 (acc) 
\bird: 0.0000 (miou) , 0.0000 (acc) 
\boat: 0.0000 (miou) , 0.0000 (acc) 
\bottle: 0.0000 (miou) , 0.0000 (acc) 
\bus: 0.0000 (miou) , 0.0000 (acc) 
\car: 0.0000 (miou) , 0.0000 (acc) 
\cat: 0.0000 (miou) , 0.0000 (acc) 
\chair: 0.0000 (miou) , 0.0000 (acc) 
\cow: 0.0000 (miou) , 0.0000 (acc) 
\diningtable: 0.0000 (miou) , 0.0000 (acc) 
\dog: 0.0000 (miou) , 0.0000 (acc) 
\horse: 0.0000 (miou) , 0.0000 (acc) 
\motorbike: 0.0000 (miou) , 0.0000 (acc) 
\person: 0.6640 (miou) , 0.6891 (acc) 

curr_val_score : 0.6640
[10-1 / step 5] Epoch 24, Itrs 750/960, Loss=1.047243, CL_loss=0.000000, KD_loss_ret=   nan, Time=637.36 , LR=0.00254656
[10-1 / step 5] Epoch 25, Itrs 800/960, Loss=1.033417, CL_loss=0.000000, KD_loss_ret=   nan, Time=573.84 , LR=0.00199372
validation...

Overall Acc: 0.779444
Mean Acc: 0.094323
FreqW Acc: 0.766686
Mean IoU: 0.091904
Class IoU/Acc:
\background: 0.7837 (miou) , 0.7929 (acc) 
\aeroplane: 0.0000 (miou) , 0.0000 (acc) 
\bicycle: 0.0000 (miou) , 0.0000 (acc) 
\bird: 0.0000 (miou) , 0.0000 (acc) 
\boat: 0.0000 (miou) , 0.0000 (acc) 
\bottle: 0.0000 (miou) , 0.0000 (acc) 
\bus: 0.0000 (miou) , 0.0000 (acc) 
\car: 0.0000 (miou) , 0.0000 (acc) 
\cat: 0.0000 (miou) , 0.0000 (acc) 
\chair: 0.0000 (miou) , 0.0000 (acc) 
\cow: 0.0000 (miou) , 0.0000 (acc) 
\diningtable: 0.0000 (miou) , 0.0000 (acc) 
\dog: 0.0000 (miou) , 0.0000 (acc) 
\horse: 0.0000 (miou) , 0.0000 (acc) 
\motorbike: 0.0000 (miou) , 0.0000 (acc) 
\person: 0.6868 (miou) , 0.7163 (acc) 

curr_val_score : 0.6868
[10-1 / step 5] Epoch 27, Itrs 850/960, Loss=1.040962, CL_loss=0.000000, KD_loss_ret=   nan, Time=603.11 , LR=0.00142301
[10-1 / step 5] Epoch 29, Itrs 900/960, Loss=0.965314, CL_loss=0.000000, KD_loss_ret=   nan, Time=783.32 , LR=0.00082469
validation...

Overall Acc: 0.781725
Mean Acc: 0.095444
FreqW Acc: 0.768544
Mean IoU: 0.092828
Class IoU/Acc:
\background: 0.7826 (miou) , 0.7916 (acc) 
\aeroplane: 0.0000 (miou) , 0.0000 (acc) 
\bicycle: 0.0000 (miou) , 0.0000 (acc) 
\bird: 0.0000 (miou) , 0.0000 (acc) 
\boat: 0.0000 (miou) , 0.0000 (acc) 
\bottle: 0.0000 (miou) , 0.0000 (acc) 
\bus: 0.0000 (miou) , 0.0000 (acc) 
\car: 0.0000 (miou) , 0.0000 (acc) 
\cat: 0.0000 (miou) , 0.0000 (acc) 
\chair: 0.0000 (miou) , 0.0000 (acc) 
\cow: 0.0000 (miou) , 0.0000 (acc) 
\diningtable: 0.0000 (miou) , 0.0000 (acc) 
\dog: 0.0000 (miou) , 0.0000 (acc) 
\horse: 0.0000 (miou) , 0.0000 (acc) 
\motorbike: 0.0000 (miou) , 0.0000 (acc) 
\person: 0.7027 (miou) , 0.7356 (acc) 

curr_val_score : 0.7027
[10-1 / step 5] Epoch 30, Itrs 950/960, Loss=1.062008, CL_loss=0.000000, KD_loss_ret=   nan, Time=594.98 , LR=0.00016442
... Training Done
... Testing Best Model

Overall Acc: 0.898315
Mean Acc: 0.797180
FreqW Acc: 0.851515
Mean IoU: 0.625802
Class IoU/Acc:
\background: 0.9093 (miou) , 0.9282 (acc) 
\aeroplane: 0.7992 (miou) , 0.9549 (acc) 
\bicycle: 0.3809 (miou) , 0.8399 (acc) 
\bird: 0.8554 (miou) , 0.9560 (acc) 
\boat: 0.6142 (miou) , 0.9237 (acc) 
\bottle: 0.7146 (miou) , 0.9292 (acc) 
\bus: 0.9078 (miou) , 0.9791 (acc) 
\car: 0.8155 (miou) , 0.9235 (acc) 
\cat: 0.8891 (miou) , 0.9584 (acc) 
\chair: 0.3262 (miou) , 0.5611 (acc) 
\cow: 0.7258 (miou) , 0.9072 (acc) 
\diningtable: 0.2549 (miou) , 0.4336 (acc) 
\dog: 0.5068 (miou) , 0.9088 (acc) 
\horse: 0.0154 (miou) , 0.0502 (acc) 
\motorbike: 0.5863 (miou) , 0.7420 (acc) 
\person: 0.7113 (miou) , 0.7590 (acc) 

...from 0 to 10 : best/test_before_mIoU : 0.721653
...from 11 to 15 best/test_after_mIoU : 0.414928
...from 0 to 10 : best/test_before_acc : 0.896475
...from 11 to 15 best/test_after_acc : 0.578731
===================Train Info===========================
  task : 10-1
  step : 6
  Device: cuda
  opts :  Namespace(KD_loss_type='KD_loss', KD_outlogits=False, amp=True, batch_size=12, bn_freeze=True, ckpt='checkpoints/limitdata/deeplabv3_resnet101_voc_10-1_step_4_overlap.pth', contrastive_learning=False, crop_size=513, crop_val=False, curr_itrs=0, curr_step=6, cutmix=False, cutout=False, data_ratio=0.1, data_root='/home/yb/dataset/VOC/PascalVOC12/VOCdevkit/VOC2012', dataset='voc', feature_decoupling=True, freeze=True, gpu_id='0,1', lamb=1.0, loss_type='bce_loss', lr=0.01, lr_policy='poly', mem_size=0, mixup=False, model='deeplabv3_resnet101', num_classes=[1, 1, 10, 1, 1, 1, 1, 1, 1], output_stride=16, overlap=True, print_interval=10, prototype_matching=False, pseudo=True, pseudo_thresh=0.7, random_seed=1, separable_conv=False, step_size=10000, task='10-1', test_only=False, train_epoch=30, unknown=True, use_KD_class_weight=False, use_KD_layer_weight=True, val_batch_size=1, val_interval=200, w_transfer=True, weight_decay=0.0001)
==============================================
... weight transfer
Model restored from checkpoints/limitdata/deeplabv3_resnet101_voc_10-1_step_5_overlap.pth
>>>num_all_file for step-train training: 487
>>>num_LD_file for step-train training: 49
>>>num_file for val: 85
Dataset: voc, Train set: 49, Val set: 85, Test set: 1449
... train epoch : 30 , iterations : 120 , val_interval : 100
Model saved as checkpoints/limitdata/deeplabv3_resnet101_voc_10-1_step_6_overlap.pth
[10-1 / step 6] Epoch 13, Itrs 50/120, Loss=0.863659, CL_loss=0.000000, KD_loss_ret=   nan, Time=1040.61 , LR=0.00615638
[10-1 / step 6] Epoch 25, Itrs 100/120, Loss=1.155260, CL_loss=0.000000, KD_loss_ret=   nan, Time=743.92 , LR=0.00199372
validation...

Overall Acc: 0.740579
Mean Acc: 0.049614
FreqW Acc: 0.704021
Mean IoU: 0.047247
Class IoU/Acc:
\background: 0.7687 (miou) , 0.8088 (acc) 
\aeroplane: 0.0000 (miou) , 0.0000 (acc) 
\bicycle: 0.0000 (miou) , 0.0000 (acc) 
\bird: 0.0000 (miou) , 0.0000 (acc) 
\boat: 0.0000 (miou) , 0.0000 (acc) 
\bottle: 0.0000 (miou) , 0.0000 (acc) 
\bus: 0.0000 (miou) , 0.0000 (acc) 
\car: 0.0000 (miou) , 0.0000 (acc) 
\cat: 0.0000 (miou) , 0.0000 (acc) 
\chair: 0.0000 (miou) , 0.0000 (acc) 
\cow: 0.0000 (miou) , 0.0000 (acc) 
\diningtable: 0.0000 (miou) , 0.0000 (acc) 
\dog: 0.0000 (miou) , 0.0000 (acc) 
\horse: 0.0000 (miou) , 0.0000 (acc) 
\motorbike: 0.0000 (miou) , 0.0000 (acc) 
\person: 0.0000 (miou) , 0.0000 (acc) 
\pottedplant: 0.0345 (miou) , 0.0346 (acc) 

curr_val_score : 0.0345
... save best ckpt :  0.034456992839836845
Model saved as checkpoints/limitdata/deeplabv3_resnet101_voc_10-1_step_6_overlap.pth
... Training Done
... Testing Best Model

Overall Acc: 0.893300
Mean Acc: 0.750008
FreqW Acc: 0.843628
Mean IoU: 0.590225
Class IoU/Acc:
\background: 0.9048 (miou) , 0.9281 (acc) 
\aeroplane: 0.8016 (miou) , 0.9537 (acc) 
\bicycle: 0.3819 (miou) , 0.8347 (acc) 
\bird: 0.8553 (miou) , 0.9544 (acc) 
\boat: 0.6176 (miou) , 0.9205 (acc) 
\bottle: 0.7149 (miou) , 0.9288 (acc) 
\bus: 0.9090 (miou) , 0.9770 (acc) 
\car: 0.8169 (miou) , 0.9211 (acc) 
\cat: 0.8891 (miou) , 0.9583 (acc) 
\chair: 0.3227 (miou) , 0.5463 (acc) 
\cow: 0.7293 (miou) , 0.9061 (acc) 
\diningtable: 0.2402 (miou) , 0.4357 (acc) 
\dog: 0.5099 (miou) , 0.9068 (acc) 
\horse: 0.0137 (miou) , 0.0462 (acc) 
\motorbike: 0.5821 (miou) , 0.7397 (acc) 
\person: 0.7110 (miou) , 0.7581 (acc) 
\pottedplant: 0.0337 (miou) , 0.0346 (acc) 

...from 0 to 10 : best/test_before_mIoU : 0.722107
...from 11 to 16 best/test_after_mIoU : 0.348442
...from 0 to 10 : best/test_before_acc : 0.893552
...from 11 to 16 best/test_after_acc : 0.486845
===================Train Info===========================
  task : 10-1
  step : 7
  Device: cuda
  opts :  Namespace(KD_loss_type='KD_loss', KD_outlogits=False, amp=True, batch_size=12, bn_freeze=True, ckpt='checkpoints/limitdata/deeplabv3_resnet101_voc_10-1_step_5_overlap.pth', contrastive_learning=False, crop_size=513, crop_val=False, curr_itrs=0, curr_step=7, cutmix=False, cutout=False, data_ratio=0.1, data_root='/home/yb/dataset/VOC/PascalVOC12/VOCdevkit/VOC2012', dataset='voc', feature_decoupling=True, freeze=True, gpu_id='0,1', lamb=1.0, loss_type='bce_loss', lr=0.01, lr_policy='poly', mem_size=0, mixup=False, model='deeplabv3_resnet101', num_classes=[1, 1, 10, 1, 1, 1, 1, 1, 1, 1], output_stride=16, overlap=True, print_interval=10, prototype_matching=False, pseudo=True, pseudo_thresh=0.7, random_seed=1, separable_conv=False, step_size=10000, task='10-1', test_only=False, train_epoch=30, unknown=True, use_KD_class_weight=False, use_KD_layer_weight=True, val_batch_size=1, val_interval=200, w_transfer=True, weight_decay=0.0001)
==============================================
... weight transfer
Model restored from checkpoints/limitdata/deeplabv3_resnet101_voc_10-1_step_6_overlap.pth
>>>num_all_file for step-train training: 299
>>>num_LD_file for step-train training: 30
>>>num_file for val: 57
Dataset: voc, Train set: 30, Val set: 57, Test set: 1449
... train epoch : 30 , iterations : 60 , val_interval : 100
Model saved as checkpoints/limitdata/deeplabv3_resnet101_voc_10-1_step_7_overlap.pth
[10-1 / step 7] Epoch 25, Itrs 50/60, Loss=1.018570, CL_loss=0.000000, KD_loss_ret=   nan, Time=875.65 , LR=0.00199372
... Training Done
... Testing Best Model

Overall Acc: 0.885975
Mean Acc: 0.708341
FreqW Acc: 0.833398
Mean IoU: 0.547256
Class IoU/Acc:
\background: 0.9041 (miou) , 0.9281 (acc) 
\aeroplane: 0.8016 (miou) , 0.9537 (acc) 
\bicycle: 0.3819 (miou) , 0.8347 (acc) 
\bird: 0.8549 (miou) , 0.9544 (acc) 
\boat: 0.6176 (miou) , 0.9205 (acc) 
\bottle: 0.7149 (miou) , 0.9288 (acc) 
\bus: 0.9090 (miou) , 0.9770 (acc) 
\car: 0.8169 (miou) , 0.9211 (acc) 
\cat: 0.8865 (miou) , 0.9583 (acc) 
\chair: 0.3227 (miou) , 0.5463 (acc) 
\cow: 0.6000 (miou) , 0.9061 (acc) 
\diningtable: 0.2402 (miou) , 0.4357 (acc) 
\dog: 0.4602 (miou) , 0.9068 (acc) 
\horse: 0.0137 (miou) , 0.0462 (acc) 
\motorbike: 0.5817 (miou) , 0.7397 (acc) 
\person: 0.7110 (miou) , 0.7581 (acc) 
\pottedplant: 0.0337 (miou) , 0.0346 (acc) 
\sheep: 0.0000 (miou) , 0.0000 (acc) 

...from 0 to 10 : best/test_before_mIoU : 0.710015
...from 11 to 17 best/test_after_mIoU : 0.291492
...from 0 to 10 : best/test_before_acc : 0.893552
...from 11 to 17 best/test_after_acc : 0.417296
===================Train Info===========================
  task : 10-1
  step : 8
  Device: cuda
  opts :  Namespace(KD_loss_type='KD_loss', KD_outlogits=False, amp=True, batch_size=12, bn_freeze=True, ckpt='checkpoints/limitdata/deeplabv3_resnet101_voc_10-1_step_6_overlap.pth', contrastive_learning=False, crop_size=513, crop_val=False, curr_itrs=0, curr_step=8, cutmix=False, cutout=False, data_ratio=0.1, data_root='/home/yb/dataset/VOC/PascalVOC12/VOCdevkit/VOC2012', dataset='voc', feature_decoupling=True, freeze=True, gpu_id='0,1', lamb=1.0, loss_type='bce_loss', lr=0.01, lr_policy='poly', mem_size=0, mixup=False, model='deeplabv3_resnet101', num_classes=[1, 1, 10, 1, 1, 1, 1, 1, 1, 1, 1], output_stride=16, overlap=True, print_interval=10, prototype_matching=False, pseudo=True, pseudo_thresh=0.7, random_seed=1, separable_conv=False, step_size=10000, task='10-1', test_only=False, train_epoch=30, unknown=True, use_KD_class_weight=False, use_KD_layer_weight=True, val_batch_size=1, val_interval=200, w_transfer=True, weight_decay=0.0001)
==============================================
... weight transfer
Model restored from checkpoints/limitdata/deeplabv3_resnet101_voc_10-1_step_7_overlap.pth
>>>num_all_file for step-train training: 491
>>>num_LD_file for step-train training: 49
>>>num_file for val: 90
Dataset: voc, Train set: 49, Val set: 90, Test set: 1449
... train epoch : 30 , iterations : 120 , val_interval : 100
Model saved as checkpoints/limitdata/deeplabv3_resnet101_voc_10-1_step_8_overlap.pth
[10-1 / step 8] Epoch 13, Itrs 50/120, Loss=1.711524, CL_loss=0.000000, KD_loss_ret=   nan, Time=958.34 , LR=0.00615638
[10-1 / step 8] Epoch 25, Itrs 100/120, Loss=1.384313, CL_loss=0.000000, KD_loss_ret=   nan, Time=771.69 , LR=0.00199372
validation...

Overall Acc: 0.662777
Mean Acc: 0.057214
FreqW Acc: 0.606155
Mean IoU: 0.052378
Class IoU/Acc:
\background: 0.6953 (miou) , 0.7606 (acc) 
\aeroplane: 0.0000 (miou) , 0.0000 (acc) 
\bicycle: 0.0000 (miou) , 0.0000 (acc) 
\bird: 0.0000 (miou) , 0.0000 (acc) 
\boat: 0.0000 (miou) , 0.0000 (acc) 
\bottle: 0.0000 (miou) , 0.0000 (acc) 
\bus: 0.0000 (miou) , 0.0000 (acc) 
\car: 0.0000 (miou) , 0.0000 (acc) 
\cat: 0.0000 (miou) , 0.0000 (acc) 
\chair: 0.0000 (miou) , 0.0000 (acc) 
\cow: 0.0000 (miou) , 0.0000 (acc) 
\diningtable: 0.0000 (miou) , 0.0000 (acc) 
\dog: 0.0000 (miou) , 0.0000 (acc) 
\horse: 0.0000 (miou) , 0.0000 (acc) 
\motorbike: 0.0000 (miou) , 0.0000 (acc) 
\person: 0.0000 (miou) , 0.0000 (acc) 
\pottedplant: 0.0000 (miou) , 0.0000 (acc) 
\sheep: 0.0000 (miou) , 0.0000 (acc) 
\sofa: 0.2999 (miou) , 0.3264 (acc) 

curr_val_score : 0.2999
... save best ckpt :  0.29991929716697674
Model saved as checkpoints/limitdata/deeplabv3_resnet101_voc_10-1_step_8_overlap.pth
... Training Done
... Testing Best Model

Overall Acc: 0.869056
Mean Acc: 0.686357
FreqW Acc: 0.812908
Mean IoU: 0.524086
Class IoU/Acc:
\background: 0.8903 (miou) , 0.9166 (acc) 
\aeroplane: 0.7990 (miou) , 0.9552 (acc) 
\bicycle: 0.3815 (miou) , 0.8367 (acc) 
\bird: 0.8547 (miou) , 0.9552 (acc) 
\boat: 0.6158 (miou) , 0.9213 (acc) 
\bottle: 0.7144 (miou) , 0.9290 (acc) 
\bus: 0.9082 (miou) , 0.9780 (acc) 
\car: 0.8202 (miou) , 0.9227 (acc) 
\cat: 0.8859 (miou) , 0.9585 (acc) 
\chair: 0.2832 (miou) , 0.4971 (acc) 
\cow: 0.5990 (miou) , 0.9067 (acc) 
\diningtable: 0.2406 (miou) , 0.4517 (acc) 
\dog: 0.4575 (miou) , 0.9036 (acc) 
\horse: 0.0140 (miou) , 0.0481 (acc) 
\motorbike: 0.5764 (miou) , 0.7393 (acc) 
\person: 0.7105 (miou) , 0.7588 (acc) 
\pottedplant: 0.0337 (miou) , 0.0346 (acc) 
\sheep: 0.0012 (miou) , 0.0013 (acc) 
\sofa: 0.1715 (miou) , 0.3264 (acc) 

...from 0 to 10 : best/test_before_mIoU : 0.704744
...from 11 to 18 best/test_after_mIoU : 0.275682
...from 0 to 10 : best/test_before_acc : 0.888818
...from 11 to 18 best/test_after_acc : 0.407975
===================Train Info===========================
  task : 10-1
  step : 9
  Device: cuda
  opts :  Namespace(KD_loss_type='KD_loss', KD_outlogits=False, amp=True, batch_size=12, bn_freeze=True, ckpt='checkpoints/limitdata/deeplabv3_resnet101_voc_10-1_step_7_overlap.pth', contrastive_learning=False, crop_size=513, crop_val=False, curr_itrs=0, curr_step=9, cutmix=False, cutout=False, data_ratio=0.1, data_root='/home/yb/dataset/VOC/PascalVOC12/VOCdevkit/VOC2012', dataset='voc', feature_decoupling=True, freeze=True, gpu_id='0,1', lamb=1.0, loss_type='bce_loss', lr=0.01, lr_policy='poly', mem_size=0, mixup=False, model='deeplabv3_resnet101', num_classes=[1, 1, 10, 1, 1, 1, 1, 1, 1, 1, 1, 1], output_stride=16, overlap=True, print_interval=10, prototype_matching=False, pseudo=True, pseudo_thresh=0.7, random_seed=1, separable_conv=False, step_size=10000, task='10-1', test_only=False, train_epoch=30, unknown=True, use_KD_class_weight=False, use_KD_layer_weight=True, val_batch_size=1, val_interval=200, w_transfer=True, weight_decay=0.0001)
==============================================
... weight transfer
Model restored from checkpoints/limitdata/deeplabv3_resnet101_voc_10-1_step_8_overlap.pth
>>>num_all_file for step-train training: 500
>>>num_LD_file for step-train training: 50
>>>num_file for val: 84
Dataset: voc, Train set: 50, Val set: 84, Test set: 1449
... train epoch : 30 , iterations : 120 , val_interval : 100
Model saved as checkpoints/limitdata/deeplabv3_resnet101_voc_10-1_step_9_overlap.pth
[10-1 / step 9] Epoch 13, Itrs 50/120, Loss=1.248245, CL_loss=0.000000, KD_loss_ret=   nan, Time=934.32 , LR=0.00615638
[10-1 / step 9] Epoch 25, Itrs 100/120, Loss=1.280443, CL_loss=0.000000, KD_loss_ret=   nan, Time=759.26 , LR=0.00199372
validation...

Overall Acc: 0.874709
Mean Acc: 0.085269
FreqW Acc: 0.822661
Mean IoU: 0.079731
Class IoU/Acc:
\background: 0.8545 (miou) , 0.9023 (acc) 
\aeroplane: 0.0000 (miou) , 0.0000 (acc) 
\bicycle: 0.0000 (miou) , 0.0000 (acc) 
\bird: 0.0000 (miou) , 0.0000 (acc) 
\boat: 0.0000 (miou) , 0.0000 (acc) 
\bottle: 0.0000 (miou) , 0.0000 (acc) 
\bus: 0.0000 (miou) , 0.0000 (acc) 
\car: 0.0000 (miou) , 0.0000 (acc) 
\cat: 0.0000 (miou) , 0.0000 (acc) 
\chair: 0.0000 (miou) , 0.0000 (acc) 
\cow: 0.0000 (miou) , 0.0000 (acc) 
\diningtable: 0.0000 (miou) , 0.0000 (acc) 
\dog: 0.0000 (miou) , 0.0000 (acc) 
\horse: 0.0000 (miou) , 0.0000 (acc) 
\motorbike: 0.0000 (miou) , 0.0000 (acc) 
\person: 0.0000 (miou) , 0.0000 (acc) 
\pottedplant: 0.0000 (miou) , 0.0000 (acc) 
\sheep: 0.0000 (miou) , 0.0000 (acc) 
\sofa: 0.0000 (miou) , 0.0000 (acc) 
\train: 0.7401 (miou) , 0.8031 (acc) 

curr_val_score : 0.7401
... save best ckpt :  0.7401475028925006
Model saved as checkpoints/limitdata/deeplabv3_resnet101_voc_10-1_step_9_overlap.pth
... Training Done
... Testing Best Model

Overall Acc: 0.859697
Mean Acc: 0.682248
FreqW Acc: 0.799289
Mean IoU: 0.515836
Class IoU/Acc:
\background: 0.8816 (miou) , 0.9088 (acc) 
\aeroplane: 0.8050 (miou) , 0.9503 (acc) 
\bicycle: 0.3824 (miou) , 0.8374 (acc) 
\bird: 0.8535 (miou) , 0.9564 (acc) 
\boat: 0.6187 (miou) , 0.8997 (acc) 
\bottle: 0.7176 (miou) , 0.9268 (acc) 
\bus: 0.8889 (miou) , 0.9265 (acc) 
\car: 0.8252 (miou) , 0.9137 (acc) 
\cat: 0.8854 (miou) , 0.9589 (acc) 
\chair: 0.2861 (miou) , 0.4973 (acc) 
\cow: 0.5992 (miou) , 0.9075 (acc) 
\diningtable: 0.2421 (miou) , 0.4449 (acc) 
\dog: 0.4802 (miou) , 0.8997 (acc) 
\horse: 0.0073 (miou) , 0.0226 (acc) 
\motorbike: 0.5908 (miou) , 0.7061 (acc) 
\person: 0.7098 (miou) , 0.7577 (acc) 
\pottedplant: 0.0285 (miou) , 0.0291 (acc) 
\sheep: 0.0003 (miou) , 0.0003 (acc) 
\sofa: 0.1642 (miou) , 0.2982 (acc) 
\train: 0.3498 (miou) , 0.8031 (acc) 

...from 0 to 10 : best/test_before_mIoU : 0.703969
...from 11 to 19 best/test_after_mIoU : 0.285895
...from 0 to 10 : best/test_before_acc : 0.880307
...from 11 to 19 best/test_after_acc : 0.440177
===================Train Info===========================
  task : 10-1
  step : 10
  Device: cuda
  opts :  Namespace(KD_loss_type='KD_loss', KD_outlogits=False, amp=True, batch_size=12, bn_freeze=True, ckpt='checkpoints/limitdata/deeplabv3_resnet101_voc_10-1_step_8_overlap.pth', contrastive_learning=False, crop_size=513, crop_val=False, curr_itrs=0, curr_step=10, cutmix=False, cutout=False, data_ratio=0.1, data_root='/home/yb/dataset/VOC/PascalVOC12/VOCdevkit/VOC2012', dataset='voc', feature_decoupling=True, freeze=True, gpu_id='0,1', lamb=1.0, loss_type='bce_loss', lr=0.01, lr_policy='poly', mem_size=0, mixup=False, model='deeplabv3_resnet101', num_classes=[1, 1, 10, 1, 1, 1, 1, 1, 1, 1, 1, 1, 1], output_stride=16, overlap=True, print_interval=10, prototype_matching=False, pseudo=True, pseudo_thresh=0.7, random_seed=1, separable_conv=False, step_size=10000, task='10-1', test_only=False, train_epoch=30, unknown=True, use_KD_class_weight=False, use_KD_layer_weight=True, val_batch_size=1, val_interval=200, w_transfer=True, weight_decay=0.0001)
==============================================
... weight transfer
Model restored from checkpoints/limitdata/deeplabv3_resnet101_voc_10-1_step_9_overlap.pth
>>>num_all_file for step-train training: 548
>>>num_LD_file for step-train training: 55
>>>num_file for val: 74
Dataset: voc, Train set: 55, Val set: 74, Test set: 1449
... train epoch : 30 , iterations : 120 , val_interval : 100
Model saved as checkpoints/limitdata/deeplabv3_resnet101_voc_10-1_step_10_overlap.pth
[10-1 / step 10] Epoch 13, Itrs 50/120, Loss=1.689789, CL_loss=0.000000, KD_loss_ret=   nan, Time=957.79 , LR=0.00615638
[10-1 / step 10] Epoch 25, Itrs 100/120, Loss=1.689381, CL_loss=0.000000, KD_loss_ret=   nan, Time=765.07 , LR=0.00199372
validation...

Overall Acc: 0.689315
Mean Acc: 0.044376
FreqW Acc: 0.671088
Mean IoU: 0.043190
Class IoU/Acc:
\background: 0.7527 (miou) , 0.7731 (acc) 
\aeroplane: 0.0000 (miou) , 0.0000 (acc) 
\bicycle: 0.0000 (miou) , 0.0000 (acc) 
\bird: 0.0000 (miou) , 0.0000 (acc) 
\boat: 0.0000 (miou) , 0.0000 (acc) 
\bottle: 0.0000 (miou) , 0.0000 (acc) 
\bus: 0.0000 (miou) , 0.0000 (acc) 
\car: 0.0000 (miou) , 0.0000 (acc) 
\cat: 0.0000 (miou) , 0.0000 (acc) 
\chair: 0.0000 (miou) , 0.0000 (acc) 
\cow: 0.0000 (miou) , 0.0000 (acc) 
\diningtable: 0.0000 (miou) , 0.0000 (acc) 
\dog: 0.0000 (miou) , 0.0000 (acc) 
\horse: 0.0000 (miou) , 0.0000 (acc) 
\motorbike: 0.0000 (miou) , 0.0000 (acc) 
\person: 0.0000 (miou) , 0.0000 (acc) 
\pottedplant: 0.0000 (miou) , 0.0000 (acc) 
\sheep: 0.0000 (miou) , 0.0000 (acc) 
\sofa: 0.0000 (miou) , 0.0000 (acc) 
\train: 0.0000 (miou) , 0.0000 (acc) 
\tvmonitor: 0.1543 (miou) , 0.1588 (acc) 

curr_val_score : 0.1543
... save best ckpt :  0.15434286751603524
Model saved as checkpoints/limitdata/deeplabv3_resnet101_voc_10-1_step_10_overlap.pth
... Training Done
... Testing Best Model

Overall Acc: 0.853816
Mean Acc: 0.655090
FreqW Acc: 0.792022
Mean IoU: 0.494655
Class IoU/Acc:
\background: 0.8791 (miou) , 0.9086 (acc) 
\aeroplane: 0.8045 (miou) , 0.9505 (acc) 
\bicycle: 0.3811 (miou) , 0.8389 (acc) 
\bird: 0.8551 (miou) , 0.9553 (acc) 
\boat: 0.6175 (miou) , 0.9002 (acc) 
\bottle: 0.7182 (miou) , 0.9263 (acc) 
\bus: 0.8888 (miou) , 0.9265 (acc) 
\car: 0.8250 (miou) , 0.9138 (acc) 
\cat: 0.8855 (miou) , 0.9588 (acc) 
\chair: 0.2853 (miou) , 0.4961 (acc) 
\cow: 0.5992 (miou) , 0.9075 (acc) 
\diningtable: 0.2375 (miou) , 0.4239 (acc) 
\dog: 0.4811 (miou) , 0.8987 (acc) 
\horse: 0.0069 (miou) , 0.0219 (acc) 
\motorbike: 0.5902 (miou) , 0.7054 (acc) 
\person: 0.7096 (miou) , 0.7567 (acc) 
\pottedplant: 0.0279 (miou) , 0.0284 (acc) 
\sheep: 0.0002 (miou) , 0.0002 (acc) 
\sofa: 0.1634 (miou) , 0.2896 (acc) 
\train: 0.3326 (miou) , 0.7907 (acc) 
\tvmonitor: 0.0990 (miou) , 0.1588 (acc) 

...from 0 to 10 : best/test_before_mIoU : 0.703571
...from 11 to 20 best/test_after_mIoU : 0.264846
...from 0 to 10 : best/test_before_acc : 0.880231
...from 11 to 20 best/test_after_acc : 0.407434
