nohup: ignoring input
===================Train Info===========================
  task : 15-1
  step : 1
  Device: cuda
  opts :  Namespace(KD_loss_type='KD_loss', KD_outlogits=False, amp=True, batch_size=12, bn_freeze=True, ckpt=None, contrastive_learning=False, crop_size=513, crop_val=False, curr_itrs=0, curr_step=1, cutmix=False, cutout=False, data_ratio=0.1, data_root='/home/yb/dataset/VOC/PascalVOC12/VOCdevkit/VOC2012', dataset='voc', feature_decoupling=True, freeze=True, gpu_id='0,1', lamb=1.0, loss_type='bce_loss', lr=0.01, lr_policy='poly', mem_size=0, mixup=False, model='deeplabv3_resnet101', num_classes=[1, 1, 15, 1], output_stride=16, overlap=True, print_interval=10, prototype_matching=False, pseudo=True, pseudo_thresh=0.7, random_seed=1, separable_conv=False, step_size=10000, task='15-1', test_only=False, train_epoch=30, unknown=True, use_KD_class_weight=False, use_KD_layer_weight=True, val_batch_size=4, val_interval=200, w_transfer=True, weight_decay=0.0001)
==============================================
... weight transfer
Model restored from checkpoints/limitdata/deeplabv3_resnet101_voc_15-1_step_0_overlap.pth
>>>num_all_file for step-train training: 487
>>>num_LD_file for step-train training: 49
>>>num_file for val: 85
Dataset: voc, Train set: 49, Val set: 85, Test set: 1449
... train epoch : 30 , iterations : 120 , val_interval : 100
Model saved as checkpoints/limitdata/deeplabv3_resnet101_voc_15-1_step_1_overlap.pth
[15-1 / step 1] Epoch 13, Itrs 50/120, Loss=0.557838, CL_loss=0.000000, KD_loss_ret=   nan, Time=918.93 , LR=0.00615638
[15-1 / step 1] Epoch 25, Itrs 100/120, Loss=0.476223, CL_loss=0.000000, KD_loss_ret=   nan, Time=733.56 , LR=0.00199372
validation...

Overall Acc: 0.814828
Mean Acc: 0.066600
FreqW Acc: 0.762880
Mean IoU: 0.062547
Class IoU/Acc:
\background: 0.8124 (miou) , 0.8681 (acc) 
\aeroplane: 0.0000 (miou) , 0.0000 (acc) 
\bicycle: 0.0000 (miou) , 0.0000 (acc) 
\bird: 0.0000 (miou) , 0.0000 (acc) 
\boat: 0.0000 (miou) , 0.0000 (acc) 
\bottle: 0.0000 (miou) , 0.0000 (acc) 
\bus: 0.0000 (miou) , 0.0000 (acc) 
\car: 0.0000 (miou) , 0.0000 (acc) 
\cat: 0.0000 (miou) , 0.0000 (acc) 
\chair: 0.0000 (miou) , 0.0000 (acc) 
\cow: 0.0000 (miou) , 0.0000 (acc) 
\diningtable: 0.0000 (miou) , 0.0000 (acc) 
\dog: 0.0000 (miou) , 0.0000 (acc) 
\horse: 0.0000 (miou) , 0.0000 (acc) 
\motorbike: 0.0000 (miou) , 0.0000 (acc) 
\person: 0.0000 (miou) , 0.0000 (acc) 
\pottedplant: 0.2509 (miou) , 0.2642 (acc) 

curr_val_score : 0.2509
... save best ckpt :  0.25093626906664657
Model saved as checkpoints/limitdata/deeplabv3_resnet101_voc_15-1_step_1_overlap.pth
... Training Done
... Testing Best Model

Overall Acc: 0.945789
Mean Acc: 0.853987
FreqW Acc: 0.903570
Mean IoU: 0.726232
Class IoU/Acc:
\background: 0.9385 (miou) , 0.9642 (acc) 
\aeroplane: 0.7841 (miou) , 0.9500 (acc) 
\bicycle: 0.3849 (miou) , 0.8882 (acc) 
\bird: 0.8576 (miou) , 0.9451 (acc) 
\boat: 0.6514 (miou) , 0.9068 (acc) 
\bottle: 0.7267 (miou) , 0.9330 (acc) 
\bus: 0.9248 (miou) , 0.9660 (acc) 
\car: 0.8122 (miou) , 0.9276 (acc) 
\cat: 0.9107 (miou) , 0.9641 (acc) 
\chair: 0.3640 (miou) , 0.4908 (acc) 
\cow: 0.8542 (miou) , 0.9436 (acc) 
\diningtable: 0.5747 (miou) , 0.6672 (acc) 
\dog: 0.8688 (miou) , 0.9507 (acc) 
\horse: 0.8272 (miou) , 0.9182 (acc) 
\motorbike: 0.8147 (miou) , 0.9429 (acc) 
\person: 0.8287 (miou) , 0.8951 (acc) 
\pottedplant: 0.2228 (miou) , 0.2642 (acc) 

...from 0 to 15 : best/test_before_mIoU : 0.757699
...from 16 to 16 best/test_after_mIoU : 0.222759
...from 0 to 15 : best/test_before_acc : 0.890852
...from 16 to 16 best/test_after_acc : 0.264150
===================Train Info===========================
  task : 15-1
  step : 2
  Device: cuda
  opts :  Namespace(KD_loss_type='KD_loss', KD_outlogits=False, amp=True, batch_size=12, bn_freeze=True, ckpt='checkpoints/limitdata/deeplabv3_resnet101_voc_15-1_step_0_overlap.pth', contrastive_learning=False, crop_size=513, crop_val=False, curr_itrs=0, curr_step=2, cutmix=False, cutout=False, data_ratio=0.1, data_root='/home/yb/dataset/VOC/PascalVOC12/VOCdevkit/VOC2012', dataset='voc', feature_decoupling=True, freeze=True, gpu_id='0,1', lamb=1.0, loss_type='bce_loss', lr=0.01, lr_policy='poly', mem_size=0, mixup=False, model='deeplabv3_resnet101', num_classes=[1, 1, 15, 1, 1], output_stride=16, overlap=True, print_interval=10, prototype_matching=False, pseudo=True, pseudo_thresh=0.7, random_seed=1, separable_conv=False, step_size=10000, task='15-1', test_only=False, train_epoch=30, unknown=True, use_KD_class_weight=False, use_KD_layer_weight=True, val_batch_size=1, val_interval=200, w_transfer=True, weight_decay=0.0001)
==============================================
... weight transfer
Model restored from checkpoints/limitdata/deeplabv3_resnet101_voc_15-1_step_1_overlap.pth
>>>num_all_file for step-train training: 299
>>>num_LD_file for step-train training: 30
>>>num_file for val: 57
Dataset: voc, Train set: 30, Val set: 57, Test set: 1449
... train epoch : 30 , iterations : 60 , val_interval : 100
Model saved as checkpoints/limitdata/deeplabv3_resnet101_voc_15-1_step_2_overlap.pth
[15-1 / step 2] Epoch 25, Itrs 50/60, Loss=0.468288, CL_loss=0.000000, KD_loss_ret=   nan, Time=947.78 , LR=0.00199372
... Training Done
... Testing Best Model

Overall Acc: 0.938034
Mean Acc: 0.806543
FreqW Acc: 0.889155
Mean IoU: 0.678975
Class IoU/Acc:
\background: 0.9316 (miou) , 0.9642 (acc) 
\aeroplane: 0.7841 (miou) , 0.9500 (acc) 
\bicycle: 0.3849 (miou) , 0.8882 (acc) 
\bird: 0.8576 (miou) , 0.9451 (acc) 
\boat: 0.6514 (miou) , 0.9068 (acc) 
\bottle: 0.7267 (miou) , 0.9330 (acc) 
\bus: 0.9248 (miou) , 0.9660 (acc) 
\car: 0.8122 (miou) , 0.9276 (acc) 
\cat: 0.9058 (miou) , 0.9641 (acc) 
\chair: 0.3640 (miou) , 0.4908 (acc) 
\cow: 0.7693 (miou) , 0.9436 (acc) 
\diningtable: 0.5747 (miou) , 0.6672 (acc) 
\dog: 0.8447 (miou) , 0.9507 (acc) 
\horse: 0.8236 (miou) , 0.9182 (acc) 
\motorbike: 0.8145 (miou) , 0.9429 (acc) 
\person: 0.8287 (miou) , 0.8951 (acc) 
\pottedplant: 0.2228 (miou) , 0.2642 (acc) 
\sheep: 0.0000 (miou) , 0.0000 (acc) 

...from 0 to 15 : best/test_before_mIoU : 0.749925
...from 16 to 17 best/test_after_mIoU : 0.111380
...from 0 to 15 : best/test_before_acc : 0.890852
...from 16 to 17 best/test_after_acc : 0.132075
===================Train Info===========================
  task : 15-1
  step : 3
  Device: cuda
  opts :  Namespace(KD_loss_type='KD_loss', KD_outlogits=False, amp=True, batch_size=12, bn_freeze=True, ckpt='checkpoints/limitdata/deeplabv3_resnet101_voc_15-1_step_1_overlap.pth', contrastive_learning=False, crop_size=513, crop_val=False, curr_itrs=0, curr_step=3, cutmix=False, cutout=False, data_ratio=0.1, data_root='/home/yb/dataset/VOC/PascalVOC12/VOCdevkit/VOC2012', dataset='voc', feature_decoupling=True, freeze=True, gpu_id='0,1', lamb=1.0, loss_type='bce_loss', lr=0.01, lr_policy='poly', mem_size=0, mixup=False, model='deeplabv3_resnet101', num_classes=[1, 1, 15, 1, 1, 1], output_stride=16, overlap=True, print_interval=10, prototype_matching=False, pseudo=True, pseudo_thresh=0.7, random_seed=1, separable_conv=False, step_size=10000, task='15-1', test_only=False, train_epoch=30, unknown=True, use_KD_class_weight=False, use_KD_layer_weight=True, val_batch_size=1, val_interval=200, w_transfer=True, weight_decay=0.0001)
==============================================
... weight transfer
Model restored from checkpoints/limitdata/deeplabv3_resnet101_voc_15-1_step_2_overlap.pth
>>>num_all_file for step-train training: 491
>>>num_LD_file for step-train training: 49
>>>num_file for val: 90
Dataset: voc, Train set: 49, Val set: 90, Test set: 1449
... train epoch : 30 , iterations : 120 , val_interval : 100
Model saved as checkpoints/limitdata/deeplabv3_resnet101_voc_15-1_step_3_overlap.pth
[15-1 / step 3] Epoch 13, Itrs 50/120, Loss=0.914288, CL_loss=0.000000, KD_loss_ret=   nan, Time=990.96 , LR=0.00615638
[15-1 / step 3] Epoch 25, Itrs 100/120, Loss=0.962444, CL_loss=0.000000, KD_loss_ret=   nan, Time=757.96 , LR=0.00199372
validation...

Overall Acc: 0.680161
Mean Acc: 0.057219
FreqW Acc: 0.604097
Mean IoU: 0.050801
Class IoU/Acc:
\background: 0.7038 (miou) , 0.7923 (acc) 
\aeroplane: 0.0000 (miou) , 0.0000 (acc) 
\bicycle: 0.0000 (miou) , 0.0000 (acc) 
\bird: 0.0000 (miou) , 0.0000 (acc) 
\boat: 0.0000 (miou) , 0.0000 (acc) 
\bottle: 0.0000 (miou) , 0.0000 (acc) 
\bus: 0.0000 (miou) , 0.0000 (acc) 
\car: 0.0000 (miou) , 0.0000 (acc) 
\cat: 0.0000 (miou) , 0.0000 (acc) 
\chair: 0.0000 (miou) , 0.0000 (acc) 
\cow: 0.0000 (miou) , 0.0000 (acc) 
\diningtable: 0.0000 (miou) , 0.0000 (acc) 
\dog: 0.0000 (miou) , 0.0000 (acc) 
\horse: 0.0000 (miou) , 0.0000 (acc) 
\motorbike: 0.0000 (miou) , 0.0000 (acc) 
\person: 0.0000 (miou) , 0.0000 (acc) 
\pottedplant: 0.0000 (miou) , 0.0000 (acc) 
\sheep: 0.0000 (miou) , 0.0000 (acc) 
\sofa: 0.2614 (miou) , 0.2949 (acc) 

curr_val_score : 0.2614
... save best ckpt :  0.261433761730666
Model saved as checkpoints/limitdata/deeplabv3_resnet101_voc_15-1_step_3_overlap.pth
... Training Done
... Testing Best Model

Overall Acc: 0.911427
Mean Acc: 0.806782
FreqW Acc: 0.861936
Mean IoU: 0.657665
Class IoU/Acc:
\background: 0.9082 (miou) , 0.9354 (acc) 
\aeroplane: 0.7854 (miou) , 0.9462 (acc) 
\bicycle: 0.3847 (miou) , 0.8875 (acc) 
\bird: 0.8567 (miou) , 0.9449 (acc) 
\boat: 0.6537 (miou) , 0.9027 (acc) 
\bottle: 0.7298 (miou) , 0.9299 (acc) 
\bus: 0.9245 (miou) , 0.9670 (acc) 
\car: 0.8115 (miou) , 0.9277 (acc) 
\cat: 0.9048 (miou) , 0.9642 (acc) 
\chair: 0.3282 (miou) , 0.4738 (acc) 
\cow: 0.7677 (miou) , 0.9452 (acc) 
\diningtable: 0.5720 (miou) , 0.6647 (acc) 
\dog: 0.8430 (miou) , 0.9514 (acc) 
\horse: 0.8230 (miou) , 0.9209 (acc) 
\motorbike: 0.8123 (miou) , 0.9448 (acc) 
\person: 0.8270 (miou) , 0.8955 (acc) 
\pottedplant: 0.2288 (miou) , 0.2741 (acc) 
\sheep: 0.1609 (miou) , 0.5581 (acc) 
\sofa: 0.1734 (miou) , 0.2949 (acc) 

...from 0 to 15 : best/test_before_mIoU : 0.745778
...from 16 to 18 best/test_after_mIoU : 0.187729
...from 0 to 15 : best/test_before_acc : 0.887605
...from 16 to 18 best/test_after_acc : 0.375726
===================Train Info===========================
  task : 15-1
  step : 4
  Device: cuda
  opts :  Namespace(KD_loss_type='KD_loss', KD_outlogits=False, amp=True, batch_size=12, bn_freeze=True, ckpt='checkpoints/limitdata/deeplabv3_resnet101_voc_15-1_step_2_overlap.pth', contrastive_learning=False, crop_size=513, crop_val=False, curr_itrs=0, curr_step=4, cutmix=False, cutout=False, data_ratio=0.1, data_root='/home/yb/dataset/VOC/PascalVOC12/VOCdevkit/VOC2012', dataset='voc', feature_decoupling=True, freeze=True, gpu_id='0,1', lamb=1.0, loss_type='bce_loss', lr=0.01, lr_policy='poly', mem_size=0, mixup=False, model='deeplabv3_resnet101', num_classes=[1, 1, 15, 1, 1, 1, 1], output_stride=16, overlap=True, print_interval=10, prototype_matching=False, pseudo=True, pseudo_thresh=0.7, random_seed=1, separable_conv=False, step_size=10000, task='15-1', test_only=False, train_epoch=30, unknown=True, use_KD_class_weight=False, use_KD_layer_weight=True, val_batch_size=1, val_interval=200, w_transfer=True, weight_decay=0.0001)
==============================================
... weight transfer
Model restored from checkpoints/limitdata/deeplabv3_resnet101_voc_15-1_step_3_overlap.pth
>>>num_all_file for step-train training: 500
>>>num_LD_file for step-train training: 50
>>>num_file for val: 84
Dataset: voc, Train set: 50, Val set: 84, Test set: 1449
... train epoch : 30 , iterations : 120 , val_interval : 100
Model saved as checkpoints/limitdata/deeplabv3_resnet101_voc_15-1_step_4_overlap.pth
[15-1 / step 4] Epoch 13, Itrs 50/120, Loss=1.687580, CL_loss=0.000000, KD_loss_ret=   nan, Time=1010.22 , LR=0.00615638
[15-1 / step 4] Epoch 25, Itrs 100/120, Loss=1.687648, CL_loss=0.000000, KD_loss_ret=   nan, Time=777.21 , LR=0.00199372
validation...

Overall Acc: 0.705196
Mean Acc: 0.056067
FreqW Acc: 0.674714
Mean IoU: 0.053775
Class IoU/Acc:
\background: 0.8466 (miou) , 0.8865 (acc) 
\aeroplane: 0.0000 (miou) , 0.0000 (acc) 
\bicycle: 0.0000 (miou) , 0.0000 (acc) 
\bird: 0.0000 (miou) , 0.0000 (acc) 
\boat: 0.0000 (miou) , 0.0000 (acc) 
\bottle: 0.0000 (miou) , 0.0000 (acc) 
\bus: 0.0000 (miou) , 0.0000 (acc) 
\car: 0.0000 (miou) , 0.0000 (acc) 
\cat: 0.0000 (miou) , 0.0000 (acc) 
\chair: 0.0000 (miou) , 0.0000 (acc) 
\cow: 0.0000 (miou) , 0.0000 (acc) 
\diningtable: 0.0000 (miou) , 0.0000 (acc) 
\dog: 0.0000 (miou) , 0.0000 (acc) 
\horse: 0.0000 (miou) , 0.0000 (acc) 
\motorbike: 0.0000 (miou) , 0.0000 (acc) 
\person: 0.0000 (miou) , 0.0000 (acc) 
\pottedplant: 0.0000 (miou) , 0.0000 (acc) 
\sheep: 0.0000 (miou) , 0.0000 (acc) 
\sofa: 0.0000 (miou) , 0.0000 (acc) 
\train: 0.2289 (miou) , 0.2348 (acc) 

curr_val_score : 0.2289
... save best ckpt :  0.22894308279660877
Model saved as checkpoints/limitdata/deeplabv3_resnet101_voc_15-1_step_4_overlap.pth
... Training Done
... Testing Best Model

Overall Acc: 0.884551
Mean Acc: 0.779048
FreqW Acc: 0.835761
Mean IoU: 0.626051
Class IoU/Acc:
\background: 0.8901 (miou) , 0.9136 (acc) 
\aeroplane: 0.7950 (miou) , 0.9324 (acc) 
\bicycle: 0.3829 (miou) , 0.8930 (acc) 
\bird: 0.8525 (miou) , 0.9489 (acc) 
\boat: 0.6431 (miou) , 0.8930 (acc) 
\bottle: 0.7266 (miou) , 0.9309 (acc) 
\bus: 0.9073 (miou) , 0.9481 (acc) 
\car: 0.8131 (miou) , 0.9270 (acc) 
\cat: 0.9028 (miou) , 0.9646 (acc) 
\chair: 0.3294 (miou) , 0.4774 (acc) 
\cow: 0.7642 (miou) , 0.9440 (acc) 
\diningtable: 0.5747 (miou) , 0.6701 (acc) 
\dog: 0.8423 (miou) , 0.9520 (acc) 
\horse: 0.8184 (miou) , 0.9147 (acc) 
\motorbike: 0.8165 (miou) , 0.9447 (acc) 
\person: 0.8257 (miou) , 0.8954 (acc) 
\pottedplant: 0.2302 (miou) , 0.2910 (acc) 
\sheep: 0.1153 (miou) , 0.6066 (acc) 
\sofa: 0.1712 (miou) , 0.2988 (acc) 
\train: 0.1198 (miou) , 0.2348 (acc) 

...from 0 to 15 : best/test_before_mIoU : 0.742784
...from 16 to 19 best/test_after_mIoU : 0.159122
...from 0 to 15 : best/test_before_acc : 0.884356
...from 16 to 19 best/test_after_acc : 0.357815
===================Train Info===========================
  task : 15-1
  step : 5
  Device: cuda
  opts :  Namespace(KD_loss_type='KD_loss', KD_outlogits=False, amp=True, batch_size=12, bn_freeze=True, ckpt='checkpoints/limitdata/deeplabv3_resnet101_voc_15-1_step_3_overlap.pth', contrastive_learning=False, crop_size=513, crop_val=False, curr_itrs=0, curr_step=5, cutmix=False, cutout=False, data_ratio=0.1, data_root='/home/yb/dataset/VOC/PascalVOC12/VOCdevkit/VOC2012', dataset='voc', feature_decoupling=True, freeze=True, gpu_id='0,1', lamb=1.0, loss_type='bce_loss', lr=0.01, lr_policy='poly', mem_size=0, mixup=False, model='deeplabv3_resnet101', num_classes=[1, 1, 15, 1, 1, 1, 1, 1], output_stride=16, overlap=True, print_interval=10, prototype_matching=False, pseudo=True, pseudo_thresh=0.7, random_seed=1, separable_conv=False, step_size=10000, task='15-1', test_only=False, train_epoch=30, unknown=True, use_KD_class_weight=False, use_KD_layer_weight=True, val_batch_size=1, val_interval=200, w_transfer=True, weight_decay=0.0001)
==============================================
... weight transfer
Model restored from checkpoints/limitdata/deeplabv3_resnet101_voc_15-1_step_4_overlap.pth
>>>num_all_file for step-train training: 548
>>>num_LD_file for step-train training: 55
>>>num_file for val: 74
Dataset: voc, Train set: 55, Val set: 74, Test set: 1449
... train epoch : 30 , iterations : 120 , val_interval : 100
Model saved as checkpoints/limitdata/deeplabv3_resnet101_voc_15-1_step_5_overlap.pth
[15-1 / step 5] Epoch 13, Itrs 50/120, Loss=1.346822, CL_loss=0.000000, KD_loss_ret=   nan, Time=1041.31 , LR=0.00615638
[15-1 / step 5] Epoch 25, Itrs 100/120, Loss=1.357195, CL_loss=0.000000, KD_loss_ret=   nan, Time=783.71 , LR=0.00199372
validation...

Overall Acc: 0.708290
Mean Acc: 0.048176
FreqW Acc: 0.691148
Mean IoU: 0.046593
Class IoU/Acc:
\background: 0.7668 (miou) , 0.7842 (acc) 
\aeroplane: 0.0000 (miou) , 0.0000 (acc) 
\bicycle: 0.0000 (miou) , 0.0000 (acc) 
\bird: 0.0000 (miou) , 0.0000 (acc) 
\boat: 0.0000 (miou) , 0.0000 (acc) 
\bottle: 0.0000 (miou) , 0.0000 (acc) 
\bus: 0.0000 (miou) , 0.0000 (acc) 
\car: 0.0000 (miou) , 0.0000 (acc) 
\cat: 0.0000 (miou) , 0.0000 (acc) 
\chair: 0.0000 (miou) , 0.0000 (acc) 
\cow: 0.0000 (miou) , 0.0000 (acc) 
\diningtable: 0.0000 (miou) , 0.0000 (acc) 
\dog: 0.0000 (miou) , 0.0000 (acc) 
\horse: 0.0000 (miou) , 0.0000 (acc) 
\motorbike: 0.0000 (miou) , 0.0000 (acc) 
\person: 0.0000 (miou) , 0.0000 (acc) 
\pottedplant: 0.0000 (miou) , 0.0000 (acc) 
\sheep: 0.0000 (miou) , 0.0000 (acc) 
\sofa: 0.0000 (miou) , 0.0000 (acc) 
\train: 0.0000 (miou) , 0.0000 (acc) 
\tvmonitor: 0.2116 (miou) , 0.2275 (acc) 

curr_val_score : 0.2116
... save best ckpt :  0.2116046474024713
Model saved as checkpoints/limitdata/deeplabv3_resnet101_voc_15-1_step_5_overlap.pth
... Training Done
... Testing Best Model

Overall Acc: 0.879899
Mean Acc: 0.750911
FreqW Acc: 0.829580
Mean IoU: 0.603167
Class IoU/Acc:
\background: 0.8884 (miou) , 0.9143 (acc) 
\aeroplane: 0.7946 (miou) , 0.9325 (acc) 
\bicycle: 0.3834 (miou) , 0.8919 (acc) 
\bird: 0.8532 (miou) , 0.9480 (acc) 
\boat: 0.6455 (miou) , 0.8923 (acc) 
\bottle: 0.7308 (miou) , 0.9301 (acc) 
\bus: 0.9072 (miou) , 0.9481 (acc) 
\car: 0.8112 (miou) , 0.9264 (acc) 
\cat: 0.9034 (miou) , 0.9641 (acc) 
\chair: 0.3290 (miou) , 0.4761 (acc) 
\cow: 0.7647 (miou) , 0.9437 (acc) 
\diningtable: 0.5737 (miou) , 0.6677 (acc) 
\dog: 0.8433 (miou) , 0.9510 (acc) 
\horse: 0.8185 (miou) , 0.9144 (acc) 
\motorbike: 0.8168 (miou) , 0.9445 (acc) 
\person: 0.8257 (miou) , 0.8936 (acc) 
\pottedplant: 0.2311 (miou) , 0.2793 (acc) 
\sheep: 0.1130 (miou) , 0.5983 (acc) 
\sofa: 0.1738 (miou) , 0.2921 (acc) 
\train: 0.1176 (miou) , 0.2332 (acc) 
\tvmonitor: 0.1414 (miou) , 0.2275 (acc) 

...from 0 to 15 : best/test_before_mIoU : 0.743098
...from 16 to 20 best/test_after_mIoU : 0.155388
...from 0 to 15 : best/test_before_acc : 0.883667
...from 16 to 20 best/test_after_acc : 0.326090
