nohup: ignoring input
===================Train Info===========================
  task : 10-1
  step : 1
  Device: cuda
  opts :  Namespace(KD_loss_type='KD_loss', KD_outlogits=False, amp=True, batch_size=12, bn_freeze=True, ckpt=None, contrastive_learning=False, crop_size=513, crop_val=False, curr_itrs=0, curr_step=1, cutmix=False, cutout=False, data_ratio=0.25, data_root='/home/yb/dataset/VOC/PascalVOC12/VOCdevkit/VOC2012', dataset='voc', feature_decoupling=True, freeze=True, gpu_id='2,3', lamb=1.0, loss_type='bce_loss', lr=0.01, lr_policy='poly', mem_size=0, mixup=False, model='deeplabv3_resnet101', num_classes=[1, 1, 10, 1], output_stride=16, overlap=True, print_interval=10, prototype_matching=False, pseudo=True, pseudo_thresh=0.7, random_seed=1, separable_conv=False, step_size=10000, task='10-1', test_only=False, train_epoch=30, unknown=True, use_KD_class_weight=False, use_KD_layer_weight=True, val_batch_size=4, val_interval=200, w_transfer=True, weight_decay=0.0001)
==============================================
... weight transfer
Model restored from checkpoints/limitdata/deeplabv3_resnet101_voc_10-1_step_0_overlap.pth
>>>num_all_file for step-train training: 528
>>>num_LD_file for step-train training: 132
>>>num_file for val: 75
Dataset: voc, Train set: 132, Val set: 75, Test set: 1449
... train epoch : 30 , iterations : 330 , val_interval : 100
Model saved as checkpoints/limitdata/deeplabv3_resnet101_voc_10-1_step_1_overlap.pth
[10-1 / step 1] Epoch 5, Itrs 50/330, Loss=0.770510, CL_loss=0.000000, KD_loss_ret=   nan, Time=2355.11 , LR=0.00862541
[10-1 / step 1] Epoch 10, Itrs 100/330, Loss=0.621620, CL_loss=0.000000, KD_loss_ret=   nan, Time=3754.34 , LR=0.00722591
validation...

Overall Acc: 0.815213
Mean Acc: 0.115760
FreqW Acc: 0.719994
Mean IoU: 0.103627
Class IoU/Acc:
\background: 0.7996 (miou) , 0.9129 (acc) 
\aeroplane: 0.0000 (miou) , 0.0000 (acc) 
\bicycle: 0.0000 (miou) , 0.0000 (acc) 
\bird: 0.0000 (miou) , 0.0000 (acc) 
\boat: 0.0000 (miou) , 0.0000 (acc) 
\bottle: 0.0000 (miou) , 0.0000 (acc) 
\bus: 0.0000 (miou) , 0.0000 (acc) 
\car: 0.0000 (miou) , 0.0000 (acc) 
\cat: 0.0000 (miou) , 0.0000 (acc) 
\chair: 0.0000 (miou) , 0.0000 (acc) 
\cow: 0.0000 (miou) , 0.0000 (acc) 
\diningtable: 0.4440 (miou) , 0.4762 (acc) 

curr_val_score : 0.4440
... save best ckpt :  0.4439677954361754
Model saved as checkpoints/limitdata/deeplabv3_resnet101_voc_10-1_step_1_overlap.pth
[10-1 / step 1] Epoch 14, Itrs 150/330, Loss=0.709942, CL_loss=0.000000, KD_loss_ret=   nan, Time=2262.96 , LR=0.00579539
[10-1 / step 1] Epoch 19, Itrs 200/330, Loss=1.023023, CL_loss=0.000000, KD_loss_ret=   nan, Time=2975.27 , LR=0.00432401
validation...

Overall Acc: 0.817227
Mean Acc: 0.116305
FreqW Acc: 0.722643
Mean IoU: 0.104231
Class IoU/Acc:
\background: 0.8014 (miou) , 0.9139 (acc) 
\aeroplane: 0.0000 (miou) , 0.0000 (acc) 
\bicycle: 0.0000 (miou) , 0.0000 (acc) 
\bird: 0.0000 (miou) , 0.0000 (acc) 
\boat: 0.0000 (miou) , 0.0000 (acc) 
\bottle: 0.0000 (miou) , 0.0000 (acc) 
\bus: 0.0000 (miou) , 0.0000 (acc) 
\car: 0.0000 (miou) , 0.0000 (acc) 
\cat: 0.0000 (miou) , 0.0000 (acc) 
\chair: 0.0000 (miou) , 0.0000 (acc) 
\cow: 0.0000 (miou) , 0.0000 (acc) 
\diningtable: 0.4494 (miou) , 0.4817 (acc) 

curr_val_score : 0.4494
... save best ckpt :  0.4493508557085562
Model saved as checkpoints/limitdata/deeplabv3_resnet101_voc_10-1_step_1_overlap.pth
[10-1 / step 1] Epoch 23, Itrs 250/330, Loss=0.775725, CL_loss=0.000000, KD_loss_ret=   nan, Time=2295.32 , LR=0.00279331
[10-1 / step 1] Epoch 28, Itrs 300/330, Loss=0.762385, CL_loss=0.000000, KD_loss_ret=   nan, Time=2526.45 , LR=0.00115544
validation...

Overall Acc: 0.819525
Mean Acc: 0.118044
FreqW Acc: 0.727681
Mean IoU: 0.105824
Class IoU/Acc:
\background: 0.8028 (miou) , 0.9096 (acc) 
\aeroplane: 0.0000 (miou) , 0.0000 (acc) 
\bicycle: 0.0000 (miou) , 0.0000 (acc) 
\bird: 0.0000 (miou) , 0.0000 (acc) 
\boat: 0.0000 (miou) , 0.0000 (acc) 
\bottle: 0.0000 (miou) , 0.0000 (acc) 
\bus: 0.0000 (miou) , 0.0000 (acc) 
\car: 0.0000 (miou) , 0.0000 (acc) 
\cat: 0.0000 (miou) , 0.0000 (acc) 
\chair: 0.0000 (miou) , 0.0000 (acc) 
\cow: 0.0000 (miou) , 0.0000 (acc) 
\diningtable: 0.4671 (miou) , 0.5069 (acc) 

curr_val_score : 0.4671
... save best ckpt :  0.46709448929061315
Model saved as checkpoints/limitdata/deeplabv3_resnet101_voc_10-1_step_1_overlap.pth
... Training Done
... Testing Best Model

Overall Acc: 0.944341
Mean Acc: 0.877050
FreqW Acc: 0.910599
Mean IoU: 0.704514
Class IoU/Acc:
\background: 0.9382 (miou) , 0.9544 (acc) 
\aeroplane: 0.7995 (miou) , 0.9565 (acc) 
\bicycle: 0.3940 (miou) , 0.8909 (acc) 
\bird: 0.8551 (miou) , 0.9585 (acc) 
\boat: 0.6129 (miou) , 0.9283 (acc) 
\bottle: 0.7278 (miou) , 0.9267 (acc) 
\bus: 0.9084 (miou) , 0.9774 (acc) 
\car: 0.8343 (miou) , 0.9242 (acc) 
\cat: 0.9169 (miou) , 0.9745 (acc) 
\chair: 0.3375 (miou) , 0.5642 (acc) 
\cow: 0.8765 (miou) , 0.9622 (acc) 
\diningtable: 0.2530 (miou) , 0.5069 (acc) 

...from 0 to 10 : best/test_before_mIoU : 0.745563
...from 11 to 11 best/test_after_mIoU : 0.252974
...from 0 to 10 : best/test_before_acc : 0.910701
...from 11 to 11 best/test_after_acc : 0.506881
===================Train Info===========================
  task : 10-1
  step : 2
  Device: cuda
  opts :  Namespace(KD_loss_type='KD_loss', KD_outlogits=False, amp=True, batch_size=12, bn_freeze=True, ckpt='checkpoints/limitdata/deeplabv3_resnet101_voc_10-1_step_0_overlap.pth', contrastive_learning=False, crop_size=513, crop_val=False, curr_itrs=0, curr_step=2, cutmix=False, cutout=False, data_ratio=0.25, data_root='/home/yb/dataset/VOC/PascalVOC12/VOCdevkit/VOC2012', dataset='voc', feature_decoupling=True, freeze=True, gpu_id='2,3', lamb=1.0, loss_type='bce_loss', lr=0.01, lr_policy='poly', mem_size=0, mixup=False, model='deeplabv3_resnet101', num_classes=[1, 1, 10, 1, 1], output_stride=16, overlap=True, print_interval=10, prototype_matching=False, pseudo=True, pseudo_thresh=0.7, random_seed=1, separable_conv=False, step_size=10000, task='10-1', test_only=False, train_epoch=30, unknown=True, use_KD_class_weight=False, use_KD_layer_weight=True, val_batch_size=1, val_interval=200, w_transfer=True, weight_decay=0.0001)
==============================================
... weight transfer
Model restored from checkpoints/limitdata/deeplabv3_resnet101_voc_10-1_step_1_overlap.pth
>>>num_all_file for step-train training: 1177
>>>num_LD_file for step-train training: 294
>>>num_file for val: 128
Dataset: voc, Train set: 294, Val set: 128, Test set: 1449
... train epoch : 30 , iterations : 720 , val_interval : 100
Model saved as checkpoints/limitdata/deeplabv3_resnet101_voc_10-1_step_2_overlap.pth
[10-1 / step 2] Epoch 3, Itrs 50/720, Loss=0.402514, CL_loss=0.000000, KD_loss_ret=   nan, Time=1100.47 , LR=0.00937277
[10-1 / step 2] Epoch 5, Itrs 100/720, Loss=0.530114, CL_loss=0.000000, KD_loss_ret=   nan, Time=807.57 , LR=0.00874084
validation...

Overall Acc: 0.895552
Mean Acc: 0.135266
FreqW Acc: 0.866724
Mean IoU: 0.128854
Class IoU/Acc:
\background: 0.8923 (miou) , 0.9099 (acc) 
\aeroplane: 0.0000 (miou) , 0.0000 (acc) 
\bicycle: 0.0000 (miou) , 0.0000 (acc) 
\bird: 0.0000 (miou) , 0.0000 (acc) 
\boat: 0.0000 (miou) , 0.0000 (acc) 
\bottle: 0.0000 (miou) , 0.0000 (acc) 
\bus: 0.0000 (miou) , 0.0000 (acc) 
\car: 0.0000 (miou) , 0.0000 (acc) 
\cat: 0.0000 (miou) , 0.0000 (acc) 
\chair: 0.0000 (miou) , 0.0000 (acc) 
\cow: 0.0000 (miou) , 0.0000 (acc) 
\diningtable: 0.0000 (miou) , 0.0000 (acc) 
\dog: 0.7828 (miou) , 0.8486 (acc) 

curr_val_score : 0.7828
... save best ckpt :  0.7828128246650082
Model saved as checkpoints/limitdata/deeplabv3_resnet101_voc_10-1_step_2_overlap.pth
[10-1 / step 2] Epoch 7, Itrs 150/720, Loss=0.452912, CL_loss=0.000000, KD_loss_ret=   nan, Time=714.30 , LR=0.00810379
[10-1 / step 2] Epoch 9, Itrs 200/720, Loss=0.471115, CL_loss=0.000000, KD_loss_ret=   nan, Time=677.66 , LR=0.00746112
validation...

Overall Acc: 0.899438
Mean Acc: 0.138773
FreqW Acc: 0.870292
Mean IoU: 0.130915
Class IoU/Acc:
\background: 0.8872 (miou) , 0.8972 (acc) 
\aeroplane: 0.0000 (miou) , 0.0000 (acc) 
\bicycle: 0.0000 (miou) , 0.0000 (acc) 
\bird: 0.0000 (miou) , 0.0000 (acc) 
\boat: 0.0000 (miou) , 0.0000 (acc) 
\bottle: 0.0000 (miou) , 0.0000 (acc) 
\bus: 0.0000 (miou) , 0.0000 (acc) 
\car: 0.0000 (miou) , 0.0000 (acc) 
\cat: 0.0000 (miou) , 0.0000 (acc) 
\chair: 0.0000 (miou) , 0.0000 (acc) 
\cow: 0.0000 (miou) , 0.0000 (acc) 
\diningtable: 0.0000 (miou) , 0.0000 (acc) 
\dog: 0.8147 (miou) , 0.9069 (acc) 

curr_val_score : 0.8147
... save best ckpt :  0.8146620537380094
Model saved as checkpoints/limitdata/deeplabv3_resnet101_voc_10-1_step_2_overlap.pth
[10-1 / step 2] Epoch 11, Itrs 250/720, Loss=0.400845, CL_loss=0.000000, KD_loss_ret=   nan, Time=647.19 , LR=0.00681222
[10-1 / step 2] Epoch 13, Itrs 300/720, Loss=0.476853, CL_loss=0.000000, KD_loss_ret=   nan, Time=626.53 , LR=0.00615638
validation...

Overall Acc: 0.902103
Mean Acc: 0.138861
FreqW Acc: 0.874042
Mean IoU: 0.131622
Class IoU/Acc:
\background: 0.8903 (miou) , 0.9017 (acc) 
\aeroplane: 0.0000 (miou) , 0.0000 (acc) 
\bicycle: 0.0000 (miou) , 0.0000 (acc) 
\bird: 0.0000 (miou) , 0.0000 (acc) 
\boat: 0.0000 (miou) , 0.0000 (acc) 
\bottle: 0.0000 (miou) , 0.0000 (acc) 
\bus: 0.0000 (miou) , 0.0000 (acc) 
\car: 0.0000 (miou) , 0.0000 (acc) 
\cat: 0.0000 (miou) , 0.0000 (acc) 
\chair: 0.0000 (miou) , 0.0000 (acc) 
\cow: 0.0000 (miou) , 0.0000 (acc) 
\diningtable: 0.0000 (miou) , 0.0000 (acc) 
\dog: 0.8208 (miou) , 0.9035 (acc) 

curr_val_score : 0.8208
... save best ckpt :  0.8208313047205132
Model saved as checkpoints/limitdata/deeplabv3_resnet101_voc_10-1_step_2_overlap.pth
[10-1 / step 2] Epoch 15, Itrs 350/720, Loss=0.440661, CL_loss=0.000000, KD_loss_ret=   nan, Time=611.09 , LR=0.00549265
[10-1 / step 2] Epoch 17, Itrs 400/720, Loss=0.460158, CL_loss=0.000000, KD_loss_ret=   nan, Time=615.09 , LR=0.00481987
validation...

Overall Acc: 0.905847
Mean Acc: 0.139449
FreqW Acc: 0.877512
Mean IoU: 0.132100
Class IoU/Acc:
\background: 0.8940 (miou) , 0.9053 (acc) 
\aeroplane: 0.0000 (miou) , 0.0000 (acc) 
\bicycle: 0.0000 (miou) , 0.0000 (acc) 
\bird: 0.0000 (miou) , 0.0000 (acc) 
\boat: 0.0000 (miou) , 0.0000 (acc) 
\bottle: 0.0000 (miou) , 0.0000 (acc) 
\bus: 0.0000 (miou) , 0.0000 (acc) 
\car: 0.0000 (miou) , 0.0000 (acc) 
\cat: 0.0000 (miou) , 0.0000 (acc) 
\chair: 0.0000 (miou) , 0.0000 (acc) 
\cow: 0.0000 (miou) , 0.0000 (acc) 
\diningtable: 0.0000 (miou) , 0.0000 (acc) 
\dog: 0.8233 (miou) , 0.9075 (acc) 

curr_val_score : 0.8233
... save best ckpt :  0.823264244717745
Model saved as checkpoints/limitdata/deeplabv3_resnet101_voc_10-1_step_2_overlap.pth
[10-1 / step 2] Epoch 19, Itrs 450/720, Loss=0.445527, CL_loss=0.000000, KD_loss_ret=   nan, Time=601.05 , LR=0.00413645
[10-1 / step 2] Epoch 21, Itrs 500/720, Loss=0.463246, CL_loss=0.000000, KD_loss_ret=   nan, Time=590.04 , LR=0.00344018
validation...

Overall Acc: 0.902102
Mean Acc: 0.139452
FreqW Acc: 0.873165
Mean IoU: 0.131659
Class IoU/Acc:
\background: 0.8884 (miou) , 0.8983 (acc) 
\aeroplane: 0.0000 (miou) , 0.0000 (acc) 
\bicycle: 0.0000 (miou) , 0.0000 (acc) 
\bird: 0.0000 (miou) , 0.0000 (acc) 
\boat: 0.0000 (miou) , 0.0000 (acc) 
\bottle: 0.0000 (miou) , 0.0000 (acc) 
\bus: 0.0000 (miou) , 0.0000 (acc) 
\car: 0.0000 (miou) , 0.0000 (acc) 
\cat: 0.0000 (miou) , 0.0000 (acc) 
\chair: 0.0000 (miou) , 0.0000 (acc) 
\cow: 0.0000 (miou) , 0.0000 (acc) 
\diningtable: 0.0000 (miou) , 0.0000 (acc) 
\dog: 0.8232 (miou) , 0.9146 (acc) 

curr_val_score : 0.8232
[10-1 / step 2] Epoch 23, Itrs 550/720, Loss=0.438097, CL_loss=0.000000, KD_loss_ret=   nan, Time=589.69 , LR=0.00272775
[10-1 / step 2] Epoch 25, Itrs 600/720, Loss=0.427312, CL_loss=0.000000, KD_loss_ret=   nan, Time=583.67 , LR=0.00199372
validation...

Overall Acc: 0.902784
Mean Acc: 0.139350
FreqW Acc: 0.874012
Mean IoU: 0.131753
Class IoU/Acc:
\background: 0.8894 (miou) , 0.9002 (acc) 
\aeroplane: 0.0000 (miou) , 0.0000 (acc) 
\bicycle: 0.0000 (miou) , 0.0000 (acc) 
\bird: 0.0000 (miou) , 0.0000 (acc) 
\boat: 0.0000 (miou) , 0.0000 (acc) 
\bottle: 0.0000 (miou) , 0.0000 (acc) 
\bus: 0.0000 (miou) , 0.0000 (acc) 
\car: 0.0000 (miou) , 0.0000 (acc) 
\cat: 0.0000 (miou) , 0.0000 (acc) 
\chair: 0.0000 (miou) , 0.0000 (acc) 
\cow: 0.0000 (miou) , 0.0000 (acc) 
\diningtable: 0.0000 (miou) , 0.0000 (acc) 
\dog: 0.8233 (miou) , 0.9114 (acc) 

curr_val_score : 0.8233
... save best ckpt :  0.8233406253682747
Model saved as checkpoints/limitdata/deeplabv3_resnet101_voc_10-1_step_2_overlap.pth
[10-1 / step 2] Epoch 28, Itrs 650/720, Loss=0.300118, CL_loss=0.000000, KD_loss_ret=   nan, Time=1092.95 , LR=0.00122741
[10-1 / step 2] Epoch 30, Itrs 700/720, Loss=0.386509, CL_loss=0.000000, KD_loss_ret=   nan, Time=802.12 , LR=0.00039749
validation...

Overall Acc: 0.903828
Mean Acc: 0.139424
FreqW Acc: 0.875234
Mean IoU: 0.131905
Class IoU/Acc:
\background: 0.8909 (miou) , 0.9017 (acc) 
\aeroplane: 0.0000 (miou) , 0.0000 (acc) 
\bicycle: 0.0000 (miou) , 0.0000 (acc) 
\bird: 0.0000 (miou) , 0.0000 (acc) 
\boat: 0.0000 (miou) , 0.0000 (acc) 
\bottle: 0.0000 (miou) , 0.0000 (acc) 
\bus: 0.0000 (miou) , 0.0000 (acc) 
\car: 0.0000 (miou) , 0.0000 (acc) 
\cat: 0.0000 (miou) , 0.0000 (acc) 
\chair: 0.0000 (miou) , 0.0000 (acc) 
\cow: 0.0000 (miou) , 0.0000 (acc) 
\diningtable: 0.0000 (miou) , 0.0000 (acc) 
\dog: 0.8239 (miou) , 0.9108 (acc) 

curr_val_score : 0.8239
... save best ckpt :  0.8238967922772407
Model saved as checkpoints/limitdata/deeplabv3_resnet101_voc_10-1_step_2_overlap.pth
... Training Done
... Testing Best Model

Overall Acc: 0.940478
Mean Acc: 0.867492
FreqW Acc: 0.902710
Mean IoU: 0.699852
Class IoU/Acc:
\background: 0.9357 (miou) , 0.9534 (acc) 
\aeroplane: 0.8015 (miou) , 0.9545 (acc) 
\bicycle: 0.3949 (miou) , 0.8840 (acc) 
\bird: 0.8576 (miou) , 0.9546 (acc) 
\boat: 0.6161 (miou) , 0.9267 (acc) 
\bottle: 0.7273 (miou) , 0.9258 (acc) 
\bus: 0.9082 (miou) , 0.9805 (acc) 
\car: 0.8344 (miou) , 0.9267 (acc) 
\cat: 0.8925 (miou) , 0.9575 (acc) 
\chair: 0.3409 (miou) , 0.5638 (acc) 
\cow: 0.8248 (miou) , 0.9002 (acc) 
\diningtable: 0.2361 (miou) , 0.4388 (acc) 
\dog: 0.7279 (miou) , 0.9108 (acc) 

...from 0 to 10 : best/test_before_mIoU : 0.739456
...from 11 to 12 best/test_after_mIoU : 0.482027
...from 0 to 10 : best/test_before_acc : 0.902528
...from 11 to 12 best/test_after_acc : 0.674797
===================Train Info===========================
  task : 10-1
  step : 3
  Device: cuda
  opts :  Namespace(KD_loss_type='KD_loss', KD_outlogits=False, amp=True, batch_size=12, bn_freeze=True, ckpt='checkpoints/limitdata/deeplabv3_resnet101_voc_10-1_step_1_overlap.pth', contrastive_learning=False, crop_size=513, crop_val=False, curr_itrs=0, curr_step=3, cutmix=False, cutout=False, data_ratio=0.25, data_root='/home/yb/dataset/VOC/PascalVOC12/VOCdevkit/VOC2012', dataset='voc', feature_decoupling=True, freeze=True, gpu_id='2,3', lamb=1.0, loss_type='bce_loss', lr=0.01, lr_policy='poly', mem_size=0, mixup=False, model='deeplabv3_resnet101', num_classes=[1, 1, 10, 1, 1, 1], output_stride=16, overlap=True, print_interval=10, prototype_matching=False, pseudo=True, pseudo_thresh=0.7, random_seed=1, separable_conv=False, step_size=10000, task='10-1', test_only=False, train_epoch=30, unknown=True, use_KD_class_weight=False, use_KD_layer_weight=True, val_batch_size=1, val_interval=200, w_transfer=True, weight_decay=0.0001)
==============================================
... weight transfer
Model restored from checkpoints/limitdata/deeplabv3_resnet101_voc_10-1_step_2_overlap.pth
>>>num_all_file for step-train training: 444
>>>num_LD_file for step-train training: 111
>>>num_file for val: 79
Dataset: voc, Train set: 111, Val set: 79, Test set: 1449
... train epoch : 30 , iterations : 270 , val_interval : 100
Model saved as checkpoints/limitdata/deeplabv3_resnet101_voc_10-1_step_3_overlap.pth
[10-1 / step 3] Epoch 6, Itrs 50/270, Loss=0.882488, CL_loss=0.000000, KD_loss_ret=   nan, Time=733.68 , LR=0.00831674
[10-1 / step 3] Epoch 12, Itrs 100/270, Loss=1.355928, CL_loss=0.000000, KD_loss_ret=   nan, Time=1624.93 , LR=0.00659442
validation...

Overall Acc: 0.866387
Mean Acc: 0.105022
FreqW Acc: 0.843476
Mean IoU: 0.099066
Class IoU/Acc:
\background: 0.9420 (miou) , 0.9525 (acc) 
\aeroplane: 0.0000 (miou) , 0.0000 (acc) 
\bicycle: 0.0000 (miou) , 0.0000 (acc) 
\bird: 0.0000 (miou) , 0.0000 (acc) 
\boat: 0.0000 (miou) , 0.0000 (acc) 
\bottle: 0.0000 (miou) , 0.0000 (acc) 
\bus: 0.0000 (miou) , 0.0000 (acc) 
\car: 0.0000 (miou) , 0.0000 (acc) 
\cat: 0.0000 (miou) , 0.0000 (acc) 
\chair: 0.0000 (miou) , 0.0000 (acc) 
\cow: 0.0000 (miou) , 0.0000 (acc) 
\diningtable: 0.0000 (miou) , 0.0000 (acc) 
\dog: 0.0000 (miou) , 0.0000 (acc) 
\horse: 0.4450 (miou) , 0.5178 (acc) 

curr_val_score : 0.4450
... save best ckpt :  0.4449691037952286
Model saved as checkpoints/limitdata/deeplabv3_resnet101_voc_10-1_step_3_overlap.pth
[10-1 / step 3] Epoch 17, Itrs 150/270, Loss=0.745482, CL_loss=0.000000, KD_loss_ret=   nan, Time=708.84 , LR=0.00481987
[10-1 / step 3] Epoch 23, Itrs 200/270, Loss=0.847235, CL_loss=0.000000, KD_loss_ret=   nan, Time=1043.17 , LR=0.00296730
validation...

Overall Acc: 0.875544
Mean Acc: 0.107760
FreqW Acc: 0.852610
Mean IoU: 0.101787
Class IoU/Acc:
\background: 0.9446 (miou) , 0.9551 (acc) 
\aeroplane: 0.0000 (miou) , 0.0000 (acc) 
\bicycle: 0.0000 (miou) , 0.0000 (acc) 
\bird: 0.0000 (miou) , 0.0000 (acc) 
\boat: 0.0000 (miou) , 0.0000 (acc) 
\bottle: 0.0000 (miou) , 0.0000 (acc) 
\bus: 0.0000 (miou) , 0.0000 (acc) 
\car: 0.0000 (miou) , 0.0000 (acc) 
\cat: 0.0000 (miou) , 0.0000 (acc) 
\chair: 0.0000 (miou) , 0.0000 (acc) 
\cow: 0.0000 (miou) , 0.0000 (acc) 
\diningtable: 0.0000 (miou) , 0.0000 (acc) 
\dog: 0.0000 (miou) , 0.0000 (acc) 
\horse: 0.4804 (miou) , 0.5535 (acc) 

curr_val_score : 0.4804
... save best ckpt :  0.48043421553196386
Model saved as checkpoints/limitdata/deeplabv3_resnet101_voc_10-1_step_3_overlap.pth
[10-1 / step 3] Epoch 28, Itrs 250/270, Loss=0.909199, CL_loss=0.000000, KD_loss_ret=   nan, Time=683.47 , LR=0.00096095
... Training Done
... Testing Best Model

Overall Acc: 0.931131
Mean Acc: 0.835812
FreqW Acc: 0.889554
Mean IoU: 0.662864
Class IoU/Acc:
\background: 0.9311 (miou) , 0.9499 (acc) 
\aeroplane: 0.7987 (miou) , 0.9571 (acc) 
\bicycle: 0.3951 (miou) , 0.8785 (acc) 
\bird: 0.8563 (miou) , 0.9539 (acc) 
\boat: 0.6127 (miou) , 0.9192 (acc) 
\bottle: 0.7256 (miou) , 0.9199 (acc) 
\bus: 0.9108 (miou) , 0.9796 (acc) 
\car: 0.8360 (miou) , 0.9220 (acc) 
\cat: 0.8925 (miou) , 0.9545 (acc) 
\chair: 0.3360 (miou) , 0.5400 (acc) 
\cow: 0.7513 (miou) , 0.8730 (acc) 
\diningtable: 0.2288 (miou) , 0.4078 (acc) 
\dog: 0.6750 (miou) , 0.8923 (acc) 
\horse: 0.3303 (miou) , 0.5535 (acc) 

...from 0 to 10 : best/test_before_mIoU : 0.731453
...from 11 to 13 best/test_after_mIoU : 0.411374
...from 0 to 10 : best/test_before_acc : 0.895251
...from 11 to 13 best/test_after_acc : 0.617868
===================Train Info===========================
  task : 10-1
  step : 4
  Device: cuda
  opts :  Namespace(KD_loss_type='KD_loss', KD_outlogits=False, amp=True, batch_size=12, bn_freeze=True, ckpt='checkpoints/limitdata/deeplabv3_resnet101_voc_10-1_step_2_overlap.pth', contrastive_learning=False, crop_size=513, crop_val=False, curr_itrs=0, curr_step=4, cutmix=False, cutout=False, data_ratio=0.25, data_root='/home/yb/dataset/VOC/PascalVOC12/VOCdevkit/VOC2012', dataset='voc', feature_decoupling=True, freeze=True, gpu_id='2,3', lamb=1.0, loss_type='bce_loss', lr=0.01, lr_policy='poly', mem_size=0, mixup=False, model='deeplabv3_resnet101', num_classes=[1, 1, 10, 1, 1, 1, 1], output_stride=16, overlap=True, print_interval=10, prototype_matching=False, pseudo=True, pseudo_thresh=0.7, random_seed=1, separable_conv=False, step_size=10000, task='10-1', test_only=False, train_epoch=30, unknown=True, use_KD_class_weight=False, use_KD_layer_weight=True, val_batch_size=1, val_interval=200, w_transfer=True, weight_decay=0.0001)
==============================================
... weight transfer
Model restored from checkpoints/limitdata/deeplabv3_resnet101_voc_10-1_step_3_overlap.pth
>>>num_all_file for step-train training: 482
>>>num_LD_file for step-train training: 120
>>>num_file for val: 76
Dataset: voc, Train set: 120, Val set: 76, Test set: 1449
... train epoch : 30 , iterations : 300 , val_interval : 100
Model saved as checkpoints/limitdata/deeplabv3_resnet101_voc_10-1_step_4_overlap.pth
[10-1 / step 4] Epoch 5, Itrs 50/300, Loss=0.593172, CL_loss=0.000000, KD_loss_ret=   nan, Time=644.98 , LR=0.00848666
[10-1 / step 4] Epoch 10, Itrs 100/300, Loss=0.613605, CL_loss=0.000000, KD_loss_ret=   nan, Time=647.33 , LR=0.00694253
validation...

Overall Acc: 0.923796
Mean Acc: 0.118897
FreqW Acc: 0.896405
Mean IoU: 0.112199
Class IoU/Acc:
\background: 0.9340 (miou) , 0.9457 (acc) 
\aeroplane: 0.0000 (miou) , 0.0000 (acc) 
\bicycle: 0.0000 (miou) , 0.0000 (acc) 
\bird: 0.0000 (miou) , 0.0000 (acc) 
\boat: 0.0000 (miou) , 0.0000 (acc) 
\bottle: 0.0000 (miou) , 0.0000 (acc) 
\bus: 0.0000 (miou) , 0.0000 (acc) 
\car: 0.0000 (miou) , 0.0000 (acc) 
\cat: 0.0000 (miou) , 0.0000 (acc) 
\chair: 0.0000 (miou) , 0.0000 (acc) 
\cow: 0.0000 (miou) , 0.0000 (acc) 
\diningtable: 0.0000 (miou) , 0.0000 (acc) 
\dog: 0.0000 (miou) , 0.0000 (acc) 
\horse: 0.0000 (miou) , 0.0000 (acc) 
\motorbike: 0.7490 (miou) , 0.8377 (acc) 

curr_val_score : 0.7490
... save best ckpt :  0.7490018542666631
Model saved as checkpoints/limitdata/deeplabv3_resnet101_voc_10-1_step_4_overlap.pth
[10-1 / step 4] Epoch 15, Itrs 150/300, Loss=0.650664, CL_loss=0.000000, KD_loss_ret=   nan, Time=654.08 , LR=0.00535887
[10-1 / step 4] Epoch 20, Itrs 200/300, Loss=0.636043, CL_loss=0.000000, KD_loss_ret=   nan, Time=645.81 , LR=0.00372041
validation...

Overall Acc: 0.924711
Mean Acc: 0.119110
FreqW Acc: 0.897479
Mean IoU: 0.112430
Class IoU/Acc:
\background: 0.9346 (miou) , 0.9462 (acc) 
\aeroplane: 0.0000 (miou) , 0.0000 (acc) 
\bicycle: 0.0000 (miou) , 0.0000 (acc) 
\bird: 0.0000 (miou) , 0.0000 (acc) 
\boat: 0.0000 (miou) , 0.0000 (acc) 
\bottle: 0.0000 (miou) , 0.0000 (acc) 
\bus: 0.0000 (miou) , 0.0000 (acc) 
\car: 0.0000 (miou) , 0.0000 (acc) 
\cat: 0.0000 (miou) , 0.0000 (acc) 
\chair: 0.0000 (miou) , 0.0000 (acc) 
\cow: 0.0000 (miou) , 0.0000 (acc) 
\diningtable: 0.0000 (miou) , 0.0000 (acc) 
\dog: 0.0000 (miou) , 0.0000 (acc) 
\horse: 0.0000 (miou) , 0.0000 (acc) 
\motorbike: 0.7518 (miou) , 0.8405 (acc) 

curr_val_score : 0.7518
... save best ckpt :  0.7518296753652517
Model saved as checkpoints/limitdata/deeplabv3_resnet101_voc_10-1_step_4_overlap.pth
[10-1 / step 4] Epoch 25, Itrs 250/300, Loss=0.620025, CL_loss=0.000000, KD_loss_ret=   nan, Time=646.26 , LR=0.00199372
[10-1 / step 4] Epoch 30, Itrs 300/300, Loss=0.531104, CL_loss=0.000000, KD_loss_ret=   nan, Time=650.24 , LR=0.00000100
validation...

Overall Acc: 0.926035
Mean Acc: 0.119513
FreqW Acc: 0.898810
Mean IoU: 0.112813
Class IoU/Acc:
\background: 0.9349 (miou) , 0.9464 (acc) 
\aeroplane: 0.0000 (miou) , 0.0000 (acc) 
\bicycle: 0.0000 (miou) , 0.0000 (acc) 
\bird: 0.0000 (miou) , 0.0000 (acc) 
\boat: 0.0000 (miou) , 0.0000 (acc) 
\bottle: 0.0000 (miou) , 0.0000 (acc) 
\bus: 0.0000 (miou) , 0.0000 (acc) 
\car: 0.0000 (miou) , 0.0000 (acc) 
\cat: 0.0000 (miou) , 0.0000 (acc) 
\chair: 0.0000 (miou) , 0.0000 (acc) 
\cow: 0.0000 (miou) , 0.0000 (acc) 
\diningtable: 0.0000 (miou) , 0.0000 (acc) 
\dog: 0.0000 (miou) , 0.0000 (acc) 
\horse: 0.0000 (miou) , 0.0000 (acc) 
\motorbike: 0.7573 (miou) , 0.8463 (acc) 

curr_val_score : 0.7573
... save best ckpt :  0.7573081952141676
Model saved as checkpoints/limitdata/deeplabv3_resnet101_voc_10-1_step_4_overlap.pth
... Training Done
... Testing Best Model

Overall Acc: 0.931646
Mean Acc: 0.828064
FreqW Acc: 0.887540
Mean IoU: 0.663199
Class IoU/Acc:
\background: 0.9322 (miou) , 0.9535 (acc) 
\aeroplane: 0.8019 (miou) , 0.9555 (acc) 
\bicycle: 0.3859 (miou) , 0.8277 (acc) 
\bird: 0.8568 (miou) , 0.9519 (acc) 
\boat: 0.6270 (miou) , 0.9093 (acc) 
\bottle: 0.7319 (miou) , 0.9179 (acc) 
\bus: 0.9101 (miou) , 0.9785 (acc) 
\car: 0.8208 (miou) , 0.9243 (acc) 
\cat: 0.8930 (miou) , 0.9528 (acc) 
\chair: 0.3384 (miou) , 0.5448 (acc) 
\cow: 0.7524 (miou) , 0.8726 (acc) 
\diningtable: 0.2614 (miou) , 0.4187 (acc) 
\dog: 0.6492 (miou) , 0.8602 (acc) 
\horse: 0.3572 (miou) , 0.5068 (acc) 
\motorbike: 0.6298 (miou) , 0.8463 (acc) 

...from 0 to 10 : best/test_before_mIoU : 0.731860
...from 11 to 14 best/test_after_mIoU : 0.474383
...from 0 to 10 : best/test_before_acc : 0.889897
...from 11 to 14 best/test_after_acc : 0.658024
===================Train Info===========================
  task : 10-1
  step : 5
  Device: cuda
  opts :  Namespace(KD_loss_type='KD_loss', KD_outlogits=False, amp=True, batch_size=12, bn_freeze=True, ckpt='checkpoints/limitdata/deeplabv3_resnet101_voc_10-1_step_3_overlap.pth', contrastive_learning=False, crop_size=513, crop_val=False, curr_itrs=0, curr_step=5, cutmix=False, cutout=False, data_ratio=0.25, data_root='/home/yb/dataset/VOC/PascalVOC12/VOCdevkit/VOC2012', dataset='voc', feature_decoupling=True, freeze=True, gpu_id='2,3', lamb=1.0, loss_type='bce_loss', lr=0.01, lr_policy='poly', mem_size=0, mixup=False, model='deeplabv3_resnet101', num_classes=[1, 1, 10, 1, 1, 1, 1, 1], output_stride=16, overlap=True, print_interval=10, prototype_matching=False, pseudo=True, pseudo_thresh=0.7, random_seed=1, separable_conv=False, step_size=10000, task='10-1', test_only=False, train_epoch=30, unknown=True, use_KD_class_weight=False, use_KD_layer_weight=True, val_batch_size=1, val_interval=200, w_transfer=True, weight_decay=0.0001)
==============================================
... weight transfer
Model restored from checkpoints/limitdata/deeplabv3_resnet101_voc_10-1_step_4_overlap.pth
>>>num_all_file for step-train training: 3898
>>>num_LD_file for step-train training: 974
>>>num_file for val: 446
Dataset: voc, Train set: 974, Val set: 446, Test set: 1449
... train epoch : 30 , iterations : 2430 , val_interval : 100
Model saved as checkpoints/limitdata/deeplabv3_resnet101_voc_10-1_step_5_overlap.pth
[10-1 / step 5] Epoch 1, Itrs 50/2430, Loss=0.699824, CL_loss=0.000000, KD_loss_ret=   nan, Time=584.92 , LR=0.00981462
[10-1 / step 5] Epoch 2, Itrs 100/2430, Loss=0.581699, CL_loss=0.000000, KD_loss_ret=   nan, Time=619.64 , LR=0.00962886
validation...

Overall Acc: 0.809455
Mean Acc: 0.104080
FreqW Acc: 0.785458
Mean IoU: 0.098034
Class IoU/Acc:
\background: 0.7861 (miou) , 0.7969 (acc) 
\aeroplane: 0.0000 (miou) , 0.0000 (acc) 
\bicycle: 0.0000 (miou) , 0.0000 (acc) 
\bird: 0.0000 (miou) , 0.0000 (acc) 
\boat: 0.0000 (miou) , 0.0000 (acc) 
\bottle: 0.0000 (miou) , 0.0000 (acc) 
\bus: 0.0000 (miou) , 0.0000 (acc) 
\car: 0.0000 (miou) , 0.0000 (acc) 
\cat: 0.0000 (miou) , 0.0000 (acc) 
\chair: 0.0000 (miou) , 0.0000 (acc) 
\cow: 0.0000 (miou) , 0.0000 (acc) 
\diningtable: 0.0000 (miou) , 0.0000 (acc) 
\dog: 0.0000 (miou) , 0.0000 (acc) 
\horse: 0.0000 (miou) , 0.0000 (acc) 
\motorbike: 0.0000 (miou) , 0.0000 (acc) 
\person: 0.7824 (miou) , 0.8684 (acc) 

curr_val_score : 0.7824
... save best ckpt :  0.7824410004522822
Model saved as checkpoints/limitdata/deeplabv3_resnet101_voc_10-1_step_5_overlap.pth
[10-1 / step 5] Epoch 2, Itrs 150/2430, Loss=0.584006, CL_loss=0.000000, KD_loss_ret=   nan, Time=581.05 , LR=0.00944269
[10-1 / step 5] Epoch 3, Itrs 200/2430, Loss=0.638086, CL_loss=0.000000, KD_loss_ret=   nan, Time=589.80 , LR=0.00925611
validation...

Overall Acc: 0.811800
Mean Acc: 0.103945
FreqW Acc: 0.788353
Mean IoU: 0.098275
Class IoU/Acc:
\background: 0.7895 (miou) , 0.8011 (acc) 
\aeroplane: 0.0000 (miou) , 0.0000 (acc) 
\bicycle: 0.0000 (miou) , 0.0000 (acc) 
\bird: 0.0000 (miou) , 0.0000 (acc) 
\boat: 0.0000 (miou) , 0.0000 (acc) 
\bottle: 0.0000 (miou) , 0.0000 (acc) 
\bus: 0.0000 (miou) , 0.0000 (acc) 
\car: 0.0000 (miou) , 0.0000 (acc) 
\cat: 0.0000 (miou) , 0.0000 (acc) 
\chair: 0.0000 (miou) , 0.0000 (acc) 
\cow: 0.0000 (miou) , 0.0000 (acc) 
\diningtable: 0.0000 (miou) , 0.0000 (acc) 
\dog: 0.0000 (miou) , 0.0000 (acc) 
\horse: 0.0000 (miou) , 0.0000 (acc) 
\motorbike: 0.0000 (miou) , 0.0000 (acc) 
\person: 0.7829 (miou) , 0.8620 (acc) 

curr_val_score : 0.7829
... save best ckpt :  0.7828794359318971
Model saved as checkpoints/limitdata/deeplabv3_resnet101_voc_10-1_step_5_overlap.pth
[10-1 / step 5] Epoch 4, Itrs 250/2430, Loss=0.664648, CL_loss=0.000000, KD_loss_ret=   nan, Time=729.98 , LR=0.00906912
[10-1 / step 5] Epoch 4, Itrs 300/2430, Loss=0.605811, CL_loss=0.000000, KD_loss_ret=   nan, Time=587.25 , LR=0.00888170
validation...

Overall Acc: 0.812713
Mean Acc: 0.103904
FreqW Acc: 0.789982
Mean IoU: 0.098490
Class IoU/Acc:
\background: 0.7911 (miou) , 0.8027 (acc) 
\aeroplane: 0.0000 (miou) , 0.0000 (acc) 
\bicycle: 0.0000 (miou) , 0.0000 (acc) 
\bird: 0.0000 (miou) , 0.0000 (acc) 
\boat: 0.0000 (miou) , 0.0000 (acc) 
\bottle: 0.0000 (miou) , 0.0000 (acc) 
\bus: 0.0000 (miou) , 0.0000 (acc) 
\car: 0.0000 (miou) , 0.0000 (acc) 
\cat: 0.0000 (miou) , 0.0000 (acc) 
\chair: 0.0000 (miou) , 0.0000 (acc) 
\cow: 0.0000 (miou) , 0.0000 (acc) 
\diningtable: 0.0000 (miou) , 0.0000 (acc) 
\dog: 0.0000 (miou) , 0.0000 (acc) 
\horse: 0.0000 (miou) , 0.0000 (acc) 
\motorbike: 0.0000 (miou) , 0.0000 (acc) 
\person: 0.7847 (miou) , 0.8598 (acc) 

curr_val_score : 0.7847
... save best ckpt :  0.7847491438630934
Model saved as checkpoints/limitdata/deeplabv3_resnet101_voc_10-1_step_5_overlap.pth
[10-1 / step 5] Epoch 5, Itrs 350/2430, Loss=0.664287, CL_loss=0.000000, KD_loss_ret=   nan, Time=610.45 , LR=0.00869383
[10-1 / step 5] Epoch 5, Itrs 400/2430, Loss=0.627429, CL_loss=0.000000, KD_loss_ret=   nan, Time=578.94 , LR=0.00850552
validation...

Overall Acc: 0.815166
Mean Acc: 0.104358
FreqW Acc: 0.791973
Mean IoU: 0.098742
Class IoU/Acc:
\background: 0.7931 (miou) , 0.8045 (acc) 
\aeroplane: 0.0000 (miou) , 0.0000 (acc) 
\bicycle: 0.0000 (miou) , 0.0000 (acc) 
\bird: 0.0000 (miou) , 0.0000 (acc) 
\boat: 0.0000 (miou) , 0.0000 (acc) 
\bottle: 0.0000 (miou) , 0.0000 (acc) 
\bus: 0.0000 (miou) , 0.0000 (acc) 
\car: 0.0000 (miou) , 0.0000 (acc) 
\cat: 0.0000 (miou) , 0.0000 (acc) 
\chair: 0.0000 (miou) , 0.0000 (acc) 
\cow: 0.0000 (miou) , 0.0000 (acc) 
\diningtable: 0.0000 (miou) , 0.0000 (acc) 
\dog: 0.0000 (miou) , 0.0000 (acc) 
\horse: 0.0000 (miou) , 0.0000 (acc) 
\motorbike: 0.0000 (miou) , 0.0000 (acc) 
\person: 0.7868 (miou) , 0.8652 (acc) 

curr_val_score : 0.7868
... save best ckpt :  0.7867969313070606
Model saved as checkpoints/limitdata/deeplabv3_resnet101_voc_10-1_step_5_overlap.pth
[10-1 / step 5] Epoch 6, Itrs 450/2430, Loss=0.584229, CL_loss=0.000000, KD_loss_ret=   nan, Time=586.11 , LR=0.00831674
[10-1 / step 5] Epoch 7, Itrs 500/2430, Loss=0.630543, CL_loss=0.000000, KD_loss_ret=   nan, Time=643.92 , LR=0.00812748
validation...

Overall Acc: 0.812607
Mean Acc: 0.104274
FreqW Acc: 0.789531
Mean IoU: 0.098611
Class IoU/Acc:
\background: 0.7899 (miou) , 0.8009 (acc) 
\aeroplane: 0.0000 (miou) , 0.0000 (acc) 
\bicycle: 0.0000 (miou) , 0.0000 (acc) 
\bird: 0.0000 (miou) , 0.0000 (acc) 
\boat: 0.0000 (miou) , 0.0000 (acc) 
\bottle: 0.0000 (miou) , 0.0000 (acc) 
\bus: 0.0000 (miou) , 0.0000 (acc) 
\car: 0.0000 (miou) , 0.0000 (acc) 
\cat: 0.0000 (miou) , 0.0000 (acc) 
\chair: 0.0000 (miou) , 0.0000 (acc) 
\cow: 0.0000 (miou) , 0.0000 (acc) 
\diningtable: 0.0000 (miou) , 0.0000 (acc) 
\dog: 0.0000 (miou) , 0.0000 (acc) 
\horse: 0.0000 (miou) , 0.0000 (acc) 
\motorbike: 0.0000 (miou) , 0.0000 (acc) 
\person: 0.7879 (miou) , 0.8675 (acc) 

curr_val_score : 0.7879
... save best ckpt :  0.7878973647521024
Model saved as checkpoints/limitdata/deeplabv3_resnet101_voc_10-1_step_5_overlap.pth
[10-1 / step 5] Epoch 7, Itrs 550/2430, Loss=0.617846, CL_loss=0.000000, KD_loss_ret=   nan, Time=584.39 , LR=0.00793773
[10-1 / step 5] Epoch 8, Itrs 600/2430, Loss=0.632328, CL_loss=0.000000, KD_loss_ret=   nan, Time=601.38 , LR=0.00774748
validation...

Overall Acc: 0.817973
Mean Acc: 0.104321
FreqW Acc: 0.794736
Mean IoU: 0.098957
Class IoU/Acc:
\background: 0.7964 (miou) , 0.8090 (acc) 
\aeroplane: 0.0000 (miou) , 0.0000 (acc) 
\bicycle: 0.0000 (miou) , 0.0000 (acc) 
\bird: 0.0000 (miou) , 0.0000 (acc) 
\boat: 0.0000 (miou) , 0.0000 (acc) 
\bottle: 0.0000 (miou) , 0.0000 (acc) 
\bus: 0.0000 (miou) , 0.0000 (acc) 
\car: 0.0000 (miou) , 0.0000 (acc) 
\cat: 0.0000 (miou) , 0.0000 (acc) 
\chair: 0.0000 (miou) , 0.0000 (acc) 
\cow: 0.0000 (miou) , 0.0000 (acc) 
\diningtable: 0.0000 (miou) , 0.0000 (acc) 
\dog: 0.0000 (miou) , 0.0000 (acc) 
\horse: 0.0000 (miou) , 0.0000 (acc) 
\motorbike: 0.0000 (miou) , 0.0000 (acc) 
\person: 0.7869 (miou) , 0.8601 (acc) 

curr_val_score : 0.7869
[10-1 / step 5] Epoch 9, Itrs 650/2430, Loss=0.384476, CL_loss=0.000000, KD_loss_ret=   nan, Time=1093.37 , LR=0.00755670
[10-1 / step 5] Epoch 9, Itrs 700/2430, Loss=0.584318, CL_loss=0.000000, KD_loss_ret=   nan, Time=591.95 , LR=0.00736539
validation...

Overall Acc: 0.814817
Mean Acc: 0.104006
FreqW Acc: 0.792393
Mean IoU: 0.098824
Class IoU/Acc:
\background: 0.7934 (miou) , 0.8055 (acc) 
\aeroplane: 0.0000 (miou) , 0.0000 (acc) 
\bicycle: 0.0000 (miou) , 0.0000 (acc) 
\bird: 0.0000 (miou) , 0.0000 (acc) 
\boat: 0.0000 (miou) , 0.0000 (acc) 
\bottle: 0.0000 (miou) , 0.0000 (acc) 
\bus: 0.0000 (miou) , 0.0000 (acc) 
\car: 0.0000 (miou) , 0.0000 (acc) 
\cat: 0.0000 (miou) , 0.0000 (acc) 
\chair: 0.0000 (miou) , 0.0000 (acc) 
\cow: 0.0000 (miou) , 0.0000 (acc) 
\diningtable: 0.0000 (miou) , 0.0000 (acc) 
\dog: 0.0000 (miou) , 0.0000 (acc) 
\horse: 0.0000 (miou) , 0.0000 (acc) 
\motorbike: 0.0000 (miou) , 0.0000 (acc) 
\person: 0.7878 (miou) , 0.8586 (acc) 

curr_val_score : 0.7878
[10-1 / step 5] Epoch 10, Itrs 750/2430, Loss=0.564047, CL_loss=0.000000, KD_loss_ret=   nan, Time=610.33 , LR=0.00717353
[10-1 / step 5] Epoch 10, Itrs 800/2430, Loss=0.582655, CL_loss=0.000000, KD_loss_ret=   nan, Time=575.50 , LR=0.00698109
validation...

Overall Acc: 0.814555
Mean Acc: 0.103903
FreqW Acc: 0.791995
Mean IoU: 0.098739
Class IoU/Acc:
\background: 0.7931 (miou) , 0.8055 (acc) 
\aeroplane: 0.0000 (miou) , 0.0000 (acc) 
\bicycle: 0.0000 (miou) , 0.0000 (acc) 
\bird: 0.0000 (miou) , 0.0000 (acc) 
\boat: 0.0000 (miou) , 0.0000 (acc) 
\bottle: 0.0000 (miou) , 0.0000 (acc) 
\bus: 0.0000 (miou) , 0.0000 (acc) 
\car: 0.0000 (miou) , 0.0000 (acc) 
\cat: 0.0000 (miou) , 0.0000 (acc) 
\chair: 0.0000 (miou) , 0.0000 (acc) 
\cow: 0.0000 (miou) , 0.0000 (acc) 
\diningtable: 0.0000 (miou) , 0.0000 (acc) 
\dog: 0.0000 (miou) , 0.0000 (acc) 
\horse: 0.0000 (miou) , 0.0000 (acc) 
\motorbike: 0.0000 (miou) , 0.0000 (acc) 
\person: 0.7867 (miou) , 0.8569 (acc) 

curr_val_score : 0.7867
[10-1 / step 5] Epoch 11, Itrs 850/2430, Loss=0.574174, CL_loss=0.000000, KD_loss_ret=   nan, Time=589.69 , LR=0.00678806
[10-1 / step 5] Epoch 12, Itrs 900/2430, Loss=0.626386, CL_loss=0.000000, KD_loss_ret=   nan, Time=679.97 , LR=0.00659442
validation...

Overall Acc: 0.815694
Mean Acc: 0.104283
FreqW Acc: 0.792950
Mean IoU: 0.098866
Class IoU/Acc:
\background: 0.7940 (miou) , 0.8056 (acc) 
\aeroplane: 0.0000 (miou) , 0.0000 (acc) 
\bicycle: 0.0000 (miou) , 0.0000 (acc) 
\bird: 0.0000 (miou) , 0.0000 (acc) 
\boat: 0.0000 (miou) , 0.0000 (acc) 
\bottle: 0.0000 (miou) , 0.0000 (acc) 
\bus: 0.0000 (miou) , 0.0000 (acc) 
\car: 0.0000 (miou) , 0.0000 (acc) 
\cat: 0.0000 (miou) , 0.0000 (acc) 
\chair: 0.0000 (miou) , 0.0000 (acc) 
\cow: 0.0000 (miou) , 0.0000 (acc) 
\diningtable: 0.0000 (miou) , 0.0000 (acc) 
\dog: 0.0000 (miou) , 0.0000 (acc) 
\horse: 0.0000 (miou) , 0.0000 (acc) 
\motorbike: 0.0000 (miou) , 0.0000 (acc) 
\person: 0.7878 (miou) , 0.8629 (acc) 

curr_val_score : 0.7878
[10-1 / step 5] Epoch 12, Itrs 950/2430, Loss=0.626764, CL_loss=0.000000, KD_loss_ret=   nan, Time=580.49 , LR=0.00640015
[10-1 / step 5] Epoch 13, Itrs 1000/2430, Loss=0.640173, CL_loss=0.000000, KD_loss_ret=   nan, Time=601.16 , LR=0.00620521
validation...

Overall Acc: 0.816415
Mean Acc: 0.103938
FreqW Acc: 0.794183
Mean IoU: 0.098977
Class IoU/Acc:
\background: 0.7955 (miou) , 0.8082 (acc) 
\aeroplane: 0.0000 (miou) , 0.0000 (acc) 
\bicycle: 0.0000 (miou) , 0.0000 (acc) 
\bird: 0.0000 (miou) , 0.0000 (acc) 
\boat: 0.0000 (miou) , 0.0000 (acc) 
\bottle: 0.0000 (miou) , 0.0000 (acc) 
\bus: 0.0000 (miou) , 0.0000 (acc) 
\car: 0.0000 (miou) , 0.0000 (acc) 
\cat: 0.0000 (miou) , 0.0000 (acc) 
\chair: 0.0000 (miou) , 0.0000 (acc) 
\cow: 0.0000 (miou) , 0.0000 (acc) 
\diningtable: 0.0000 (miou) , 0.0000 (acc) 
\dog: 0.0000 (miou) , 0.0000 (acc) 
\horse: 0.0000 (miou) , 0.0000 (acc) 
\motorbike: 0.0000 (miou) , 0.0000 (acc) 
\person: 0.7882 (miou) , 0.8548 (acc) 

curr_val_score : 0.7882
... save best ckpt :  0.7881697763927525
Model saved as checkpoints/limitdata/deeplabv3_resnet101_voc_10-1_step_5_overlap.pth
[10-1 / step 5] Epoch 13, Itrs 1050/2430, Loss=0.599790, CL_loss=0.000000, KD_loss_ret=   nan, Time=576.80 , LR=0.00600960
[10-1 / step 5] Epoch 14, Itrs 1100/2430, Loss=0.609679, CL_loss=0.000000, KD_loss_ret=   nan, Time=587.69 , LR=0.00581327
validation...

Overall Acc: 0.814986
Mean Acc: 0.104908
FreqW Acc: 0.791475
Mean IoU: 0.098941
Class IoU/Acc:
\background: 0.7914 (miou) , 0.8018 (acc) 
\aeroplane: 0.0000 (miou) , 0.0000 (acc) 
\bicycle: 0.0000 (miou) , 0.0000 (acc) 
\bird: 0.0000 (miou) , 0.0000 (acc) 
\boat: 0.0000 (miou) , 0.0000 (acc) 
\bottle: 0.0000 (miou) , 0.0000 (acc) 
\bus: 0.0000 (miou) , 0.0000 (acc) 
\car: 0.0000 (miou) , 0.0000 (acc) 
\cat: 0.0000 (miou) , 0.0000 (acc) 
\chair: 0.0000 (miou) , 0.0000 (acc) 
\cow: 0.0000 (miou) , 0.0000 (acc) 
\diningtable: 0.0000 (miou) , 0.0000 (acc) 
\dog: 0.0000 (miou) , 0.0000 (acc) 
\horse: 0.0000 (miou) , 0.0000 (acc) 
\motorbike: 0.0000 (miou) , 0.0000 (acc) 
\person: 0.7916 (miou) , 0.8767 (acc) 

curr_val_score : 0.7916
... save best ckpt :  0.7916095471745792
Model saved as checkpoints/limitdata/deeplabv3_resnet101_voc_10-1_step_5_overlap.pth
[10-1 / step 5] Epoch 15, Itrs 1150/2430, Loss=0.552758, CL_loss=0.000000, KD_loss_ret=   nan, Time=638.55 , LR=0.00561621
[10-1 / step 5] Epoch 15, Itrs 1200/2430, Loss=0.589874, CL_loss=0.000000, KD_loss_ret=   nan, Time=581.45 , LR=0.00541837
validation...

Overall Acc: 0.814364
Mean Acc: 0.104854
FreqW Acc: 0.790860
Mean IoU: 0.098882
Class IoU/Acc:
\background: 0.7908 (miou) , 0.8011 (acc) 
\aeroplane: 0.0000 (miou) , 0.0000 (acc) 
\bicycle: 0.0000 (miou) , 0.0000 (acc) 
\bird: 0.0000 (miou) , 0.0000 (acc) 
\boat: 0.0000 (miou) , 0.0000 (acc) 
\bottle: 0.0000 (miou) , 0.0000 (acc) 
\bus: 0.0000 (miou) , 0.0000 (acc) 
\car: 0.0000 (miou) , 0.0000 (acc) 
\cat: 0.0000 (miou) , 0.0000 (acc) 
\chair: 0.0000 (miou) , 0.0000 (acc) 
\cow: 0.0000 (miou) , 0.0000 (acc) 
\diningtable: 0.0000 (miou) , 0.0000 (acc) 
\dog: 0.0000 (miou) , 0.0000 (acc) 
\horse: 0.0000 (miou) , 0.0000 (acc) 
\motorbike: 0.0000 (miou) , 0.0000 (acc) 
\person: 0.7914 (miou) , 0.8765 (acc) 

curr_val_score : 0.7914
[10-1 / step 5] Epoch 16, Itrs 1250/2430, Loss=0.588518, CL_loss=0.000000, KD_loss_ret=   nan, Time=599.14 , LR=0.00521973
[10-1 / step 5] Epoch 17, Itrs 1300/2430, Loss=0.615920, CL_loss=0.000000, KD_loss_ret=   nan, Time=829.74 , LR=0.00502025
validation...

Overall Acc: 0.816123
Mean Acc: 0.104718
FreqW Acc: 0.793024
Mean IoU: 0.099047
Class IoU/Acc:
\background: 0.7934 (miou) , 0.8044 (acc) 
\aeroplane: 0.0000 (miou) , 0.0000 (acc) 
\bicycle: 0.0000 (miou) , 0.0000 (acc) 
\bird: 0.0000 (miou) , 0.0000 (acc) 
\boat: 0.0000 (miou) , 0.0000 (acc) 
\bottle: 0.0000 (miou) , 0.0000 (acc) 
\bus: 0.0000 (miou) , 0.0000 (acc) 
\car: 0.0000 (miou) , 0.0000 (acc) 
\cat: 0.0000 (miou) , 0.0000 (acc) 
\chair: 0.0000 (miou) , 0.0000 (acc) 
\cow: 0.0000 (miou) , 0.0000 (acc) 
\diningtable: 0.0000 (miou) , 0.0000 (acc) 
\dog: 0.0000 (miou) , 0.0000 (acc) 
\horse: 0.0000 (miou) , 0.0000 (acc) 
\motorbike: 0.0000 (miou) , 0.0000 (acc) 
\person: 0.7914 (miou) , 0.8711 (acc) 

curr_val_score : 0.7914
[10-1 / step 5] Epoch 17, Itrs 1350/2430, Loss=0.583263, CL_loss=0.000000, KD_loss_ret=   nan, Time=580.03 , LR=0.00481987
[10-1 / step 5] Epoch 18, Itrs 1400/2430, Loss=0.639317, CL_loss=0.000000, KD_loss_ret=   nan, Time=602.65 , LR=0.00461857
validation...

Overall Acc: 0.816988
Mean Acc: 0.104655
FreqW Acc: 0.793991
Mean IoU: 0.099123
Class IoU/Acc:
\background: 0.7945 (miou) , 0.8060 (acc) 
\aeroplane: 0.0000 (miou) , 0.0000 (acc) 
\bicycle: 0.0000 (miou) , 0.0000 (acc) 
\bird: 0.0000 (miou) , 0.0000 (acc) 
\boat: 0.0000 (miou) , 0.0000 (acc) 
\bottle: 0.0000 (miou) , 0.0000 (acc) 
\bus: 0.0000 (miou) , 0.0000 (acc) 
\car: 0.0000 (miou) , 0.0000 (acc) 
\cat: 0.0000 (miou) , 0.0000 (acc) 
\chair: 0.0000 (miou) , 0.0000 (acc) 
\cow: 0.0000 (miou) , 0.0000 (acc) 
\diningtable: 0.0000 (miou) , 0.0000 (acc) 
\dog: 0.0000 (miou) , 0.0000 (acc) 
\horse: 0.0000 (miou) , 0.0000 (acc) 
\motorbike: 0.0000 (miou) , 0.0000 (acc) 
\person: 0.7914 (miou) , 0.8684 (acc) 

curr_val_score : 0.7914
[10-1 / step 5] Epoch 18, Itrs 1450/2430, Loss=0.594439, CL_loss=0.000000, KD_loss_ret=   nan, Time=575.15 , LR=0.00441629
[10-1 / step 5] Epoch 19, Itrs 1500/2430, Loss=0.592894, CL_loss=0.000000, KD_loss_ret=   nan, Time=588.09 , LR=0.00421298
validation...

Overall Acc: 0.818025
Mean Acc: 0.104998
FreqW Acc: 0.794647
Mean IoU: 0.099246
Class IoU/Acc:
\background: 0.7950 (miou) , 0.8061 (acc) 
\aeroplane: 0.0000 (miou) , 0.0000 (acc) 
\bicycle: 0.0000 (miou) , 0.0000 (acc) 
\bird: 0.0000 (miou) , 0.0000 (acc) 
\boat: 0.0000 (miou) , 0.0000 (acc) 
\bottle: 0.0000 (miou) , 0.0000 (acc) 
\bus: 0.0000 (miou) , 0.0000 (acc) 
\car: 0.0000 (miou) , 0.0000 (acc) 
\cat: 0.0000 (miou) , 0.0000 (acc) 
\chair: 0.0000 (miou) , 0.0000 (acc) 
\cow: 0.0000 (miou) , 0.0000 (acc) 
\diningtable: 0.0000 (miou) , 0.0000 (acc) 
\dog: 0.0000 (miou) , 0.0000 (acc) 
\horse: 0.0000 (miou) , 0.0000 (acc) 
\motorbike: 0.0000 (miou) , 0.0000 (acc) 
\person: 0.7929 (miou) , 0.8738 (acc) 

curr_val_score : 0.7929
... save best ckpt :  0.79291747021031
Model saved as checkpoints/limitdata/deeplabv3_resnet101_voc_10-1_step_5_overlap.pth
[10-1 / step 5] Epoch 20, Itrs 1550/2430, Loss=0.577215, CL_loss=0.000000, KD_loss_ret=   nan, Time=658.31 , LR=0.00400856
[10-1 / step 5] Epoch 20, Itrs 1600/2430, Loss=0.589284, CL_loss=0.000000, KD_loss_ret=   nan, Time=580.39 , LR=0.00380299
validation...

Overall Acc: 0.815056
Mean Acc: 0.104745
FreqW Acc: 0.791923
Mean IoU: 0.098972
Class IoU/Acc:
\background: 0.7920 (miou) , 0.8027 (acc) 
\aeroplane: 0.0000 (miou) , 0.0000 (acc) 
\bicycle: 0.0000 (miou) , 0.0000 (acc) 
\bird: 0.0000 (miou) , 0.0000 (acc) 
\boat: 0.0000 (miou) , 0.0000 (acc) 
\bottle: 0.0000 (miou) , 0.0000 (acc) 
\bus: 0.0000 (miou) , 0.0000 (acc) 
\car: 0.0000 (miou) , 0.0000 (acc) 
\cat: 0.0000 (miou) , 0.0000 (acc) 
\chair: 0.0000 (miou) , 0.0000 (acc) 
\cow: 0.0000 (miou) , 0.0000 (acc) 
\diningtable: 0.0000 (miou) , 0.0000 (acc) 
\dog: 0.0000 (miou) , 0.0000 (acc) 
\horse: 0.0000 (miou) , 0.0000 (acc) 
\motorbike: 0.0000 (miou) , 0.0000 (acc) 
\person: 0.7915 (miou) , 0.8733 (acc) 

curr_val_score : 0.7915
[10-1 / step 5] Epoch 21, Itrs 1650/2430, Loss=0.576906, CL_loss=0.000000, KD_loss_ret=   nan, Time=596.58 , LR=0.00359616
[10-1 / step 5] Epoch 21, Itrs 1700/2430, Loss=0.586789, CL_loss=0.000000, KD_loss_ret=   nan, Time=575.20 , LR=0.00338801
validation...

Overall Acc: 0.815480
Mean Acc: 0.104612
FreqW Acc: 0.792776
Mean IoU: 0.099094
Class IoU/Acc:
\background: 0.7928 (miou) , 0.8039 (acc) 
\aeroplane: 0.0000 (miou) , 0.0000 (acc) 
\bicycle: 0.0000 (miou) , 0.0000 (acc) 
\bird: 0.0000 (miou) , 0.0000 (acc) 
\boat: 0.0000 (miou) , 0.0000 (acc) 
\bottle: 0.0000 (miou) , 0.0000 (acc) 
\bus: 0.0000 (miou) , 0.0000 (acc) 
\car: 0.0000 (miou) , 0.0000 (acc) 
\cat: 0.0000 (miou) , 0.0000 (acc) 
\chair: 0.0000 (miou) , 0.0000 (acc) 
\cow: 0.0000 (miou) , 0.0000 (acc) 
\diningtable: 0.0000 (miou) , 0.0000 (acc) 
\dog: 0.0000 (miou) , 0.0000 (acc) 
\horse: 0.0000 (miou) , 0.0000 (acc) 
\motorbike: 0.0000 (miou) , 0.0000 (acc) 
\person: 0.7927 (miou) , 0.8699 (acc) 

curr_val_score : 0.7927
[10-1 / step 5] Epoch 22, Itrs 1750/2430, Loss=0.598852, CL_loss=0.000000, KD_loss_ret=   nan, Time=587.30 , LR=0.00317843
[10-1 / step 5] Epoch 23, Itrs 1800/2430, Loss=0.570414, CL_loss=0.000000, KD_loss_ret=   nan, Time=624.38 , LR=0.00296730
validation...

Overall Acc: 0.814766
Mean Acc: 0.104650
FreqW Acc: 0.791932
Mean IoU: 0.098998
Class IoU/Acc:
\background: 0.7919 (miou) , 0.8026 (acc) 
\aeroplane: 0.0000 (miou) , 0.0000 (acc) 
\bicycle: 0.0000 (miou) , 0.0000 (acc) 
\bird: 0.0000 (miou) , 0.0000 (acc) 
\boat: 0.0000 (miou) , 0.0000 (acc) 
\bottle: 0.0000 (miou) , 0.0000 (acc) 
\bus: 0.0000 (miou) , 0.0000 (acc) 
\car: 0.0000 (miou) , 0.0000 (acc) 
\cat: 0.0000 (miou) , 0.0000 (acc) 
\chair: 0.0000 (miou) , 0.0000 (acc) 
\cow: 0.0000 (miou) , 0.0000 (acc) 
\diningtable: 0.0000 (miou) , 0.0000 (acc) 
\dog: 0.0000 (miou) , 0.0000 (acc) 
\horse: 0.0000 (miou) , 0.0000 (acc) 
\motorbike: 0.0000 (miou) , 0.0000 (acc) 
\person: 0.7921 (miou) , 0.8718 (acc) 

curr_val_score : 0.7921
[10-1 / step 5] Epoch 23, Itrs 1850/2430, Loss=0.611171, CL_loss=0.000000, KD_loss_ret=   nan, Time=578.76 , LR=0.00275448
[10-1 / step 5] Epoch 24, Itrs 1900/2430, Loss=0.565983, CL_loss=0.000000, KD_loss_ret=   nan, Time=592.07 , LR=0.00253982
validation...

Overall Acc: 0.816009
Mean Acc: 0.104716
FreqW Acc: 0.793142
Mean IoU: 0.099138
Class IoU/Acc:
\background: 0.7932 (miou) , 0.8043 (acc) 
\aeroplane: 0.0000 (miou) , 0.0000 (acc) 
\bicycle: 0.0000 (miou) , 0.0000 (acc) 
\bird: 0.0000 (miou) , 0.0000 (acc) 
\boat: 0.0000 (miou) , 0.0000 (acc) 
\bottle: 0.0000 (miou) , 0.0000 (acc) 
\bus: 0.0000 (miou) , 0.0000 (acc) 
\car: 0.0000 (miou) , 0.0000 (acc) 
\cat: 0.0000 (miou) , 0.0000 (acc) 
\chair: 0.0000 (miou) , 0.0000 (acc) 
\cow: 0.0000 (miou) , 0.0000 (acc) 
\diningtable: 0.0000 (miou) , 0.0000 (acc) 
\dog: 0.0000 (miou) , 0.0000 (acc) 
\horse: 0.0000 (miou) , 0.0000 (acc) 
\motorbike: 0.0000 (miou) , 0.0000 (acc) 
\person: 0.7930 (miou) , 0.8712 (acc) 

curr_val_score : 0.7930
... save best ckpt :  0.7930454845065356
Model saved as checkpoints/limitdata/deeplabv3_resnet101_voc_10-1_step_5_overlap.pth
[10-1 / step 5] Epoch 25, Itrs 1950/2430, Loss=0.721565, CL_loss=0.000000, KD_loss_ret=   nan, Time=736.99 , LR=0.00232312
[10-1 / step 5] Epoch 25, Itrs 2000/2430, Loss=0.582979, CL_loss=0.000000, KD_loss_ret=   nan, Time=576.51 , LR=0.00210415
validation...

Overall Acc: 0.815999
Mean Acc: 0.104691
FreqW Acc: 0.793214
Mean IoU: 0.099132
Class IoU/Acc:
\background: 0.7933 (miou) , 0.8043 (acc) 
\aeroplane: 0.0000 (miou) , 0.0000 (acc) 
\bicycle: 0.0000 (miou) , 0.0000 (acc) 
\bird: 0.0000 (miou) , 0.0000 (acc) 
\boat: 0.0000 (miou) , 0.0000 (acc) 
\bottle: 0.0000 (miou) , 0.0000 (acc) 
\bus: 0.0000 (miou) , 0.0000 (acc) 
\car: 0.0000 (miou) , 0.0000 (acc) 
\cat: 0.0000 (miou) , 0.0000 (acc) 
\chair: 0.0000 (miou) , 0.0000 (acc) 
\cow: 0.0000 (miou) , 0.0000 (acc) 
\diningtable: 0.0000 (miou) , 0.0000 (acc) 
\dog: 0.0000 (miou) , 0.0000 (acc) 
\horse: 0.0000 (miou) , 0.0000 (acc) 
\motorbike: 0.0000 (miou) , 0.0000 (acc) 
\person: 0.7928 (miou) , 0.8707 (acc) 

curr_val_score : 0.7928
[10-1 / step 5] Epoch 26, Itrs 2050/2430, Loss=0.618584, CL_loss=0.000000, KD_loss_ret=   nan, Time=603.13 , LR=0.00188261
[10-1 / step 5] Epoch 26, Itrs 2100/2430, Loss=0.589522, CL_loss=0.000000, KD_loss_ret=   nan, Time=574.81 , LR=0.00165812
validation...

Overall Acc: 0.815349
Mean Acc: 0.104800
FreqW Acc: 0.792280
Mean IoU: 0.099045
Class IoU/Acc:
\background: 0.7922 (miou) , 0.8029 (acc) 
\aeroplane: 0.0000 (miou) , 0.0000 (acc) 
\bicycle: 0.0000 (miou) , 0.0000 (acc) 
\bird: 0.0000 (miou) , 0.0000 (acc) 
\boat: 0.0000 (miou) , 0.0000 (acc) 
\bottle: 0.0000 (miou) , 0.0000 (acc) 
\bus: 0.0000 (miou) , 0.0000 (acc) 
\car: 0.0000 (miou) , 0.0000 (acc) 
\cat: 0.0000 (miou) , 0.0000 (acc) 
\chair: 0.0000 (miou) , 0.0000 (acc) 
\cow: 0.0000 (miou) , 0.0000 (acc) 
\diningtable: 0.0000 (miou) , 0.0000 (acc) 
\dog: 0.0000 (miou) , 0.0000 (acc) 
\horse: 0.0000 (miou) , 0.0000 (acc) 
\motorbike: 0.0000 (miou) , 0.0000 (acc) 
\person: 0.7925 (miou) , 0.8739 (acc) 

curr_val_score : 0.7925
[10-1 / step 5] Epoch 27, Itrs 2150/2430, Loss=0.600639, CL_loss=0.000000, KD_loss_ret=   nan, Time=587.39 , LR=0.00143020
[10-1 / step 5] Epoch 28, Itrs 2200/2430, Loss=0.593014, CL_loss=0.000000, KD_loss_ret=   nan, Time=650.94 , LR=0.00119815
validation...

Overall Acc: 0.815931
Mean Acc: 0.104601
FreqW Acc: 0.793112
Mean IoU: 0.099085
Class IoU/Acc:
\background: 0.7933 (miou) , 0.8046 (acc) 
\aeroplane: 0.0000 (miou) , 0.0000 (acc) 
\bicycle: 0.0000 (miou) , 0.0000 (acc) 
\bird: 0.0000 (miou) , 0.0000 (acc) 
\boat: 0.0000 (miou) , 0.0000 (acc) 
\bottle: 0.0000 (miou) , 0.0000 (acc) 
\bus: 0.0000 (miou) , 0.0000 (acc) 
\car: 0.0000 (miou) , 0.0000 (acc) 
\cat: 0.0000 (miou) , 0.0000 (acc) 
\chair: 0.0000 (miou) , 0.0000 (acc) 
\cow: 0.0000 (miou) , 0.0000 (acc) 
\diningtable: 0.0000 (miou) , 0.0000 (acc) 
\dog: 0.0000 (miou) , 0.0000 (acc) 
\horse: 0.0000 (miou) , 0.0000 (acc) 
\motorbike: 0.0000 (miou) , 0.0000 (acc) 
\person: 0.7920 (miou) , 0.8690 (acc) 

curr_val_score : 0.7920
[10-1 / step 5] Epoch 28, Itrs 2250/2430, Loss=0.564121, CL_loss=0.000000, KD_loss_ret=   nan, Time=577.27 , LR=0.00096095
[10-1 / step 5] Epoch 29, Itrs 2300/2430, Loss=0.576943, CL_loss=0.000000, KD_loss_ret=   nan, Time=593.25 , LR=0.00071697
validation...

Overall Acc: 0.815753
Mean Acc: 0.104614
FreqW Acc: 0.792915
Mean IoU: 0.099069
Class IoU/Acc:
\background: 0.7931 (miou) , 0.8043 (acc) 
\aeroplane: 0.0000 (miou) , 0.0000 (acc) 
\bicycle: 0.0000 (miou) , 0.0000 (acc) 
\bird: 0.0000 (miou) , 0.0000 (acc) 
\boat: 0.0000 (miou) , 0.0000 (acc) 
\bottle: 0.0000 (miou) , 0.0000 (acc) 
\bus: 0.0000 (miou) , 0.0000 (acc) 
\car: 0.0000 (miou) , 0.0000 (acc) 
\cat: 0.0000 (miou) , 0.0000 (acc) 
\chair: 0.0000 (miou) , 0.0000 (acc) 
\cow: 0.0000 (miou) , 0.0000 (acc) 
\diningtable: 0.0000 (miou) , 0.0000 (acc) 
\dog: 0.0000 (miou) , 0.0000 (acc) 
\horse: 0.0000 (miou) , 0.0000 (acc) 
\motorbike: 0.0000 (miou) , 0.0000 (acc) 
\person: 0.7920 (miou) , 0.8695 (acc) 

curr_val_score : 0.7920
[10-1 / step 5] Epoch 30, Itrs 2350/2430, Loss=0.675653, CL_loss=0.000000, KD_loss_ret=   nan, Time=1637.34 , LR=0.00046316
[10-1 / step 5] Epoch 30, Itrs 2400/2430, Loss=0.589257, CL_loss=0.000000, KD_loss_ret=   nan, Time=584.45 , LR=0.00019159
validation...

Overall Acc: 0.815531
Mean Acc: 0.104671
FreqW Acc: 0.792624
Mean IoU: 0.099062
Class IoU/Acc:
\background: 0.7927 (miou) , 0.8037 (acc) 
\aeroplane: 0.0000 (miou) , 0.0000 (acc) 
\bicycle: 0.0000 (miou) , 0.0000 (acc) 
\bird: 0.0000 (miou) , 0.0000 (acc) 
\boat: 0.0000 (miou) , 0.0000 (acc) 
\bottle: 0.0000 (miou) , 0.0000 (acc) 
\bus: 0.0000 (miou) , 0.0000 (acc) 
\car: 0.0000 (miou) , 0.0000 (acc) 
\cat: 0.0000 (miou) , 0.0000 (acc) 
\chair: 0.0000 (miou) , 0.0000 (acc) 
\cow: 0.0000 (miou) , 0.0000 (acc) 
\diningtable: 0.0000 (miou) , 0.0000 (acc) 
\dog: 0.0000 (miou) , 0.0000 (acc) 
\horse: 0.0000 (miou) , 0.0000 (acc) 
\motorbike: 0.0000 (miou) , 0.0000 (acc) 
\person: 0.7923 (miou) , 0.8710 (acc) 

curr_val_score : 0.7923
... Training Done
... Testing Best Model

Overall Acc: 0.921755
Mean Acc: 0.837037
FreqW Acc: 0.872923
Mean IoU: 0.665124
Class IoU/Acc:
\background: 0.9220 (miou) , 0.9429 (acc) 
\aeroplane: 0.8015 (miou) , 0.9541 (acc) 
\bicycle: 0.3762 (miou) , 0.8216 (acc) 
\bird: 0.8578 (miou) , 0.9511 (acc) 
\boat: 0.6141 (miou) , 0.9123 (acc) 
\bottle: 0.7292 (miou) , 0.9173 (acc) 
\bus: 0.9093 (miou) , 0.9793 (acc) 
\car: 0.8171 (miou) , 0.9246 (acc) 
\cat: 0.8932 (miou) , 0.9536 (acc) 
\chair: 0.3324 (miou) , 0.5560 (acc) 
\cow: 0.7439 (miou) , 0.8728 (acc) 
\diningtable: 0.2577 (miou) , 0.4764 (acc) 
\dog: 0.6519 (miou) , 0.8864 (acc) 
\horse: 0.3326 (miou) , 0.5380 (acc) 
\motorbike: 0.6230 (miou) , 0.8348 (acc) 
\person: 0.7802 (miou) , 0.8712 (acc) 

...from 0 to 10 : best/test_before_mIoU : 0.726964
...from 11 to 15 best/test_after_mIoU : 0.529077
...from 0 to 10 : best/test_before_acc : 0.889616
...from 11 to 15 best/test_after_acc : 0.721364
===================Train Info===========================
  task : 10-1
  step : 6
  Device: cuda
  opts :  Namespace(KD_loss_type='KD_loss', KD_outlogits=False, amp=True, batch_size=12, bn_freeze=True, ckpt='checkpoints/limitdata/deeplabv3_resnet101_voc_10-1_step_4_overlap.pth', contrastive_learning=False, crop_size=513, crop_val=False, curr_itrs=0, curr_step=6, cutmix=False, cutout=False, data_ratio=0.25, data_root='/home/yb/dataset/VOC/PascalVOC12/VOCdevkit/VOC2012', dataset='voc', feature_decoupling=True, freeze=True, gpu_id='2,3', lamb=1.0, loss_type='bce_loss', lr=0.01, lr_policy='poly', mem_size=0, mixup=False, model='deeplabv3_resnet101', num_classes=[1, 1, 10, 1, 1, 1, 1, 1, 1], output_stride=16, overlap=True, print_interval=10, prototype_matching=False, pseudo=True, pseudo_thresh=0.7, random_seed=1, separable_conv=False, step_size=10000, task='10-1', test_only=False, train_epoch=30, unknown=True, use_KD_class_weight=False, use_KD_layer_weight=True, val_batch_size=1, val_interval=200, w_transfer=True, weight_decay=0.0001)
==============================================
... weight transfer
Model restored from checkpoints/limitdata/deeplabv3_resnet101_voc_10-1_step_5_overlap.pth
>>>num_all_file for step-train training: 487
>>>num_LD_file for step-train training: 122
>>>num_file for val: 85
Dataset: voc, Train set: 122, Val set: 85, Test set: 1449
... train epoch : 30 , iterations : 300 , val_interval : 100
Model saved as checkpoints/limitdata/deeplabv3_resnet101_voc_10-1_step_6_overlap.pth
[10-1 / step 6] Epoch 5, Itrs 50/300, Loss=1.140780, CL_loss=0.000000, KD_loss_ret=   nan, Time=664.06 , LR=0.00848666
[10-1 / step 6] Epoch 10, Itrs 100/300, Loss=1.090068, CL_loss=0.000000, KD_loss_ret=   nan, Time=668.83 , LR=0.00694253
validation...

Overall Acc: 0.782643
Mean Acc: 0.056283
FreqW Acc: 0.743291
Mean IoU: 0.053598
Class IoU/Acc:
\background: 0.8049 (miou) , 0.8477 (acc) 
\aeroplane: 0.0000 (miou) , 0.0000 (acc) 
\bicycle: 0.0000 (miou) , 0.0000 (acc) 
\bird: 0.0000 (miou) , 0.0000 (acc) 
\boat: 0.0000 (miou) , 0.0000 (acc) 
\bottle: 0.0000 (miou) , 0.0000 (acc) 
\bus: 0.0000 (miou) , 0.0000 (acc) 
\car: 0.0000 (miou) , 0.0000 (acc) 
\cat: 0.0000 (miou) , 0.0000 (acc) 
\chair: 0.0000 (miou) , 0.0000 (acc) 
\cow: 0.0000 (miou) , 0.0000 (acc) 
\diningtable: 0.0000 (miou) , 0.0000 (acc) 
\dog: 0.0000 (miou) , 0.0000 (acc) 
\horse: 0.0000 (miou) , 0.0000 (acc) 
\motorbike: 0.0000 (miou) , 0.0000 (acc) 
\person: 0.0000 (miou) , 0.0000 (acc) 
\pottedplant: 0.1063 (miou) , 0.1091 (acc) 

curr_val_score : 0.1063
... save best ckpt :  0.10631807934801249
Model saved as checkpoints/limitdata/deeplabv3_resnet101_voc_10-1_step_6_overlap.pth
[10-1 / step 6] Epoch 15, Itrs 150/300, Loss=1.057847, CL_loss=0.000000, KD_loss_ret=   nan, Time=656.98 , LR=0.00535887
[10-1 / step 6] Epoch 20, Itrs 200/300, Loss=0.996919, CL_loss=0.000000, KD_loss_ret=   nan, Time=666.56 , LR=0.00372041
validation...

Overall Acc: 0.793029
Mean Acc: 0.061350
FreqW Acc: 0.754195
Mean IoU: 0.058521
Class IoU/Acc:
\background: 0.8091 (miou) , 0.8511 (acc) 
\aeroplane: 0.0000 (miou) , 0.0000 (acc) 
\bicycle: 0.0000 (miou) , 0.0000 (acc) 
\bird: 0.0000 (miou) , 0.0000 (acc) 
\boat: 0.0000 (miou) , 0.0000 (acc) 
\bottle: 0.0000 (miou) , 0.0000 (acc) 
\bus: 0.0000 (miou) , 0.0000 (acc) 
\car: 0.0000 (miou) , 0.0000 (acc) 
\cat: 0.0000 (miou) , 0.0000 (acc) 
\chair: 0.0000 (miou) , 0.0000 (acc) 
\cow: 0.0000 (miou) , 0.0000 (acc) 
\diningtable: 0.0000 (miou) , 0.0000 (acc) 
\dog: 0.0000 (miou) , 0.0000 (acc) 
\horse: 0.0000 (miou) , 0.0000 (acc) 
\motorbike: 0.0000 (miou) , 0.0000 (acc) 
\person: 0.0000 (miou) , 0.0000 (acc) 
\pottedplant: 0.1857 (miou) , 0.1918 (acc) 

curr_val_score : 0.1857
... save best ckpt :  0.18572718153662182
Model saved as checkpoints/limitdata/deeplabv3_resnet101_voc_10-1_step_6_overlap.pth
[10-1 / step 6] Epoch 25, Itrs 250/300, Loss=0.953505, CL_loss=0.000000, KD_loss_ret=   nan, Time=654.43 , LR=0.00199372
[10-1 / step 6] Epoch 30, Itrs 300/300, Loss=1.034073, CL_loss=0.000000, KD_loss_ret=   nan, Time=658.08 , LR=0.00000100
validation...

Overall Acc: 0.795541
Mean Acc: 0.062839
FreqW Acc: 0.756919
Mean IoU: 0.059962
Class IoU/Acc:
\background: 0.8098 (miou) , 0.8515 (acc) 
\aeroplane: 0.0000 (miou) , 0.0000 (acc) 
\bicycle: 0.0000 (miou) , 0.0000 (acc) 
\bird: 0.0000 (miou) , 0.0000 (acc) 
\boat: 0.0000 (miou) , 0.0000 (acc) 
\bottle: 0.0000 (miou) , 0.0000 (acc) 
\bus: 0.0000 (miou) , 0.0000 (acc) 
\car: 0.0000 (miou) , 0.0000 (acc) 
\cat: 0.0000 (miou) , 0.0000 (acc) 
\chair: 0.0000 (miou) , 0.0000 (acc) 
\cow: 0.0000 (miou) , 0.0000 (acc) 
\diningtable: 0.0000 (miou) , 0.0000 (acc) 
\dog: 0.0000 (miou) , 0.0000 (acc) 
\horse: 0.0000 (miou) , 0.0000 (acc) 
\motorbike: 0.0000 (miou) , 0.0000 (acc) 
\person: 0.0000 (miou) , 0.0000 (acc) 
\pottedplant: 0.2095 (miou) , 0.2168 (acc) 

curr_val_score : 0.2095
... save best ckpt :  0.20953541920612065
Model saved as checkpoints/limitdata/deeplabv3_resnet101_voc_10-1_step_6_overlap.pth
... Training Done
... Testing Best Model

Overall Acc: 0.916229
Mean Acc: 0.798801
FreqW Acc: 0.864882
Mean IoU: 0.634224
Class IoU/Acc:
\background: 0.9165 (miou) , 0.9414 (acc) 
\aeroplane: 0.8012 (miou) , 0.9548 (acc) 
\bicycle: 0.3770 (miou) , 0.8202 (acc) 
\bird: 0.8583 (miou) , 0.9516 (acc) 
\boat: 0.6148 (miou) , 0.9127 (acc) 
\bottle: 0.7317 (miou) , 0.9162 (acc) 
\bus: 0.9127 (miou) , 0.9753 (acc) 
\car: 0.8197 (miou) , 0.9215 (acc) 
\cat: 0.8932 (miou) , 0.9531 (acc) 
\chair: 0.3283 (miou) , 0.5421 (acc) 
\cow: 0.7443 (miou) , 0.8728 (acc) 
\diningtable: 0.2479 (miou) , 0.4837 (acc) 
\dog: 0.6508 (miou) , 0.8841 (acc) 
\horse: 0.3238 (miou) , 0.5359 (acc) 
\motorbike: 0.6249 (miou) , 0.8327 (acc) 
\person: 0.7808 (miou) , 0.8647 (acc) 
\pottedplant: 0.1559 (miou) , 0.2168 (acc) 

...from 0 to 10 : best/test_before_mIoU : 0.727072
...from 11 to 16 best/test_after_mIoU : 0.464003
...from 0 to 10 : best/test_before_acc : 0.887424
...from 11 to 16 best/test_after_acc : 0.636326
===================Train Info===========================
  task : 10-1
  step : 7
  Device: cuda
  opts :  Namespace(KD_loss_type='KD_loss', KD_outlogits=False, amp=True, batch_size=12, bn_freeze=True, ckpt='checkpoints/limitdata/deeplabv3_resnet101_voc_10-1_step_5_overlap.pth', contrastive_learning=False, crop_size=513, crop_val=False, curr_itrs=0, curr_step=7, cutmix=False, cutout=False, data_ratio=0.25, data_root='/home/yb/dataset/VOC/PascalVOC12/VOCdevkit/VOC2012', dataset='voc', feature_decoupling=True, freeze=True, gpu_id='2,3', lamb=1.0, loss_type='bce_loss', lr=0.01, lr_policy='poly', mem_size=0, mixup=False, model='deeplabv3_resnet101', num_classes=[1, 1, 10, 1, 1, 1, 1, 1, 1, 1], output_stride=16, overlap=True, print_interval=10, prototype_matching=False, pseudo=True, pseudo_thresh=0.7, random_seed=1, separable_conv=False, step_size=10000, task='10-1', test_only=False, train_epoch=30, unknown=True, use_KD_class_weight=False, use_KD_layer_weight=True, val_batch_size=1, val_interval=200, w_transfer=True, weight_decay=0.0001)
==============================================
... weight transfer
Model restored from checkpoints/limitdata/deeplabv3_resnet101_voc_10-1_step_6_overlap.pth
>>>num_all_file for step-train training: 299
>>>num_LD_file for step-train training: 75
>>>num_file for val: 57
Dataset: voc, Train set: 75, Val set: 57, Test set: 1449
... train epoch : 30 , iterations : 180 , val_interval : 100
Model saved as checkpoints/limitdata/deeplabv3_resnet101_voc_10-1_step_7_overlap.pth
[10-1 / step 7] Epoch 9, Itrs 50/180, Loss=1.490191, CL_loss=0.000000, KD_loss_ret=   nan, Time=1033.78 , LR=0.00746112
[10-1 / step 7] Epoch 17, Itrs 100/180, Loss=1.670938, CL_loss=0.000000, KD_loss_ret=   nan, Time=802.71 , LR=0.00481987
validation...

Overall Acc: 0.856499
Mean Acc: 0.076510
FreqW Acc: 0.845111
Mean IoU: 0.074958
Class IoU/Acc:
\background: 0.9514 (miou) , 0.9612 (acc) 
\aeroplane: 0.0000 (miou) , 0.0000 (acc) 
\bicycle: 0.0000 (miou) , 0.0000 (acc) 
\bird: 0.0000 (miou) , 0.0000 (acc) 
\boat: 0.0000 (miou) , 0.0000 (acc) 
\bottle: 0.0000 (miou) , 0.0000 (acc) 
\bus: 0.0000 (miou) , 0.0000 (acc) 
\car: 0.0000 (miou) , 0.0000 (acc) 
\cat: 0.0000 (miou) , 0.0000 (acc) 
\chair: 0.0000 (miou) , 0.0000 (acc) 
\cow: 0.0000 (miou) , 0.0000 (acc) 
\diningtable: 0.0000 (miou) , 0.0000 (acc) 
\dog: 0.0000 (miou) , 0.0000 (acc) 
\horse: 0.0000 (miou) , 0.0000 (acc) 
\motorbike: 0.0000 (miou) , 0.0000 (acc) 
\person: 0.0000 (miou) , 0.0000 (acc) 
\pottedplant: 0.0000 (miou) , 0.0000 (acc) 
\sheep: 0.3978 (miou) , 0.4160 (acc) 

curr_val_score : 0.3978
... save best ckpt :  0.3978407526636072
Model saved as checkpoints/limitdata/deeplabv3_resnet101_voc_10-1_step_7_overlap.pth
[10-1 / step 7] Epoch 25, Itrs 150/180, Loss=1.287678, CL_loss=0.000000, KD_loss_ret=   nan, Time=724.23 , LR=0.00199372
... Training Done
... Testing Best Model

Overall Acc: 0.906989
Mean Acc: 0.775077
FreqW Acc: 0.853767
Mean IoU: 0.602026
Class IoU/Acc:
\background: 0.9120 (miou) , 0.9353 (acc) 
\aeroplane: 0.7998 (miou) , 0.9557 (acc) 
\bicycle: 0.3753 (miou) , 0.8247 (acc) 
\bird: 0.8535 (miou) , 0.9486 (acc) 
\boat: 0.6113 (miou) , 0.9152 (acc) 
\bottle: 0.7311 (miou) , 0.9166 (acc) 
\bus: 0.9112 (miou) , 0.9759 (acc) 
\car: 0.8176 (miou) , 0.9228 (acc) 
\cat: 0.8911 (miou) , 0.9481 (acc) 
\chair: 0.3306 (miou) , 0.5532 (acc) 
\cow: 0.6534 (miou) , 0.8634 (acc) 
\diningtable: 0.2385 (miou) , 0.4912 (acc) 
\dog: 0.6199 (miou) , 0.8822 (acc) 
\horse: 0.2939 (miou) , 0.4763 (acc) 
\motorbike: 0.6182 (miou) , 0.8361 (acc) 
\person: 0.7793 (miou) , 0.8672 (acc) 
\pottedplant: 0.1557 (miou) , 0.2230 (acc) 
\sheep: 0.2440 (miou) , 0.4160 (acc) 

...from 0 to 10 : best/test_before_mIoU : 0.716997
...from 11 to 17 best/test_after_mIoU : 0.421357
...from 0 to 10 : best/test_before_acc : 0.887225
...from 11 to 17 best/test_after_acc : 0.598844
===================Train Info===========================
  task : 10-1
  step : 8
  Device: cuda
  opts :  Namespace(KD_loss_type='KD_loss', KD_outlogits=False, amp=True, batch_size=12, bn_freeze=True, ckpt='checkpoints/limitdata/deeplabv3_resnet101_voc_10-1_step_6_overlap.pth', contrastive_learning=False, crop_size=513, crop_val=False, curr_itrs=0, curr_step=8, cutmix=False, cutout=False, data_ratio=0.25, data_root='/home/yb/dataset/VOC/PascalVOC12/VOCdevkit/VOC2012', dataset='voc', feature_decoupling=True, freeze=True, gpu_id='2,3', lamb=1.0, loss_type='bce_loss', lr=0.01, lr_policy='poly', mem_size=0, mixup=False, model='deeplabv3_resnet101', num_classes=[1, 1, 10, 1, 1, 1, 1, 1, 1, 1, 1], output_stride=16, overlap=True, print_interval=10, prototype_matching=False, pseudo=True, pseudo_thresh=0.7, random_seed=1, separable_conv=False, step_size=10000, task='10-1', test_only=False, train_epoch=30, unknown=True, use_KD_class_weight=False, use_KD_layer_weight=True, val_batch_size=1, val_interval=200, w_transfer=True, weight_decay=0.0001)
==============================================
... weight transfer
Model restored from checkpoints/limitdata/deeplabv3_resnet101_voc_10-1_step_7_overlap.pth
>>>num_all_file for step-train training: 491
>>>num_LD_file for step-train training: 123
>>>num_file for val: 90
Dataset: voc, Train set: 123, Val set: 90, Test set: 1449
... train epoch : 30 , iterations : 300 , val_interval : 100
Model saved as checkpoints/limitdata/deeplabv3_resnet101_voc_10-1_step_8_overlap.pth
[10-1 / step 8] Epoch 5, Itrs 50/300, Loss=1.309469, CL_loss=0.000000, KD_loss_ret=   nan, Time=668.28 , LR=0.00848666
[10-1 / step 8] Epoch 10, Itrs 100/300, Loss=1.174765, CL_loss=0.000000, KD_loss_ret=   nan, Time=666.02 , LR=0.00694253
validation...

Overall Acc: 0.729138
Mean Acc: 0.067941
FreqW Acc: 0.665523
Mean IoU: 0.061088
Class IoU/Acc:
\background: 0.7354 (miou) , 0.7978 (acc) 
\aeroplane: 0.0000 (miou) , 0.0000 (acc) 
\bicycle: 0.0000 (miou) , 0.0000 (acc) 
\bird: 0.0000 (miou) , 0.0000 (acc) 
\boat: 0.0000 (miou) , 0.0000 (acc) 
\bottle: 0.0000 (miou) , 0.0000 (acc) 
\bus: 0.0000 (miou) , 0.0000 (acc) 
\car: 0.0000 (miou) , 0.0000 (acc) 
\cat: 0.0000 (miou) , 0.0000 (acc) 
\chair: 0.0000 (miou) , 0.0000 (acc) 
\cow: 0.0000 (miou) , 0.0000 (acc) 
\diningtable: 0.0000 (miou) , 0.0000 (acc) 
\dog: 0.0000 (miou) , 0.0000 (acc) 
\horse: 0.0000 (miou) , 0.0000 (acc) 
\motorbike: 0.0000 (miou) , 0.0000 (acc) 
\person: 0.0000 (miou) , 0.0000 (acc) 
\pottedplant: 0.0000 (miou) , 0.0000 (acc) 
\sheep: 0.0000 (miou) , 0.0000 (acc) 
\sofa: 0.4253 (miou) , 0.4930 (acc) 

curr_val_score : 0.4253
... save best ckpt :  0.4252504847070462
Model saved as checkpoints/limitdata/deeplabv3_resnet101_voc_10-1_step_8_overlap.pth
[10-1 / step 8] Epoch 15, Itrs 150/300, Loss=1.085197, CL_loss=0.000000, KD_loss_ret=   nan, Time=669.25 , LR=0.00535887
[10-1 / step 8] Epoch 20, Itrs 200/300, Loss=1.122265, CL_loss=0.000000, KD_loss_ret=   nan, Time=678.86 , LR=0.00372041
validation...

Overall Acc: 0.726801
Mean Acc: 0.067052
FreqW Acc: 0.664825
Mean IoU: 0.060636
Class IoU/Acc:
\background: 0.7377 (miou) , 0.8005 (acc) 
\aeroplane: 0.0000 (miou) , 0.0000 (acc) 
\bicycle: 0.0000 (miou) , 0.0000 (acc) 
\bird: 0.0000 (miou) , 0.0000 (acc) 
\boat: 0.0000 (miou) , 0.0000 (acc) 
\bottle: 0.0000 (miou) , 0.0000 (acc) 
\bus: 0.0000 (miou) , 0.0000 (acc) 
\car: 0.0000 (miou) , 0.0000 (acc) 
\cat: 0.0000 (miou) , 0.0000 (acc) 
\chair: 0.0000 (miou) , 0.0000 (acc) 
\cow: 0.0000 (miou) , 0.0000 (acc) 
\diningtable: 0.0000 (miou) , 0.0000 (acc) 
\dog: 0.0000 (miou) , 0.0000 (acc) 
\horse: 0.0000 (miou) , 0.0000 (acc) 
\motorbike: 0.0000 (miou) , 0.0000 (acc) 
\person: 0.0000 (miou) , 0.0000 (acc) 
\pottedplant: 0.0000 (miou) , 0.0000 (acc) 
\sheep: 0.0000 (miou) , 0.0000 (acc) 
\sofa: 0.4144 (miou) , 0.4735 (acc) 

curr_val_score : 0.4144
[10-1 / step 8] Epoch 25, Itrs 250/300, Loss=1.173726, CL_loss=0.000000, KD_loss_ret=   nan, Time=670.19 , LR=0.00199372
[10-1 / step 8] Epoch 30, Itrs 300/300, Loss=1.126656, CL_loss=0.000000, KD_loss_ret=   nan, Time=675.61 , LR=0.00000100
validation...

Overall Acc: 0.731510
Mean Acc: 0.068256
FreqW Acc: 0.669607
Mean IoU: 0.061620
Class IoU/Acc:
\background: 0.7387 (miou) , 0.7997 (acc) 
\aeroplane: 0.0000 (miou) , 0.0000 (acc) 
\bicycle: 0.0000 (miou) , 0.0000 (acc) 
\bird: 0.0000 (miou) , 0.0000 (acc) 
\boat: 0.0000 (miou) , 0.0000 (acc) 
\bottle: 0.0000 (miou) , 0.0000 (acc) 
\bus: 0.0000 (miou) , 0.0000 (acc) 
\car: 0.0000 (miou) , 0.0000 (acc) 
\cat: 0.0000 (miou) , 0.0000 (acc) 
\chair: 0.0000 (miou) , 0.0000 (acc) 
\cow: 0.0000 (miou) , 0.0000 (acc) 
\diningtable: 0.0000 (miou) , 0.0000 (acc) 
\dog: 0.0000 (miou) , 0.0000 (acc) 
\horse: 0.0000 (miou) , 0.0000 (acc) 
\motorbike: 0.0000 (miou) , 0.0000 (acc) 
\person: 0.0000 (miou) , 0.0000 (acc) 
\pottedplant: 0.0000 (miou) , 0.0000 (acc) 
\sheep: 0.0000 (miou) , 0.0000 (acc) 
\sofa: 0.4321 (miou) , 0.4972 (acc) 

curr_val_score : 0.4321
... save best ckpt :  0.4320692328672702
Model saved as checkpoints/limitdata/deeplabv3_resnet101_voc_10-1_step_8_overlap.pth
... Training Done
... Testing Best Model

Overall Acc: 0.891830
Mean Acc: 0.753159
FreqW Acc: 0.835029
Mean IoU: 0.581406
Class IoU/Acc:
\background: 0.8992 (miou) , 0.9249 (acc) 
\aeroplane: 0.8025 (miou) , 0.9557 (acc) 
\bicycle: 0.3764 (miou) , 0.8197 (acc) 
\bird: 0.8551 (miou) , 0.9459 (acc) 
\boat: 0.6201 (miou) , 0.9133 (acc) 
\bottle: 0.7316 (miou) , 0.9151 (acc) 
\bus: 0.9092 (miou) , 0.9783 (acc) 
\car: 0.8242 (miou) , 0.9240 (acc) 
\cat: 0.8903 (miou) , 0.9458 (acc) 
\chair: 0.2933 (miou) , 0.4793 (acc) 
\cow: 0.6534 (miou) , 0.8635 (acc) 
\diningtable: 0.2476 (miou) , 0.4700 (acc) 
\dog: 0.6181 (miou) , 0.8758 (acc) 
\horse: 0.2973 (miou) , 0.4750 (acc) 
\motorbike: 0.6206 (miou) , 0.8358 (acc) 
\person: 0.7817 (miou) , 0.8636 (acc) 
\pottedplant: 0.1574 (miou) , 0.2115 (acc) 
\sheep: 0.2504 (miou) , 0.4157 (acc) 
\sofa: 0.2183 (miou) , 0.4972 (acc) 

...from 0 to 10 : best/test_before_mIoU : 0.714109
...from 11 to 18 best/test_after_mIoU : 0.398938
...from 0 to 10 : best/test_before_acc : 0.878684
...from 11 to 18 best/test_after_acc : 0.580563
===================Train Info===========================
  task : 10-1
  step : 9
  Device: cuda
  opts :  Namespace(KD_loss_type='KD_loss', KD_outlogits=False, amp=True, batch_size=12, bn_freeze=True, ckpt='checkpoints/limitdata/deeplabv3_resnet101_voc_10-1_step_7_overlap.pth', contrastive_learning=False, crop_size=513, crop_val=False, curr_itrs=0, curr_step=9, cutmix=False, cutout=False, data_ratio=0.25, data_root='/home/yb/dataset/VOC/PascalVOC12/VOCdevkit/VOC2012', dataset='voc', feature_decoupling=True, freeze=True, gpu_id='2,3', lamb=1.0, loss_type='bce_loss', lr=0.01, lr_policy='poly', mem_size=0, mixup=False, model='deeplabv3_resnet101', num_classes=[1, 1, 10, 1, 1, 1, 1, 1, 1, 1, 1, 1], output_stride=16, overlap=True, print_interval=10, prototype_matching=False, pseudo=True, pseudo_thresh=0.7, random_seed=1, separable_conv=False, step_size=10000, task='10-1', test_only=False, train_epoch=30, unknown=True, use_KD_class_weight=False, use_KD_layer_weight=True, val_batch_size=1, val_interval=200, w_transfer=True, weight_decay=0.0001)
==============================================
... weight transfer
Model restored from checkpoints/limitdata/deeplabv3_resnet101_voc_10-1_step_8_overlap.pth
>>>num_all_file for step-train training: 500
>>>num_LD_file for step-train training: 125
>>>num_file for val: 84
Dataset: voc, Train set: 125, Val set: 84, Test set: 1449
... train epoch : 30 , iterations : 300 , val_interval : 100
Model saved as checkpoints/limitdata/deeplabv3_resnet101_voc_10-1_step_9_overlap.pth
[10-1 / step 9] Epoch 5, Itrs 50/300, Loss=1.417044, CL_loss=0.000000, KD_loss_ret=   nan, Time=682.11 , LR=0.00848666
[10-1 / step 9] Epoch 10, Itrs 100/300, Loss=1.364438, CL_loss=0.000000, KD_loss_ret=   nan, Time=674.66 , LR=0.00694253
validation...

Overall Acc: 0.882327
Mean Acc: 0.087325
FreqW Acc: 0.826273
Mean IoU: 0.080618
Class IoU/Acc:
\background: 0.8515 (miou) , 0.8937 (acc) 
\aeroplane: 0.0000 (miou) , 0.0000 (acc) 
\bicycle: 0.0000 (miou) , 0.0000 (acc) 
\bird: 0.0000 (miou) , 0.0000 (acc) 
\boat: 0.0000 (miou) , 0.0000 (acc) 
\bottle: 0.0000 (miou) , 0.0000 (acc) 
\bus: 0.0000 (miou) , 0.0000 (acc) 
\car: 0.0000 (miou) , 0.0000 (acc) 
\cat: 0.0000 (miou) , 0.0000 (acc) 
\chair: 0.0000 (miou) , 0.0000 (acc) 
\cow: 0.0000 (miou) , 0.0000 (acc) 
\diningtable: 0.0000 (miou) , 0.0000 (acc) 
\dog: 0.0000 (miou) , 0.0000 (acc) 
\horse: 0.0000 (miou) , 0.0000 (acc) 
\motorbike: 0.0000 (miou) , 0.0000 (acc) 
\person: 0.0000 (miou) , 0.0000 (acc) 
\pottedplant: 0.0000 (miou) , 0.0000 (acc) 
\sheep: 0.0000 (miou) , 0.0000 (acc) 
\sofa: 0.0000 (miou) , 0.0000 (acc) 
\train: 0.7609 (miou) , 0.8528 (acc) 

curr_val_score : 0.7609
... save best ckpt :  0.7608773850198248
Model saved as checkpoints/limitdata/deeplabv3_resnet101_voc_10-1_step_9_overlap.pth
[10-1 / step 9] Epoch 15, Itrs 150/300, Loss=1.392819, CL_loss=0.000000, KD_loss_ret=   nan, Time=677.98 , LR=0.00535887
[10-1 / step 9] Epoch 20, Itrs 200/300, Loss=1.418309, CL_loss=0.000000, KD_loss_ret=   nan, Time=680.98 , LR=0.00372041
validation...

Overall Acc: 0.886991
Mean Acc: 0.087780
FreqW Acc: 0.831696
Mean IoU: 0.081233
Class IoU/Acc:
\background: 0.8560 (miou) , 0.8985 (acc) 
\aeroplane: 0.0000 (miou) , 0.0000 (acc) 
\bicycle: 0.0000 (miou) , 0.0000 (acc) 
\bird: 0.0000 (miou) , 0.0000 (acc) 
\boat: 0.0000 (miou) , 0.0000 (acc) 
\bottle: 0.0000 (miou) , 0.0000 (acc) 
\bus: 0.0000 (miou) , 0.0000 (acc) 
\car: 0.0000 (miou) , 0.0000 (acc) 
\cat: 0.0000 (miou) , 0.0000 (acc) 
\chair: 0.0000 (miou) , 0.0000 (acc) 
\cow: 0.0000 (miou) , 0.0000 (acc) 
\diningtable: 0.0000 (miou) , 0.0000 (acc) 
\dog: 0.0000 (miou) , 0.0000 (acc) 
\horse: 0.0000 (miou) , 0.0000 (acc) 
\motorbike: 0.0000 (miou) , 0.0000 (acc) 
\person: 0.0000 (miou) , 0.0000 (acc) 
\pottedplant: 0.0000 (miou) , 0.0000 (acc) 
\sheep: 0.0000 (miou) , 0.0000 (acc) 
\sofa: 0.0000 (miou) , 0.0000 (acc) 
\train: 0.7687 (miou) , 0.8571 (acc) 

curr_val_score : 0.7687
... save best ckpt :  0.7686658139789114
Model saved as checkpoints/limitdata/deeplabv3_resnet101_voc_10-1_step_9_overlap.pth
[10-1 / step 9] Epoch 25, Itrs 250/300, Loss=1.428378, CL_loss=0.000000, KD_loss_ret=   nan, Time=685.03 , LR=0.00199372
[10-1 / step 9] Epoch 30, Itrs 300/300, Loss=1.489209, CL_loss=0.000000, KD_loss_ret=   nan, Time=677.53 , LR=0.00000100
validation...

Overall Acc: 0.886357
Mean Acc: 0.087524
FreqW Acc: 0.832618
Mean IoU: 0.081333
Class IoU/Acc:
\background: 0.8568 (miou) , 0.9003 (acc) 
\aeroplane: 0.0000 (miou) , 0.0000 (acc) 
\bicycle: 0.0000 (miou) , 0.0000 (acc) 
\bird: 0.0000 (miou) , 0.0000 (acc) 
\boat: 0.0000 (miou) , 0.0000 (acc) 
\bottle: 0.0000 (miou) , 0.0000 (acc) 
\bus: 0.0000 (miou) , 0.0000 (acc) 
\car: 0.0000 (miou) , 0.0000 (acc) 
\cat: 0.0000 (miou) , 0.0000 (acc) 
\chair: 0.0000 (miou) , 0.0000 (acc) 
\cow: 0.0000 (miou) , 0.0000 (acc) 
\diningtable: 0.0000 (miou) , 0.0000 (acc) 
\dog: 0.0000 (miou) , 0.0000 (acc) 
\horse: 0.0000 (miou) , 0.0000 (acc) 
\motorbike: 0.0000 (miou) , 0.0000 (acc) 
\person: 0.0000 (miou) , 0.0000 (acc) 
\pottedplant: 0.0000 (miou) , 0.0000 (acc) 
\sheep: 0.0000 (miou) , 0.0000 (acc) 
\sofa: 0.0000 (miou) , 0.0000 (acc) 
\train: 0.7699 (miou) , 0.8502 (acc) 

curr_val_score : 0.7699
... save best ckpt :  0.7698573632203651
Model saved as checkpoints/limitdata/deeplabv3_resnet101_voc_10-1_step_9_overlap.pth
... Training Done
... Testing Best Model

Overall Acc: 0.874213
Mean Acc: 0.751158
FreqW Acc: 0.812705
Mean IoU: 0.569632
Class IoU/Acc:
\background: 0.8796 (miou) , 0.9042 (acc) 
\aeroplane: 0.7979 (miou) , 0.9504 (acc) 
\bicycle: 0.3792 (miou) , 0.8195 (acc) 
\bird: 0.8533 (miou) , 0.9481 (acc) 
\boat: 0.6155 (miou) , 0.9002 (acc) 
\bottle: 0.7324 (miou) , 0.9116 (acc) 
\bus: 0.8747 (miou) , 0.9120 (acc) 
\car: 0.8281 (miou) , 0.9143 (acc) 
\cat: 0.8897 (miou) , 0.9461 (acc) 
\chair: 0.2932 (miou) , 0.4798 (acc) 
\cow: 0.6533 (miou) , 0.8635 (acc) 
\diningtable: 0.2498 (miou) , 0.4867 (acc) 
\dog: 0.6228 (miou) , 0.8745 (acc) 
\horse: 0.3083 (miou) , 0.4690 (acc) 
\motorbike: 0.6482 (miou) , 0.8152 (acc) 
\person: 0.7822 (miou) , 0.8651 (acc) 
\pottedplant: 0.1599 (miou) , 0.2101 (acc) 
\sheep: 0.2587 (miou) , 0.4166 (acc) 
\sofa: 0.2156 (miou) , 0.4861 (acc) 
\train: 0.3503 (miou) , 0.8502 (acc) 

...from 0 to 10 : best/test_before_mIoU : 0.708813
...from 11 to 19 best/test_after_mIoU : 0.399522
...from 0 to 10 : best/test_before_acc : 0.868159
...from 11 to 19 best/test_after_acc : 0.608157
===================Train Info===========================
  task : 10-1
  step : 10
  Device: cuda
  opts :  Namespace(KD_loss_type='KD_loss', KD_outlogits=False, amp=True, batch_size=12, bn_freeze=True, ckpt='checkpoints/limitdata/deeplabv3_resnet101_voc_10-1_step_8_overlap.pth', contrastive_learning=False, crop_size=513, crop_val=False, curr_itrs=0, curr_step=10, cutmix=False, cutout=False, data_ratio=0.25, data_root='/home/yb/dataset/VOC/PascalVOC12/VOCdevkit/VOC2012', dataset='voc', feature_decoupling=True, freeze=True, gpu_id='2,3', lamb=1.0, loss_type='bce_loss', lr=0.01, lr_policy='poly', mem_size=0, mixup=False, model='deeplabv3_resnet101', num_classes=[1, 1, 10, 1, 1, 1, 1, 1, 1, 1, 1, 1, 1], output_stride=16, overlap=True, print_interval=10, prototype_matching=False, pseudo=True, pseudo_thresh=0.7, random_seed=1, separable_conv=False, step_size=10000, task='10-1', test_only=False, train_epoch=30, unknown=True, use_KD_class_weight=False, use_KD_layer_weight=True, val_batch_size=1, val_interval=200, w_transfer=True, weight_decay=0.0001)
==============================================
... weight transfer
Model restored from checkpoints/limitdata/deeplabv3_resnet101_voc_10-1_step_9_overlap.pth
>>>num_all_file for step-train training: 548
>>>num_LD_file for step-train training: 137
>>>num_file for val: 74
Dataset: voc, Train set: 137, Val set: 74, Test set: 1449
... train epoch : 30 , iterations : 330 , val_interval : 100
Model saved as checkpoints/limitdata/deeplabv3_resnet101_voc_10-1_step_10_overlap.pth
[10-1 / step 10] Epoch 5, Itrs 50/330, Loss=1.722156, CL_loss=0.000000, KD_loss_ret=   nan, Time=753.42 , LR=0.00862541
[10-1 / step 10] Epoch 10, Itrs 100/330, Loss=0.964631, CL_loss=0.000000, KD_loss_ret=   nan, Time=1671.80 , LR=0.00722591
validation...

Overall Acc: 0.665660
Mean Acc: 0.038331
FreqW Acc: 0.653135
Mean IoU: 0.037634
Class IoU/Acc:
\background: 0.7498 (miou) , 0.7643 (acc) 
\aeroplane: 0.0000 (miou) , 0.0000 (acc) 
\bicycle: 0.0000 (miou) , 0.0000 (acc) 
\bird: 0.0000 (miou) , 0.0000 (acc) 
\boat: 0.0000 (miou) , 0.0000 (acc) 
\bottle: 0.0000 (miou) , 0.0000 (acc) 
\bus: 0.0000 (miou) , 0.0000 (acc) 
\car: 0.0000 (miou) , 0.0000 (acc) 
\cat: 0.0000 (miou) , 0.0000 (acc) 
\chair: 0.0000 (miou) , 0.0000 (acc) 
\cow: 0.0000 (miou) , 0.0000 (acc) 
\diningtable: 0.0000 (miou) , 0.0000 (acc) 
\dog: 0.0000 (miou) , 0.0000 (acc) 
\horse: 0.0000 (miou) , 0.0000 (acc) 
\motorbike: 0.0000 (miou) , 0.0000 (acc) 
\person: 0.0000 (miou) , 0.0000 (acc) 
\pottedplant: 0.0000 (miou) , 0.0000 (acc) 
\sheep: 0.0000 (miou) , 0.0000 (acc) 
\sofa: 0.0000 (miou) , 0.0000 (acc) 
\train: 0.0000 (miou) , 0.0000 (acc) 
\tvmonitor: 0.0405 (miou) , 0.0406 (acc) 

curr_val_score : 0.0405
... save best ckpt :  0.04046157019055423
Model saved as checkpoints/limitdata/deeplabv3_resnet101_voc_10-1_step_10_overlap.pth
[10-1 / step 10] Epoch 14, Itrs 150/330, Loss=1.589448, CL_loss=0.000000, KD_loss_ret=   nan, Time=730.70 , LR=0.00579539
[10-1 / step 10] Epoch 19, Itrs 200/330, Loss=1.715037, CL_loss=0.000000, KD_loss_ret=   nan, Time=1153.21 , LR=0.00432401
validation...

Overall Acc: 0.667176
Mean Acc: 0.038488
FreqW Acc: 0.654732
Mean IoU: 0.037793
Class IoU/Acc:
\background: 0.7514 (miou) , 0.7658 (acc) 
\aeroplane: 0.0000 (miou) , 0.0000 (acc) 
\bicycle: 0.0000 (miou) , 0.0000 (acc) 
\bird: 0.0000 (miou) , 0.0000 (acc) 
\boat: 0.0000 (miou) , 0.0000 (acc) 
\bottle: 0.0000 (miou) , 0.0000 (acc) 
\bus: 0.0000 (miou) , 0.0000 (acc) 
\car: 0.0000 (miou) , 0.0000 (acc) 
\cat: 0.0000 (miou) , 0.0000 (acc) 
\chair: 0.0000 (miou) , 0.0000 (acc) 
\cow: 0.0000 (miou) , 0.0000 (acc) 
\diningtable: 0.0000 (miou) , 0.0000 (acc) 
\dog: 0.0000 (miou) , 0.0000 (acc) 
\horse: 0.0000 (miou) , 0.0000 (acc) 
\motorbike: 0.0000 (miou) , 0.0000 (acc) 
\person: 0.0000 (miou) , 0.0000 (acc) 
\pottedplant: 0.0000 (miou) , 0.0000 (acc) 
\sheep: 0.0000 (miou) , 0.0000 (acc) 
\sofa: 0.0000 (miou) , 0.0000 (acc) 
\train: 0.0000 (miou) , 0.0000 (acc) 
\tvmonitor: 0.0422 (miou) , 0.0425 (acc) 

curr_val_score : 0.0422
... save best ckpt :  0.04224003647702146
Model saved as checkpoints/limitdata/deeplabv3_resnet101_voc_10-1_step_10_overlap.pth
[10-1 / step 10] Epoch 23, Itrs 250/330, Loss=1.666011, CL_loss=0.000000, KD_loss_ret=   nan, Time=710.95 , LR=0.00279331
[10-1 / step 10] Epoch 28, Itrs 300/330, Loss=1.759062, CL_loss=0.000000, KD_loss_ret=   nan, Time=955.83 , LR=0.00115544
validation...

Overall Acc: 0.676554
Mean Acc: 0.041952
FreqW Acc: 0.664262
Mean IoU: 0.041231
Class IoU/Acc:
\background: 0.7510 (miou) , 0.7650 (acc) 
\aeroplane: 0.0000 (miou) , 0.0000 (acc) 
\bicycle: 0.0000 (miou) , 0.0000 (acc) 
\bird: 0.0000 (miou) , 0.0000 (acc) 
\boat: 0.0000 (miou) , 0.0000 (acc) 
\bottle: 0.0000 (miou) , 0.0000 (acc) 
\bus: 0.0000 (miou) , 0.0000 (acc) 
\car: 0.0000 (miou) , 0.0000 (acc) 
\cat: 0.0000 (miou) , 0.0000 (acc) 
\chair: 0.0000 (miou) , 0.0000 (acc) 
\cow: 0.0000 (miou) , 0.0000 (acc) 
\diningtable: 0.0000 (miou) , 0.0000 (acc) 
\dog: 0.0000 (miou) , 0.0000 (acc) 
\horse: 0.0000 (miou) , 0.0000 (acc) 
\motorbike: 0.0000 (miou) , 0.0000 (acc) 
\person: 0.0000 (miou) , 0.0000 (acc) 
\pottedplant: 0.0000 (miou) , 0.0000 (acc) 
\sheep: 0.0000 (miou) , 0.0000 (acc) 
\sofa: 0.0000 (miou) , 0.0000 (acc) 
\train: 0.0000 (miou) , 0.0000 (acc) 
\tvmonitor: 0.1149 (miou) , 0.1159 (acc) 

curr_val_score : 0.1149
... save best ckpt :  0.11487923564464521
Model saved as checkpoints/limitdata/deeplabv3_resnet101_voc_10-1_step_10_overlap.pth
... Training Done
... Testing Best Model

Overall Acc: 0.866569
Mean Acc: 0.717380
FreqW Acc: 0.803522
Mean IoU: 0.543411
Class IoU/Acc:
\background: 0.8754 (miou) , 0.9027 (acc) 
\aeroplane: 0.7982 (miou) , 0.9502 (acc) 
\bicycle: 0.3777 (miou) , 0.8187 (acc) 
\bird: 0.8531 (miou) , 0.9477 (acc) 
\boat: 0.6161 (miou) , 0.8997 (acc) 
\bottle: 0.7317 (miou) , 0.9119 (acc) 
\bus: 0.8745 (miou) , 0.9120 (acc) 
\car: 0.8289 (miou) , 0.9143 (acc) 
\cat: 0.8899 (miou) , 0.9460 (acc) 
\chair: 0.2883 (miou) , 0.4676 (acc) 
\cow: 0.6533 (miou) , 0.8636 (acc) 
\diningtable: 0.2454 (miou) , 0.4616 (acc) 
\dog: 0.6231 (miou) , 0.8739 (acc) 
\horse: 0.3090 (miou) , 0.4685 (acc) 
\motorbike: 0.6481 (miou) , 0.8141 (acc) 
\person: 0.7813 (miou) , 0.8603 (acc) 
\pottedplant: 0.1599 (miou) , 0.2096 (acc) 
\sheep: 0.2590 (miou) , 0.4163 (acc) 
\sofa: 0.2142 (miou) , 0.4606 (acc) 
\train: 0.3086 (miou) , 0.8497 (acc) 
\tvmonitor: 0.0759 (miou) , 0.1159 (acc) 

...from 0 to 10 : best/test_before_mIoU : 0.707909
...from 11 to 20 best/test_after_mIoU : 0.362462
...from 0 to 10 : best/test_before_acc : 0.866766
...from 11 to 20 best/test_after_acc : 0.553054
